<testsuites id="" name="" tests="120" failures="0" skipped="0" errors="0" time="44.38346">
<testsuite name="basic.test.ts" timestamp="2025-07-01T02:10:44.524Z" hostname="chromium" tests="6" failures="0" skipped="0" time="6.238" errors="0">
<testcase name="KineticSlider Basic Functionality › should load the application" classname="basic.test.ts" time="0.718">
</testcase>
<testcase name="KineticSlider Basic Functionality › should have proper meta tags for SEO" classname="basic.test.ts" time="0.702">
</testcase>
<testcase name="KineticSlider Basic Functionality › should be accessible" classname="basic.test.ts" time="0.898">
</testcase>
<testcase name="KineticSlider Basic Functionality › should handle keyboard navigation" classname="basic.test.ts" time="0.762">
</testcase>
<testcase name="KineticSlider Basic Functionality › should be responsive" classname="basic.test.ts" time="2.467">
</testcase>
<testcase name="KineticSlider Basic Functionality › should display image meta title" classname="basic.test.ts" time="0.691">
</testcase>
</testsuite>
<testsuite name="slider-foundation.test.ts" timestamp="2025-07-01T02:10:44.524Z" hostname="chromium" tests="14" failures="0" skipped="0" time="14.78" errors="0">
<testcase name="KineticSlider Foundation › Page Foundation › should load without JavaScript errors" classname="slider-foundation.test.ts" time="5.914">
</testcase>
<testcase name="KineticSlider Foundation › Page Foundation › should have proper HTML structure for slider container" classname="slider-foundation.test.ts" time="0.676">
</testcase>
<testcase name="KineticSlider Foundation › Page Foundation › should support modern browser APIs needed for slider" classname="slider-foundation.test.ts" time="0.654">
</testcase>
<testcase name="KineticSlider Foundation › Accessibility Foundation › should have proper accessibility structure" classname="slider-foundation.test.ts" time="0.66">
</testcase>
<testcase name="KineticSlider Foundation › Accessibility Foundation › should support keyboard navigation" classname="slider-foundation.test.ts" time="0.667">
</testcase>
<testcase name="KineticSlider Foundation › Accessibility Foundation › should have proper color contrast" classname="slider-foundation.test.ts" time="0.649">
</testcase>
<testcase name="KineticSlider Foundation › Performance Foundation › should meet performance budgets" classname="slider-foundation.test.ts" time="0.648">
</testcase>
<testcase name="KineticSlider Foundation › Performance Foundation › should have efficient memory usage" classname="slider-foundation.test.ts" time="0.668">
</testcase>
<testcase name="KineticSlider Foundation › Slider Preparation › should support touch events for mobile slider" classname="slider-foundation.test.ts" time="0.666">
</testcase>
<testcase name="KineticSlider Foundation › Slider Preparation › should handle viewport changes for responsive slider" classname="slider-foundation.test.ts" time="0.897">
</testcase>
<testcase name="KineticSlider Foundation › Slider Preparation › should be ready for image loading requirements" classname="slider-foundation.test.ts" time="0.665">
</testcase>
<testcase name="KineticSlider Foundation › Future Slider Infrastructure › should support animation requirements" classname="slider-foundation.test.ts" time="0.662">
</testcase>
<testcase name="KineticSlider Foundation › Future Slider Infrastructure › should support drag and drop for slider interaction" classname="slider-foundation.test.ts" time="0.685">
</testcase>
<testcase name="KineticSlider Foundation › Future Slider Infrastructure › should prepare for GSAP and PIXI integration" classname="slider-foundation.test.ts" time="0.669">
</testcase>
</testsuite>
<testsuite name="basic.test.ts" timestamp="2025-07-01T02:10:44.524Z" hostname="firefox" tests="6" failures="0" skipped="0" time="11.958" errors="0">
<testcase name="KineticSlider Basic Functionality › should load the application" classname="basic.test.ts" time="1.661">
</testcase>
<testcase name="KineticSlider Basic Functionality › should have proper meta tags for SEO" classname="basic.test.ts" time="1.759">
</testcase>
<testcase name="KineticSlider Basic Functionality › should be accessible" classname="basic.test.ts" time="1.885">
</testcase>
<testcase name="KineticSlider Basic Functionality › should handle keyboard navigation" classname="basic.test.ts" time="1.884">
</testcase>
<testcase name="KineticSlider Basic Functionality › should be responsive" classname="basic.test.ts" time="2.857">
</testcase>
<testcase name="KineticSlider Basic Functionality › should display image meta title" classname="basic.test.ts" time="1.912">
</testcase>
</testsuite>
<testsuite name="slider-foundation.test.ts" timestamp="2025-07-01T02:10:44.524Z" hostname="firefox" tests="14" failures="0" skipped="0" time="19.755" errors="0">
<testcase name="KineticSlider Foundation › Page Foundation › should load without JavaScript errors" classname="slider-foundation.test.ts" time="7.125">
</testcase>
<testcase name="KineticSlider Foundation › Page Foundation › should have proper HTML structure for slider container" classname="slider-foundation.test.ts" time="0.926">
</testcase>
<testcase name="KineticSlider Foundation › Page Foundation › should support modern browser APIs needed for slider" classname="slider-foundation.test.ts" time="1.054">
</testcase>
<testcase name="KineticSlider Foundation › Accessibility Foundation › should have proper accessibility structure" classname="slider-foundation.test.ts" time="0.922">
</testcase>
<testcase name="KineticSlider Foundation › Accessibility Foundation › should support keyboard navigation" classname="slider-foundation.test.ts" time="1.02">
</testcase>
<testcase name="KineticSlider Foundation › Accessibility Foundation › should have proper color contrast" classname="slider-foundation.test.ts" time="0.929">
</testcase>
<testcase name="KineticSlider Foundation › Performance Foundation › should meet performance budgets" classname="slider-foundation.test.ts" time="1.096">
</testcase>
<testcase name="KineticSlider Foundation › Performance Foundation › should have efficient memory usage" classname="slider-foundation.test.ts" time="1.011">
</testcase>
<testcase name="KineticSlider Foundation › Slider Preparation › should support touch events for mobile slider" classname="slider-foundation.test.ts" time="1.016">
</testcase>
<testcase name="KineticSlider Foundation › Slider Preparation › should handle viewport changes for responsive slider" classname="slider-foundation.test.ts" time="1.135">
</testcase>
<testcase name="KineticSlider Foundation › Slider Preparation › should be ready for image loading requirements" classname="slider-foundation.test.ts" time="0.796">
</testcase>
<testcase name="KineticSlider Foundation › Future Slider Infrastructure › should support animation requirements" classname="slider-foundation.test.ts" time="0.814">
</testcase>
<testcase name="KineticSlider Foundation › Future Slider Infrastructure › should support drag and drop for slider interaction" classname="slider-foundation.test.ts" time="1.064">
</testcase>
<testcase name="KineticSlider Foundation › Future Slider Infrastructure › should prepare for GSAP and PIXI integration" classname="slider-foundation.test.ts" time="0.847">
</testcase>
</testsuite>
<testsuite name="basic.test.ts" timestamp="2025-07-01T02:10:44.524Z" hostname="webkit" tests="6" failures="0" skipped="0" time="11.773" errors="0">
<testcase name="KineticSlider Basic Functionality › should load the application" classname="basic.test.ts" time="2.078">
</testcase>
<testcase name="KineticSlider Basic Functionality › should have proper meta tags for SEO" classname="basic.test.ts" time="1.948">
</testcase>
<testcase name="KineticSlider Basic Functionality › should be accessible" classname="basic.test.ts" time="1.65">
</testcase>
<testcase name="KineticSlider Basic Functionality › should handle keyboard navigation" classname="basic.test.ts" time="1.706">
</testcase>
<testcase name="KineticSlider Basic Functionality › should be responsive" classname="basic.test.ts" time="3.148">
</testcase>
<testcase name="KineticSlider Basic Functionality › should display image meta title" classname="basic.test.ts" time="1.243">
</testcase>
</testsuite>
<testsuite name="slider-foundation.test.ts" timestamp="2025-07-01T02:10:44.524Z" hostname="webkit" tests="14" failures="0" skipped="0" time="19.877" errors="0">
<testcase name="KineticSlider Foundation › Page Foundation › should load without JavaScript errors" classname="slider-foundation.test.ts" time="6.21">
</testcase>
<testcase name="KineticSlider Foundation › Page Foundation › should have proper HTML structure for slider container" classname="slider-foundation.test.ts" time="1.162">
</testcase>
<testcase name="KineticSlider Foundation › Page Foundation › should support modern browser APIs needed for slider" classname="slider-foundation.test.ts" time="1.178">
</testcase>
<testcase name="KineticSlider Foundation › Accessibility Foundation › should have proper accessibility structure" classname="slider-foundation.test.ts" time="1.056">
</testcase>
<testcase name="KineticSlider Foundation › Accessibility Foundation › should support keyboard navigation" classname="slider-foundation.test.ts" time="0.999">
</testcase>
<testcase name="KineticSlider Foundation › Accessibility Foundation › should have proper color contrast" classname="slider-foundation.test.ts" time="0.99">
</testcase>
<testcase name="KineticSlider Foundation › Performance Foundation › should meet performance budgets" classname="slider-foundation.test.ts" time="1">
</testcase>
<testcase name="KineticSlider Foundation › Performance Foundation › should have efficient memory usage" classname="slider-foundation.test.ts" time="0.971">
</testcase>
<testcase name="KineticSlider Foundation › Slider Preparation › should support touch events for mobile slider" classname="slider-foundation.test.ts" time="1.03">
</testcase>
<testcase name="KineticSlider Foundation › Slider Preparation › should handle viewport changes for responsive slider" classname="slider-foundation.test.ts" time="1.222">
</testcase>
<testcase name="KineticSlider Foundation › Slider Preparation › should be ready for image loading requirements" classname="slider-foundation.test.ts" time="0.954">
</testcase>
<testcase name="KineticSlider Foundation › Future Slider Infrastructure › should support animation requirements" classname="slider-foundation.test.ts" time="1">
</testcase>
<testcase name="KineticSlider Foundation › Future Slider Infrastructure › should support drag and drop for slider interaction" classname="slider-foundation.test.ts" time="1.041">
</testcase>
<testcase name="KineticSlider Foundation › Future Slider Infrastructure › should prepare for GSAP and PIXI integration" classname="slider-foundation.test.ts" time="1.064">
</testcase>
</testsuite>
<testsuite name="basic.test.ts" timestamp="2025-07-01T02:10:44.524Z" hostname="Mobile Chrome" tests="6" failures="0" skipped="0" time="7.124" errors="0">
<testcase name="KineticSlider Basic Functionality › should load the application" classname="basic.test.ts" time="1.029">
</testcase>
<testcase name="KineticSlider Basic Functionality › should have proper meta tags for SEO" classname="basic.test.ts" time="0.798">
</testcase>
<testcase name="KineticSlider Basic Functionality › should be accessible" classname="basic.test.ts" time="0.918">
</testcase>
<testcase name="KineticSlider Basic Functionality › should handle keyboard navigation" classname="basic.test.ts" time="0.838">
</testcase>
<testcase name="KineticSlider Basic Functionality › should be responsive" classname="basic.test.ts" time="2.728">
</testcase>
<testcase name="KineticSlider Basic Functionality › should display image meta title" classname="basic.test.ts" time="0.813">
</testcase>
</testsuite>
<testsuite name="slider-foundation.test.ts" timestamp="2025-07-01T02:10:44.524Z" hostname="Mobile Chrome" tests="14" failures="0" skipped="0" time="15.935" errors="0">
<testcase name="KineticSlider Foundation › Page Foundation › should load without JavaScript errors" classname="slider-foundation.test.ts" time="5.897">
</testcase>
<testcase name="KineticSlider Foundation › Page Foundation › should have proper HTML structure for slider container" classname="slider-foundation.test.ts" time="0.765">
</testcase>
<testcase name="KineticSlider Foundation › Page Foundation › should support modern browser APIs needed for slider" classname="slider-foundation.test.ts" time="0.774">
</testcase>
<testcase name="KineticSlider Foundation › Accessibility Foundation › should have proper accessibility structure" classname="slider-foundation.test.ts" time="0.757">
</testcase>
<testcase name="KineticSlider Foundation › Accessibility Foundation › should support keyboard navigation" classname="slider-foundation.test.ts" time="0.767">
</testcase>
<testcase name="KineticSlider Foundation › Accessibility Foundation › should have proper color contrast" classname="slider-foundation.test.ts" time="0.771">
</testcase>
<testcase name="KineticSlider Foundation › Performance Foundation › should meet performance budgets" classname="slider-foundation.test.ts" time="0.749">
</testcase>
<testcase name="KineticSlider Foundation › Performance Foundation › should have efficient memory usage" classname="slider-foundation.test.ts" time="0.757">
</testcase>
<testcase name="KineticSlider Foundation › Slider Preparation › should support touch events for mobile slider" classname="slider-foundation.test.ts" time="0.756">
</testcase>
<testcase name="KineticSlider Foundation › Slider Preparation › should handle viewport changes for responsive slider" classname="slider-foundation.test.ts" time="0.949">
</testcase>
<testcase name="KineticSlider Foundation › Slider Preparation › should be ready for image loading requirements" classname="slider-foundation.test.ts" time="0.762">
</testcase>
<testcase name="KineticSlider Foundation › Future Slider Infrastructure › should support animation requirements" classname="slider-foundation.test.ts" time="0.759">
</testcase>
<testcase name="KineticSlider Foundation › Future Slider Infrastructure › should support drag and drop for slider interaction" classname="slider-foundation.test.ts" time="0.732">
</testcase>
<testcase name="KineticSlider Foundation › Future Slider Infrastructure › should prepare for GSAP and PIXI integration" classname="slider-foundation.test.ts" time="0.74">
</testcase>
</testsuite>
<testsuite name="basic.test.ts" timestamp="2025-07-01T02:10:44.524Z" hostname="Mobile Safari" tests="6" failures="0" skipped="0" time="11.015" errors="0">
<testcase name="KineticSlider Basic Functionality › should load the application" classname="basic.test.ts" time="1.704">
</testcase>
<testcase name="KineticSlider Basic Functionality › should have proper meta tags for SEO" classname="basic.test.ts" time="1.748">
</testcase>
<testcase name="KineticSlider Basic Functionality › should be accessible" classname="basic.test.ts" time="1.687">
</testcase>
<testcase name="KineticSlider Basic Functionality › should handle keyboard navigation" classname="basic.test.ts" time="1.57">
</testcase>
<testcase name="KineticSlider Basic Functionality › should be responsive" classname="basic.test.ts" time="2.988">
</testcase>
<testcase name="KineticSlider Basic Functionality › should display image meta title" classname="basic.test.ts" time="1.318">
</testcase>
</testsuite>
<testsuite name="slider-foundation.test.ts" timestamp="2025-07-01T02:10:44.524Z" hostname="Mobile Safari" tests="14" failures="0" skipped="0" time="19.317" errors="0">
<testcase name="KineticSlider Foundation › Page Foundation › should load without JavaScript errors" classname="slider-foundation.test.ts" time="6.885">
</testcase>
<testcase name="KineticSlider Foundation › Page Foundation › should have proper HTML structure for slider container" classname="slider-foundation.test.ts" time="0.974">
</testcase>
<testcase name="KineticSlider Foundation › Page Foundation › should support modern browser APIs needed for slider" classname="slider-foundation.test.ts" time="0.982">
</testcase>
<testcase name="KineticSlider Foundation › Accessibility Foundation › should have proper accessibility structure" classname="slider-foundation.test.ts" time="1.013">
</testcase>
<testcase name="KineticSlider Foundation › Accessibility Foundation › should support keyboard navigation" classname="slider-foundation.test.ts" time="1.03">
</testcase>
<testcase name="KineticSlider Foundation › Accessibility Foundation › should have proper color contrast" classname="slider-foundation.test.ts" time="0.908">
</testcase>
<testcase name="KineticSlider Foundation › Performance Foundation › should meet performance budgets" classname="slider-foundation.test.ts" time="0.887">
</testcase>
<testcase name="KineticSlider Foundation › Performance Foundation › should have efficient memory usage" classname="slider-foundation.test.ts" time="0.926">
</testcase>
<testcase name="KineticSlider Foundation › Slider Preparation › should support touch events for mobile slider" classname="slider-foundation.test.ts" time="0.845">
</testcase>
<testcase name="KineticSlider Foundation › Slider Preparation › should handle viewport changes for responsive slider" classname="slider-foundation.test.ts" time="1.096">
</testcase>
<testcase name="KineticSlider Foundation › Slider Preparation › should be ready for image loading requirements" classname="slider-foundation.test.ts" time="0.893">
</testcase>
<testcase name="KineticSlider Foundation › Future Slider Infrastructure › should support animation requirements" classname="slider-foundation.test.ts" time="0.966">
</testcase>
<testcase name="KineticSlider Foundation › Future Slider Infrastructure › should support drag and drop for slider interaction" classname="slider-foundation.test.ts" time="0.953">
</testcase>
<testcase name="KineticSlider Foundation › Future Slider Infrastructure › should prepare for GSAP and PIXI integration" classname="slider-foundation.test.ts" time="0.959">
</testcase>
</testsuite>
<testsuite name="basic.test.ts" timestamp="2025-07-01T02:10:44.524Z" hostname="Google Chrome" tests="6" failures="0" skipped="0" time="9.829" errors="0">
<testcase name="KineticSlider Basic Functionality › should load the application" classname="basic.test.ts" time="1.442">
</testcase>
<testcase name="KineticSlider Basic Functionality › should have proper meta tags for SEO" classname="basic.test.ts" time="1.679">
</testcase>
<testcase name="KineticSlider Basic Functionality › should be accessible" classname="basic.test.ts" time="1.682">
</testcase>
<testcase name="KineticSlider Basic Functionality › should handle keyboard navigation" classname="basic.test.ts" time="1.399">
</testcase>
<testcase name="KineticSlider Basic Functionality › should be responsive" classname="basic.test.ts" time="2.654">
</testcase>
<testcase name="KineticSlider Basic Functionality › should display image meta title" classname="basic.test.ts" time="0.973">
</testcase>
</testsuite>
<testsuite name="slider-foundation.test.ts" timestamp="2025-07-01T02:10:44.524Z" hostname="Google Chrome" tests="14" failures="0" skipped="0" time="18.036" errors="0">
<testcase name="KineticSlider Foundation › Page Foundation › should load without JavaScript errors" classname="slider-foundation.test.ts" time="6.232">
</testcase>
<testcase name="KineticSlider Foundation › Page Foundation › should have proper HTML structure for slider container" classname="slider-foundation.test.ts" time="1.091">
</testcase>
<testcase name="KineticSlider Foundation › Page Foundation › should support modern browser APIs needed for slider" classname="slider-foundation.test.ts" time="1.054">
</testcase>
<testcase name="KineticSlider Foundation › Accessibility Foundation › should have proper accessibility structure" classname="slider-foundation.test.ts" time="0.83">
</testcase>
<testcase name="KineticSlider Foundation › Accessibility Foundation › should support keyboard navigation" classname="slider-foundation.test.ts" time="0.836">
</testcase>
<testcase name="KineticSlider Foundation › Accessibility Foundation › should have proper color contrast" classname="slider-foundation.test.ts" time="0.859">
</testcase>
<testcase name="KineticSlider Foundation › Performance Foundation › should meet performance budgets" classname="slider-foundation.test.ts" time="0.835">
</testcase>
<testcase name="KineticSlider Foundation › Performance Foundation › should have efficient memory usage" classname="slider-foundation.test.ts" time="0.848">
</testcase>
<testcase name="KineticSlider Foundation › Slider Preparation › should support touch events for mobile slider" classname="slider-foundation.test.ts" time="0.839">
</testcase>
<testcase name="KineticSlider Foundation › Slider Preparation › should handle viewport changes for responsive slider" classname="slider-foundation.test.ts" time="1.045">
</testcase>
<testcase name="KineticSlider Foundation › Slider Preparation › should be ready for image loading requirements" classname="slider-foundation.test.ts" time="0.849">
</testcase>
<testcase name="KineticSlider Foundation › Future Slider Infrastructure › should support animation requirements" classname="slider-foundation.test.ts" time="0.912">
</testcase>
<testcase name="KineticSlider Foundation › Future Slider Infrastructure › should support drag and drop for slider interaction" classname="slider-foundation.test.ts" time="0.969">
</testcase>
<testcase name="KineticSlider Foundation › Future Slider Infrastructure › should prepare for GSAP and PIXI integration" classname="slider-foundation.test.ts" time="0.837">
</testcase>
</testsuite>
</testsuites>