<?xml version="1.0" encoding="UTF-8" ?>
<testsuites name="vitest tests" tests="478" failures="0" errors="0" time="4.34510921">
    <testsuite name="src/__tests__/placeholder.test.ts" timestamp="2025-07-02T02:41:39.919Z" hostname="MacBookPro.lan" tests="4" failures="0" errors="0" skipped="0" time="0.00266375">
        <testcase classname="src/__tests__/placeholder.test.ts" name="Development Infrastructure &gt; should load core constants" time="0.000709583">
        </testcase>
        <testcase classname="src/__tests__/placeholder.test.ts" name="Development Infrastructure &gt; should have test runner configured" time="0.00016875">
        </testcase>
        <testcase classname="src/__tests__/placeholder.test.ts" name="Development Infrastructure &gt; should be able to import dependencies" time="0.000464625">
        </testcase>
        <testcase classname="src/__tests__/placeholder.test.ts" name="Development Infrastructure &gt; should have core functionality" time="0.000075958">
        </testcase>
    </testsuite>
    <testsuite name="src/__tests__/input/controller.test.ts" timestamp="2025-07-02T02:41:39.920Z" hostname="MacBookPro.lan" tests="15" failures="0" errors="0" skipped="0" time="0.098041292">
        <testcase classname="src/__tests__/input/controller.test.ts" name="SliderController &gt; Initialization and Configuration &gt; should initialize with default configuration" time="0.001453709">
        </testcase>
        <testcase classname="src/__tests__/input/controller.test.ts" name="SliderController &gt; Initialization and Configuration &gt; should initialize with element and callbacks" time="0.015419708">
        </testcase>
        <testcase classname="src/__tests__/input/controller.test.ts" name="SliderController &gt; Initialization and Configuration &gt; should update configuration correctly" time="0.002611875">
        </testcase>
        <testcase classname="src/__tests__/input/controller.test.ts" name="SliderController &gt; Initialization and Configuration &gt; should setup event listeners during initialization" time="0.011098583">
        </testcase>
        <testcase classname="src/__tests__/input/controller.test.ts" name="SliderController &gt; Enable/Disable Functionality &gt; should enable input handling" time="0.027460208">
        </testcase>
        <testcase classname="src/__tests__/input/controller.test.ts" name="SliderController &gt; Enable/Disable Functionality &gt; should disable input handling" time="0.000534125">
        </testcase>
        <testcase classname="src/__tests__/input/controller.test.ts" name="SliderController &gt; Event Cleanup &gt; should properly clean up event listeners" time="0.00043">
        </testcase>
        <testcase classname="src/__tests__/input/controller.test.ts" name="SliderController &gt; Event Cleanup &gt; should handle multiple destroy calls gracefully" time="0.00039825">
        </testcase>
        <testcase classname="src/__tests__/input/controller.test.ts" name="SliderController &gt; Configuration Management &gt; should handle partial configuration updates" time="0.000397167">
        </testcase>
        <testcase classname="src/__tests__/input/controller.test.ts" name="SliderController &gt; Configuration Management &gt; should preserve unmodified configuration properties" time="0.000274">
        </testcase>
        <testcase classname="src/__tests__/input/controller.test.ts" name="SliderController &gt; Accessibility State Management &gt; should update slide state for accessibility" time="0.000506625">
        </testcase>
        <testcase classname="src/__tests__/input/controller.test.ts" name="SliderController &gt; Accessibility State Management &gt; should handle valid slide state parameters" time="0.01268175">
        </testcase>
        <testcase classname="src/__tests__/input/controller.test.ts" name="SliderController &gt; Accessibility State Management &gt; should update play state for accessibility" time="0.021063375">
        </testcase>
        <testcase classname="src/__tests__/input/controller.test.ts" name="SliderController &gt; Accessibility State Management &gt; should handle accessibility updates before initialization gracefully" time="0.000653292">
        </testcase>
        <testcase classname="src/__tests__/input/controller.test.ts" name="SliderController &gt; Accessibility State Management &gt; should update accessibility state when KeyboardNavigator is available" time="0.000546375">
        </testcase>
    </testsuite>
    <testsuite name="src/__tests__/input/event-throttler.test.ts" timestamp="2025-07-02T02:41:39.922Z" hostname="MacBookPro.lan" tests="25" failures="0" errors="0" skipped="0" time="1.353942542">
        <testcase classname="src/__tests__/input/event-throttler.test.ts" name="EventThrottler &gt; Initialization &gt; should initialize with default configuration" time="0.001424167">
        </testcase>
        <testcase classname="src/__tests__/input/event-throttler.test.ts" name="EventThrottler &gt; Initialization &gt; should initialize with custom configuration" time="0.000384667">
        </testcase>
        <testcase classname="src/__tests__/input/event-throttler.test.ts" name="EventThrottler &gt; Initialization &gt; should handle partial configuration updates" time="0.000253833">
        </testcase>
        <testcase classname="src/__tests__/input/event-throttler.test.ts" name="EventThrottler &gt; RAF-Based Throttling &gt; should throttle events using requestAnimationFrame" time="0.02134125">
        </testcase>
        <testcase classname="src/__tests__/input/event-throttler.test.ts" name="EventThrottler &gt; RAF-Based Throttling &gt; should fall back to timer when RAF unavailable" time="0.021533542">
        </testcase>
        <testcase classname="src/__tests__/input/event-throttler.test.ts" name="EventThrottler &gt; RAF-Based Throttling &gt; should respect maximum batch size" time="0.029513042">
        </testcase>
        <testcase classname="src/__tests__/input/event-throttler.test.ts" name="EventThrottler &gt; Event Batching &gt; should batch similar events together" time="0.021737292">
        </testcase>
        <testcase classname="src/__tests__/input/event-throttler.test.ts" name="EventThrottler &gt; Event Batching &gt; should handle different event types separately" time="0.021135958">
        </testcase>
        <testcase classname="src/__tests__/input/event-throttler.test.ts" name="EventThrottler &gt; Event Batching &gt; should force dispatch when max hold time exceeded" time="0.062844375">
        </testcase>
        <testcase classname="src/__tests__/input/event-throttler.test.ts" name="EventThrottler &gt; Pointer Event Optimization &gt; should handle coalesced pointer events" time="0.0212055">
        </testcase>
        <testcase classname="src/__tests__/input/event-throttler.test.ts" name="EventThrottler &gt; Pointer Event Optimization &gt; should fall back when coalesced events unavailable" time="0.033778583">
        </testcase>
        <testcase classname="src/__tests__/input/event-throttler.test.ts" name="EventThrottler &gt; Performance Monitoring &gt; should track performance metrics when enabled" time="0.022988833">
        </testcase>
        <testcase classname="src/__tests__/input/event-throttler.test.ts" name="EventThrottler &gt; Performance Monitoring &gt; should calculate average batch size correctly" time="0.37489675">
        </testcase>
        <testcase classname="src/__tests__/input/event-throttler.test.ts" name="EventThrottler &gt; Performance Monitoring &gt; should reset metrics correctly" time="0.059112583">
        </testcase>
        <testcase classname="src/__tests__/input/event-throttler.test.ts" name="EventThrottler &gt; Performance Benchmarks &gt; should throttle events within performance budget" time="0.061293208">
        </testcase>
        <testcase classname="src/__tests__/input/event-throttler.test.ts" name="EventThrottler &gt; Performance Benchmarks &gt; should maintain 60fps performance under load" time="0.24526075">
        </testcase>
        <testcase classname="src/__tests__/input/event-throttler.test.ts" name="EventThrottler &gt; Memory Management &gt; should clean up event queues on destroy" time="0.002921792">
        </testcase>
        <testcase classname="src/__tests__/input/event-throttler.test.ts" name="EventThrottler &gt; Memory Management &gt; should handle multiple destroy calls gracefully" time="0.001792041">
        </testcase>
        <testcase classname="src/__tests__/input/event-throttler.test.ts" name="EventThrottler &gt; Memory Management &gt; should clear all handlers and queues" time="0.00264275">
        </testcase>
        <testcase classname="src/__tests__/input/event-throttler.test.ts" name="EventThrottler &gt; Edge Cases &gt; should handle rapid successive identical events" time="0.028328541">
        </testcase>
        <testcase classname="src/__tests__/input/event-throttler.test.ts" name="EventThrottler &gt; Edge Cases &gt; should handle null/undefined events gracefully" time="0.006066125">
        </testcase>
        <testcase classname="src/__tests__/input/event-throttler.test.ts" name="EventThrottler &gt; Edge Cases &gt; should handle events with missing properties" time="0.031403792">
        </testcase>
        <testcase classname="src/__tests__/input/event-throttler.test.ts" name="EventThrottler &gt; Edge Cases &gt; should handle extremely high frequency events" time="0.205922541">
        </testcase>
        <testcase classname="src/__tests__/input/event-throttler.test.ts" name="EventThrottler &gt; Cross-Browser Compatibility &gt; should work without requestAnimationFrame support" time="0.034435666">
        </testcase>
        <testcase classname="src/__tests__/input/event-throttler.test.ts" name="EventThrottler &gt; Cross-Browser Compatibility &gt; should handle timer-based throttling correctly" time="0.0393585">
        </testcase>
    </testsuite>
    <testsuite name="src/__tests__/input/gesture-recognizer.test.ts" timestamp="2025-07-02T02:41:39.924Z" hostname="MacBookPro.lan" tests="28" failures="0" errors="0" skipped="0" time="1.309439417">
        <testcase classname="src/__tests__/input/gesture-recognizer.test.ts" name="GestureRecognizer &gt; Initialization &gt; should initialize with default configuration" time="0.002663792">
        </testcase>
        <testcase classname="src/__tests__/input/gesture-recognizer.test.ts" name="GestureRecognizer &gt; Initialization &gt; should initialize with custom configuration" time="0.000388833">
        </testcase>
        <testcase classname="src/__tests__/input/gesture-recognizer.test.ts" name="GestureRecognizer &gt; Initialization &gt; should handle partial configuration updates" time="0.000140875">
        </testcase>
        <testcase classname="src/__tests__/input/gesture-recognizer.test.ts" name="GestureRecognizer &gt; Tap Gesture Recognition &gt; should recognize single tap gesture" time="0.103991125">
        </testcase>
        <testcase classname="src/__tests__/input/gesture-recognizer.test.ts" name="GestureRecognizer &gt; Tap Gesture Recognition &gt; should recognize double tap gesture" time="0.418560625">
        </testcase>
        <testcase classname="src/__tests__/input/gesture-recognizer.test.ts" name="GestureRecognizer &gt; Tap Gesture Recognition &gt; should handle long press gesture" time="0.177757625">
        </testcase>
        <testcase classname="src/__tests__/input/gesture-recognizer.test.ts" name="GestureRecognizer &gt; Swipe Gesture Recognition &gt; should recognize left swipe gesture" time="0.035023625">
        </testcase>
        <testcase classname="src/__tests__/input/gesture-recognizer.test.ts" name="GestureRecognizer &gt; Swipe Gesture Recognition &gt; should recognize right swipe gesture" time="0.024464">
        </testcase>
        <testcase classname="src/__tests__/input/gesture-recognizer.test.ts" name="GestureRecognizer &gt; Swipe Gesture Recognition &gt; should recognize vertical swipe gestures" time="0.013829167">
        </testcase>
        <testcase classname="src/__tests__/input/gesture-recognizer.test.ts" name="GestureRecognizer &gt; Pan Gesture Recognition &gt; should recognize pan gesture for slow movements" time="0.20903425">
        </testcase>
        <testcase classname="src/__tests__/input/gesture-recognizer.test.ts" name="GestureRecognizer &gt; Multi-Touch Gesture Recognition &gt; should recognize pinch gesture" time="0.01312825">
        </testcase>
        <testcase classname="src/__tests__/input/gesture-recognizer.test.ts" name="GestureRecognizer &gt; Multi-Touch Gesture Recognition &gt; should handle maximum pointer limit" time="0.000750625">
        </testcase>
        <testcase classname="src/__tests__/input/gesture-recognizer.test.ts" name="GestureRecognizer &gt; Pointer Capture Management &gt; should set pointer capture on pointer down" time="0.000371416">
        </testcase>
        <testcase classname="src/__tests__/input/gesture-recognizer.test.ts" name="GestureRecognizer &gt; Pointer Capture Management &gt; should release pointer capture on pointer up" time="0.000383542">
        </testcase>
        <testcase classname="src/__tests__/input/gesture-recognizer.test.ts" name="GestureRecognizer &gt; Pointer Capture Management &gt; should handle pointer capture errors gracefully" time="0.000752916">
        </testcase>
        <testcase classname="src/__tests__/input/gesture-recognizer.test.ts" name="GestureRecognizer &gt; Performance Benchmarks &gt; should process gestures within performance budget" time="0.002723916">
        </testcase>
        <testcase classname="src/__tests__/input/gesture-recognizer.test.ts" name="GestureRecognizer &gt; Performance Benchmarks &gt; should handle high-frequency events efficiently" time="0.074191167">
        </testcase>
        <testcase classname="src/__tests__/input/gesture-recognizer.test.ts" name="GestureRecognizer &gt; Memory Management &gt; should clean up active pointers on destroy" time="0.014838042">
        </testcase>
        <testcase classname="src/__tests__/input/gesture-recognizer.test.ts" name="GestureRecognizer &gt; Memory Management &gt; should remove event listeners on destroy" time="0.02547325">
        </testcase>
        <testcase classname="src/__tests__/input/gesture-recognizer.test.ts" name="GestureRecognizer &gt; Memory Management &gt; should handle multiple destroy calls gracefully" time="0.02315775">
        </testcase>
        <testcase classname="src/__tests__/input/gesture-recognizer.test.ts" name="GestureRecognizer &gt; Edge Cases &gt; should handle cancelled pointers" time="0.029929667">
        </testcase>
        <testcase classname="src/__tests__/input/gesture-recognizer.test.ts" name="GestureRecognizer &gt; Edge Cases &gt; should handle unknown pointer IDs" time="0.042502458">
        </testcase>
        <testcase classname="src/__tests__/input/gesture-recognizer.test.ts" name="GestureRecognizer &gt; Edge Cases &gt; should handle malformed events gracefully" time="0.0137755">
        </testcase>
        <testcase classname="src/__tests__/input/gesture-recognizer.test.ts" name="GestureRecognizer &gt; Edge Cases &gt; should handle events with missing properties" time="0.011181708">
        </testcase>
        <testcase classname="src/__tests__/input/gesture-recognizer.test.ts" name="GestureRecognizer &gt; Cross-Platform Compatibility &gt; should work with mouse events" time="0.013081792">
        </testcase>
        <testcase classname="src/__tests__/input/gesture-recognizer.test.ts" name="GestureRecognizer &gt; Cross-Platform Compatibility &gt; should work with touch events" time="0.020069292">
        </testcase>
        <testcase classname="src/__tests__/input/gesture-recognizer.test.ts" name="GestureRecognizer &gt; Cross-Platform Compatibility &gt; should work with pen events" time="0.012362625">
        </testcase>
        <testcase classname="src/__tests__/input/gesture-recognizer.test.ts" name="GestureRecognizer &gt; should handle pointer events" time="0.018738875">
        </testcase>
    </testsuite>
    <testsuite name="src/__tests__/input/keyboard-navigator.test.ts" timestamp="2025-07-02T02:41:39.930Z" hostname="MacBookPro.lan" tests="34" failures="0" errors="0" skipped="0" time="0.091477833">
        <testcase classname="src/__tests__/input/keyboard-navigator.test.ts" name="KeyboardNavigator &gt; Initialization &gt; should initialize with callbacks in constructor" time="0.011409583">
        </testcase>
        <testcase classname="src/__tests__/input/keyboard-navigator.test.ts" name="KeyboardNavigator &gt; Initialization &gt; should set up proper ARIA attributes" time="0.001157125">
        </testcase>
        <testcase classname="src/__tests__/input/keyboard-navigator.test.ts" name="KeyboardNavigator &gt; Initialization &gt; should create screen reader announcer element" time="0.00104075">
        </testcase>
        <testcase classname="src/__tests__/input/keyboard-navigator.test.ts" name="KeyboardNavigator &gt; Initialization &gt; should respect motion preferences" time="0.017769708">
        </testcase>
        <testcase classname="src/__tests__/input/keyboard-navigator.test.ts" name="KeyboardNavigator &gt; Arrow Key Navigation &gt; should handle right arrow key" time="0.000791083">
        </testcase>
        <testcase classname="src/__tests__/input/keyboard-navigator.test.ts" name="KeyboardNavigator &gt; Arrow Key Navigation &gt; should handle left arrow key" time="0.00667675">
        </testcase>
        <testcase classname="src/__tests__/input/keyboard-navigator.test.ts" name="KeyboardNavigator &gt; Arrow Key Navigation &gt; should respect disabled arrow keys" time="0.000736167">
        </testcase>
        <testcase classname="src/__tests__/input/keyboard-navigator.test.ts" name="KeyboardNavigator &gt; WASD Navigation &gt; should handle WASD keys" time="0.001352583">
        </testcase>
        <testcase classname="src/__tests__/input/keyboard-navigator.test.ts" name="KeyboardNavigator &gt; WASD Navigation &gt; should respect disabled WASD keys" time="0.000691708">
        </testcase>
        <testcase classname="src/__tests__/input/keyboard-navigator.test.ts" name="KeyboardNavigator &gt; Home/End Navigation &gt; should handle Home and End keys" time="0.00056575">
        </testcase>
        <testcase classname="src/__tests__/input/keyboard-navigator.test.ts" name="KeyboardNavigator &gt; Home/End Navigation &gt; should respect disabled Home/End keys" time="0.000667917">
        </testcase>
        <testcase classname="src/__tests__/input/keyboard-navigator.test.ts" name="KeyboardNavigator &gt; Page Up/Down Navigation &gt; should handle Page Up and Page Down keys" time="0.000524542">
        </testcase>
        <testcase classname="src/__tests__/input/keyboard-navigator.test.ts" name="KeyboardNavigator &gt; Activation Keys &gt; should handle Space key activation" time="0.006475541">
        </testcase>
        <testcase classname="src/__tests__/input/keyboard-navigator.test.ts" name="KeyboardNavigator &gt; Activation Keys &gt; should handle Enter key activation" time="0.000587083">
        </testcase>
        <testcase classname="src/__tests__/input/keyboard-navigator.test.ts" name="KeyboardNavigator &gt; Activation Keys &gt; should handle Escape key" time="0.000618875">
        </testcase>
        <testcase classname="src/__tests__/input/keyboard-navigator.test.ts" name="KeyboardNavigator &gt; Custom Key Bindings &gt; should handle custom key bindings" time="0.000564">
        </testcase>
        <testcase classname="src/__tests__/input/keyboard-navigator.test.ts" name="KeyboardNavigator &gt; Screen Reader Announcements &gt; should create announcer when enabled" time="0.000521958">
        </testcase>
        <testcase classname="src/__tests__/input/keyboard-navigator.test.ts" name="KeyboardNavigator &gt; Screen Reader Announcements &gt; should not create live region when announcements disabled" time="0.000898708">
        </testcase>
        <testcase classname="src/__tests__/input/keyboard-navigator.test.ts" name="KeyboardNavigator &gt; Focus Management &gt; should handle focus events" time="0.0013205">
        </testcase>
        <testcase classname="src/__tests__/input/keyboard-navigator.test.ts" name="KeyboardNavigator &gt; Focus Management &gt; should handle blur events" time="0.001346334">
        </testcase>
        <testcase classname="src/__tests__/input/keyboard-navigator.test.ts" name="KeyboardNavigator &gt; Configuration Management &gt; should allow runtime configuration updates" time="0.000641083">
        </testcase>
        <testcase classname="src/__tests__/input/keyboard-navigator.test.ts" name="KeyboardNavigator &gt; Configuration Management &gt; should add custom key bindings" time="0.000682791">
        </testcase>
        <testcase classname="src/__tests__/input/keyboard-navigator.test.ts" name="KeyboardNavigator &gt; Configuration Management &gt; should remove key bindings" time="0.000806667">
        </testcase>
        <testcase classname="src/__tests__/input/keyboard-navigator.test.ts" name="KeyboardNavigator &gt; Slide State Management &gt; should set total slides" time="0.000765375">
        </testcase>
        <testcase classname="src/__tests__/input/keyboard-navigator.test.ts" name="KeyboardNavigator &gt; Slide State Management &gt; should set current slide" time="0.000744375">
        </testcase>
        <testcase classname="src/__tests__/input/keyboard-navigator.test.ts" name="KeyboardNavigator &gt; Slide State Management &gt; should set playing state" time="0.000627">
        </testcase>
        <testcase classname="src/__tests__/input/keyboard-navigator.test.ts" name="KeyboardNavigator &gt; Utility Methods &gt; should focus element" time="0.000634125">
        </testcase>
        <testcase classname="src/__tests__/input/keyboard-navigator.test.ts" name="KeyboardNavigator &gt; Utility Methods &gt; should get focus state" time="0.002994708">
        </testcase>
        <testcase classname="src/__tests__/input/keyboard-navigator.test.ts" name="KeyboardNavigator &gt; Memory Management &gt; should clean up event listeners on destroy" time="0.002200417">
        </testcase>
        <testcase classname="src/__tests__/input/keyboard-navigator.test.ts" name="KeyboardNavigator &gt; Memory Management &gt; should remove announcer element on destroy" time="0.001359292">
        </testcase>
        <testcase classname="src/__tests__/input/keyboard-navigator.test.ts" name="KeyboardNavigator &gt; Edge Cases &gt; should handle missing callbacks gracefully" time="0.00133825">
        </testcase>
        <testcase classname="src/__tests__/input/keyboard-navigator.test.ts" name="KeyboardNavigator &gt; Edge Cases &gt; should ignore modifier key combinations" time="0.000990375">
        </testcase>
        <testcase classname="src/__tests__/input/keyboard-navigator.test.ts" name="KeyboardNavigator &gt; Accessibility Compliance &gt; should provide proper ARIA labels" time="0.004734417">
        </testcase>
        <testcase classname="src/__tests__/input/keyboard-navigator.test.ts" name="KeyboardNavigator &gt; Accessibility Compliance &gt; should create keyboard instructions" time="0.003164625">
        </testcase>
    </testsuite>
    <testsuite name="src/__tests__/integration/complete-system-api-integration.test.ts" timestamp="2025-07-02T02:41:39.933Z" hostname="MacBookPro.lan" tests="9" failures="0" errors="0" skipped="0" time="0.003820167">
        <testcase classname="src/__tests__/integration/complete-system-api-integration.test.ts" name="Complete System API Integration &gt; JavaScript API Integration &gt; should expose proper JavaScript API for integration" time="0.000850917">
        </testcase>
        <testcase classname="src/__tests__/integration/complete-system-api-integration.test.ts" name="Complete System API Integration &gt; JavaScript API Integration &gt; should maintain state consistency across API calls" time="0.00043825">
        </testcase>
        <testcase classname="src/__tests__/integration/complete-system-api-integration.test.ts" name="Complete System API Integration &gt; JavaScript API Integration &gt; should coordinate gesture recognition with internal state" time="0.0001485">
        </testcase>
        <testcase classname="src/__tests__/integration/complete-system-api-integration.test.ts" name="Complete System API Integration &gt; JavaScript API Integration &gt; should coordinate play/pause state via API" time="0.000097167">
        </testcase>
        <testcase classname="src/__tests__/integration/complete-system-api-integration.test.ts" name="Complete System API Integration &gt; Component Integration via API &gt; should coordinate between physics engine and UI state" time="0.0000875">
        </testcase>
        <testcase classname="src/__tests__/integration/complete-system-api-integration.test.ts" name="Complete System API Integration &gt; Component Integration via API &gt; should maintain engine state consistency" time="0.000106166">
        </testcase>
        <testcase classname="src/__tests__/integration/complete-system-api-integration.test.ts" name="Complete System API Integration &gt; Component Integration via API &gt; should handle rapid API state changes" time="0.000093792">
        </testcase>
        <testcase classname="src/__tests__/integration/complete-system-api-integration.test.ts" name="Complete System API Integration &gt; API Error Handling and Recovery &gt; should handle API access gracefully during initialization" time="0.000052416">
        </testcase>
        <testcase classname="src/__tests__/integration/complete-system-api-integration.test.ts" name="Complete System API Integration &gt; API Error Handling and Recovery &gt; should recover from API errors gracefully" time="0.0002005">
        </testcase>
    </testsuite>
    <testsuite name="src/__tests__/integration/enhanced-input-controller-integration.test.ts" timestamp="2025-07-02T02:41:39.935Z" hostname="MacBookPro.lan" tests="17" failures="0" errors="0" skipped="0" time="0.969050417">
        <testcase classname="src/__tests__/integration/enhanced-input-controller-integration.test.ts" name="Enhanced Input Controller Integration &gt; Enhanced Input Controller Integration &gt; should initialize all enhanced input components" time="0.003130583">
        </testcase>
        <testcase classname="src/__tests__/integration/enhanced-input-controller-integration.test.ts" name="Enhanced Input Controller Integration &gt; Enhanced Input Controller Integration &gt; should coordinate gesture recognition with physics calculations" time="0.100385917">
        </testcase>
        <testcase classname="src/__tests__/integration/enhanced-input-controller-integration.test.ts" name="Enhanced Input Controller Integration &gt; Enhanced Input Controller Integration &gt; should handle keyboard navigation with accessibility features" time="0.000905958">
        </testcase>
        <testcase classname="src/__tests__/integration/enhanced-input-controller-integration.test.ts" name="Enhanced Input Controller Integration &gt; Enhanced Input Controller Integration &gt; should throttle high-frequency events for performance" time="0.113903125">
        </testcase>
        <testcase classname="src/__tests__/integration/enhanced-input-controller-integration.test.ts" name="Enhanced Input Controller Integration &gt; Component Coordination &gt; should coordinate EventThrottler with GestureRecognizer" time="0.360170459">
        </testcase>
        <testcase classname="src/__tests__/integration/enhanced-input-controller-integration.test.ts" name="Enhanced Input Controller Integration &gt; Component Coordination &gt; should integrate KeyboardNavigator with accessibility announcements" time="0.038332666">
        </testcase>
        <testcase classname="src/__tests__/integration/enhanced-input-controller-integration.test.ts" name="Enhanced Input Controller Integration &gt; Component Coordination &gt; should handle component cleanup coordination" time="0.001004167">
        </testcase>
        <testcase classname="src/__tests__/integration/enhanced-input-controller-integration.test.ts" name="Enhanced Input Controller Integration &gt; GSAP Physics Integration &gt; should integrate gesture velocity with kinetic physics" time="0.006048333">
        </testcase>
        <testcase classname="src/__tests__/integration/enhanced-input-controller-integration.test.ts" name="Enhanced Input Controller Integration &gt; GSAP Physics Integration &gt; should use spring physics for gesture feedback" time="0.003040375">
        </testcase>
        <testcase classname="src/__tests__/integration/enhanced-input-controller-integration.test.ts" name="Enhanced Input Controller Integration &gt; GSAP Physics Integration &gt; should coordinate velocity tracking with gesture recognition" time="0.001419208">
        </testcase>
        <testcase classname="src/__tests__/integration/enhanced-input-controller-integration.test.ts" name="Enhanced Input Controller Integration &gt; Cross-Component Performance &gt; should maintain 60fps under combined load" time="0.277472167">
        </testcase>
        <testcase classname="src/__tests__/integration/enhanced-input-controller-integration.test.ts" name="Enhanced Input Controller Integration &gt; Cross-Component Performance &gt; should efficiently handle concurrent gesture and keyboard input" time="0.032927209">
        </testcase>
        <testcase classname="src/__tests__/integration/enhanced-input-controller-integration.test.ts" name="Enhanced Input Controller Integration &gt; Error Handling and Edge Cases &gt; should handle malformed events gracefully across all components" time="0.001110583">
        </testcase>
        <testcase classname="src/__tests__/integration/enhanced-input-controller-integration.test.ts" name="Enhanced Input Controller Integration &gt; Error Handling and Edge Cases &gt; should handle component initialization failures gracefully" time="0.009423834">
            <system-out>
Expected initialization error: Error: Event listener failed
    at Object.&lt;anonymous&gt; [90m(/Users/zach/CursorProjects/kineticslider/[39msrc/__tests__/integration/enhanced-input-controller-integration.test.ts:552:17[90m)[39m
    at Object.mockCall [90m(file:///Users/zach/CursorProjects/kineticslider/[39mnode_modules/[4m.pnpm[24m/@vitest+spy@3.1.3/node_modules/[4m@vitest[24m/spy/dist/index.js:66:15[90m)[39m
    at Object.spy [as addEventListener] [90m(file:///Users/zach/CursorProjects/kineticslider/[39mnode_modules/[4m.pnpm[24m/tinyspy@3.0.2/node_modules/[4mtinyspy[24m/dist/index.js:45:80[90m)[39m
    at GestureRecognizer.setupEventListeners [90m(/Users/zach/CursorProjects/kineticslider/[39msrc/input/gesture-recognizer.ts:174:18[90m)[39m
    at new GestureRecognizer [90m(/Users/zach/CursorProjects/kineticslider/[39msrc/input/gesture-recognizer.ts:166:10[90m)[39m
    at SliderController.setupGestureRecognizer [90m(/Users/zach/CursorProjects/kineticslider/[39msrc/input/index.ts:99:30[90m)[39m
    at SliderController.initialize [90m(/Users/zach/CursorProjects/kineticslider/[39msrc/input/index.ts:79:10[90m)[39m
    at [90m/Users/zach/CursorProjects/kineticslider/[39msrc/__tests__/integration/enhanced-input-controller-integration.test.ts:565:22
    at Proxy.assertThrows [90m(file:///Users/zach/CursorProjects/kineticslider/[39mnode_modules/[4m.pnpm[24m/chai@5.2.0/node_modules/[4mchai[24m/chai.js:2723:5[90m)[39m
    at Proxy.methodWrapper [90m(file:///Users/zach/CursorProjects/kineticslider/[39mnode_modules/[4m.pnpm[24m/chai@5.2.0/node_modules/[4mchai[24m/chai.js:1618:25[90m)[39m

            </system-out>
        </testcase>
        <testcase classname="src/__tests__/integration/enhanced-input-controller-integration.test.ts" name="Enhanced Input Controller Integration &gt; Error Handling and Edge Cases &gt; should handle cleanup when components are partially initialized" time="0.000825125">
        </testcase>
        <testcase classname="src/__tests__/integration/enhanced-input-controller-integration.test.ts" name="Enhanced Input Controller Integration &gt; Real-World Usage Scenarios &gt; should handle rapid swipe-to-keyboard transitions" time="0.01204825">
        </testcase>
        <testcase classname="src/__tests__/integration/enhanced-input-controller-integration.test.ts" name="Enhanced Input Controller Integration &gt; Real-World Usage Scenarios &gt; should handle touch device interactions with accessibility" time="0.0011255">
        </testcase>
    </testsuite>
    <testsuite name="src/__tests__/integration/physics-facade-integration.test.ts" timestamp="2025-07-02T02:41:39.937Z" hostname="MacBookPro.lan" tests="14" failures="0" errors="0" skipped="0" time="0.010609125">
        <testcase classname="src/__tests__/integration/physics-facade-integration.test.ts" name="SliderPhysics Facade Integration &gt; Component Integration and Coordination &gt; should initialize with real components and coordinate them" time="0.001795708">
        </testcase>
        <testcase classname="src/__tests__/integration/physics-facade-integration.test.ts" name="SliderPhysics Facade Integration &gt; Component Integration and Coordination &gt; should coordinate physics calculations with renderer" time="0.001124208">
        </testcase>
        <testcase classname="src/__tests__/integration/physics-facade-integration.test.ts" name="SliderPhysics Facade Integration &gt; Component Integration and Coordination &gt; should handle sprite management across components" time="0.000994083">
        </testcase>
        <testcase classname="src/__tests__/integration/physics-facade-integration.test.ts" name="SliderPhysics Facade Integration &gt; Component Integration and Coordination &gt; should update physics configuration across components" time="0.000584417">
        </testcase>
        <testcase classname="src/__tests__/integration/physics-facade-integration.test.ts" name="SliderPhysics Facade Integration &gt; Real Component Workflow Integration &gt; should execute complete animation workflow with real components" time="0.000699208">
        </testcase>
        <testcase classname="src/__tests__/integration/physics-facade-integration.test.ts" name="SliderPhysics Facade Integration &gt; Real Component Workflow Integration &gt; should coordinate performance statistics from real renderer" time="0.000431291">
        </testcase>
        <testcase classname="src/__tests__/integration/physics-facade-integration.test.ts" name="SliderPhysics Facade Integration &gt; Real Component Workflow Integration &gt; should handle batch animations with real renderer coordination" time="0.000481041">
        </testcase>
        <testcase classname="src/__tests__/integration/physics-facade-integration.test.ts" name="SliderPhysics Facade Integration &gt; Advanced Integration Scenarios &gt; should handle rapid successive operations with real components" time="0.000327625">
        </testcase>
        <testcase classname="src/__tests__/integration/physics-facade-integration.test.ts" name="SliderPhysics Facade Integration &gt; Advanced Integration Scenarios &gt; should coordinate cleanup across all real components" time="0.000818667">
        </testcase>
        <testcase classname="src/__tests__/integration/physics-facade-integration.test.ts" name="SliderPhysics Facade Integration &gt; Advanced Integration Scenarios &gt; should handle edge cases with real component coordination" time="0.000226">
        </testcase>
        <testcase classname="src/__tests__/integration/physics-facade-integration.test.ts" name="SliderPhysics Facade Integration &gt; Component Behavior Validation &gt; should validate physics calculations are applied to rendering" time="0.000145583">
        </testcase>
        <testcase classname="src/__tests__/integration/physics-facade-integration.test.ts" name="SliderPhysics Facade Integration &gt; Component Behavior Validation &gt; should validate real momentum and spring calculations" time="0.000205875">
        </testcase>
        <testcase classname="src/__tests__/integration/physics-facade-integration.test.ts" name="SliderPhysics Facade Integration &gt; Integration with Unit-Testable Components &gt; should support dependency injection for unit testing" time="0.000108958">
        </testcase>
        <testcase classname="src/__tests__/integration/physics-facade-integration.test.ts" name="SliderPhysics Facade Integration &gt; Integration with Unit-Testable Components &gt; should maintain DRY principles across test types" time="0.000102125">
        </testcase>
    </testsuite>
    <testsuite name="src/__tests__/integration/physics-integration.test.ts" timestamp="2025-07-02T02:41:39.944Z" hostname="MacBookPro.lan" tests="14" failures="0" errors="0" skipped="0" time="0.019938208">
        <testcase classname="src/__tests__/integration/physics-integration.test.ts" name="Physics Component Integration &gt; Cross-Physics Integration Workflows &gt; should handle complete drag-to-momentum-to-snap workflow" time="0.002834542">
        </testcase>
        <testcase classname="src/__tests__/integration/physics-integration.test.ts" name="Physics Component Integration &gt; Cross-Physics Integration Workflows &gt; should coordinate multiple physics calculations for gesture recognition" time="0.001318791">
        </testcase>
        <testcase classname="src/__tests__/integration/physics-integration.test.ts" name="Physics Component Integration &gt; Cross-Physics Integration Workflows &gt; should handle spring-based displacement corrections" time="0.000598">
        </testcase>
        <testcase classname="src/__tests__/integration/physics-integration.test.ts" name="Physics Component Integration &gt; Cross-Physics Integration Workflows &gt; should coordinate timeline sequencing for complex animations" time="0.00042525">
        </testcase>
        <testcase classname="src/__tests__/integration/physics-integration.test.ts" name="Physics Component Integration &gt; Performance Integration &gt; should maintain performance across multiple physics calculations" time="0.002409041">
        </testcase>
        <testcase classname="src/__tests__/integration/physics-integration.test.ts" name="Physics Component Integration &gt; Performance Integration &gt; should handle memory efficiently with large datasets" time="0.000655875">
        </testcase>
        <testcase classname="src/__tests__/integration/physics-integration.test.ts" name="Physics Component Integration &gt; Performance Integration &gt; should coordinate physics calculations under stress" time="0.001073083">
        </testcase>
        <testcase classname="src/__tests__/integration/physics-integration.test.ts" name="Physics Component Integration &gt; Error Handling Integration &gt; should handle cascading errors gracefully" time="0.000751708">
        </testcase>
        <testcase classname="src/__tests__/integration/physics-integration.test.ts" name="Physics Component Integration &gt; Error Handling Integration &gt; should maintain system stability with invalid inputs" time="0.000784583">
        </testcase>
        <testcase classname="src/__tests__/integration/physics-integration.test.ts" name="Physics Component Integration &gt; Error Handling Integration &gt; should recover from timeline creation failures" time="0.0008895">
        </testcase>
        <testcase classname="src/__tests__/integration/physics-integration.test.ts" name="Physics Component Integration &gt; Configuration Integration &gt; should maintain consistent configuration across components" time="0.000514542">
        </testcase>
        <testcase classname="src/__tests__/integration/physics-integration.test.ts" name="Physics Component Integration &gt; Configuration Integration &gt; should handle configuration validation across components" time="0.000391333">
        </testcase>
        <testcase classname="src/__tests__/integration/physics-integration.test.ts" name="Physics Component Integration &gt; Real-World Scenario Integration &gt; should handle complete user interaction simulation" time="0.004079542">
        </testcase>
        <testcase classname="src/__tests__/integration/physics-integration.test.ts" name="Physics Component Integration &gt; Real-World Scenario Integration &gt; should handle multi-sprite coordinated animations" time="0.001449875">
        </testcase>
    </testsuite>
    <testsuite name="src/__tests__/integration/pixi-renderer.test.ts" timestamp="2025-07-02T02:41:39.947Z" hostname="MacBookPro.lan" tests="7" failures="0" errors="0" skipped="0" time="0.0049795">
        <testcase classname="src/__tests__/integration/pixi-renderer.test.ts" name="SliderRenderer Integration &gt; Transition Animation Application &gt; should apply transition sequence to real sprites" time="0.001797084">
        </testcase>
        <testcase classname="src/__tests__/integration/pixi-renderer.test.ts" name="SliderRenderer Integration &gt; Transition Animation Application &gt; should handle source sprite exit animation" time="0.000785166">
        </testcase>
        <testcase classname="src/__tests__/integration/pixi-renderer.test.ts" name="SliderRenderer Integration &gt; Transition Animation Application &gt; should apply target sprite animation correctly" time="0.000252333">
        </testcase>
        <testcase classname="src/__tests__/integration/pixi-renderer.test.ts" name="SliderRenderer Integration &gt; Animation Integration &gt; should handle swipe animations" time="0.000184417">
        </testcase>
        <testcase classname="src/__tests__/integration/pixi-renderer.test.ts" name="SliderRenderer Integration &gt; Animation Integration &gt; should handle scale animations" time="0.000120459">
        </testcase>
        <testcase classname="src/__tests__/integration/pixi-renderer.test.ts" name="SliderRenderer Integration &gt; Performance Integration &gt; should provide performance stats" time="0.0002345">
        </testcase>
        <testcase classname="src/__tests__/integration/pixi-renderer.test.ts" name="SliderRenderer Integration &gt; Performance Integration &gt; should cleanup animations" time="0.000215584">
        </testcase>
    </testsuite>
    <testsuite name="src/__tests__/core/container.test.ts" timestamp="2025-07-02T02:41:39.948Z" hostname="MacBookPro.lan" tests="11" failures="0" errors="0" skipped="0" time="0.007259334">
        <testcase classname="src/__tests__/core/container.test.ts" name="Service Container &gt; Service Registration &gt; should register and resolve a factory function" time="0.003000834">
        </testcase>
        <testcase classname="src/__tests__/core/container.test.ts" name="Service Container &gt; Service Registration &gt; should register and resolve an instance" time="0.00037425">
        </testcase>
        <testcase classname="src/__tests__/core/container.test.ts" name="Service Container &gt; Service Registration &gt; should create new instances for factory registrations" time="0.000589">
        </testcase>
        <testcase classname="src/__tests__/core/container.test.ts" name="Service Container &gt; Service Registration &gt; should return same instance for singleton registrations" time="0.00010675">
        </testcase>
        <testcase classname="src/__tests__/core/container.test.ts" name="Service Container &gt; Service Resolution &gt; should throw error for unregistered service" time="0.000489458">
        </testcase>
        <testcase classname="src/__tests__/core/container.test.ts" name="Service Container &gt; Service Resolution &gt; should check if service exists" time="0.000164167">
        </testcase>
        <testcase classname="src/__tests__/core/container.test.ts" name="Service Container &gt; Container Management &gt; should clear all services" time="0.000104084">
        </testcase>
        <testcase classname="src/__tests__/core/container.test.ts" name="Service Container &gt; SERVICE_KEYS Constants &gt; should have all required service keys" time="0.000158875">
        </testcase>
        <testcase classname="src/__tests__/core/container.test.ts" name="Service Container &gt; SERVICE_KEYS Constants &gt; should have unique service key values" time="0.000217833">
        </testcase>
        <testcase classname="src/__tests__/core/container.test.ts" name="Service Container &gt; Error Handling &gt; should handle factory function errors gracefully" time="0.0001255">
        </testcase>
        <testcase classname="src/__tests__/core/container.test.ts" name="Service Container &gt; Error Handling &gt; should provide meaningful error messages" time="0.000081667">
        </testcase>
    </testsuite>
    <testsuite name="src/__tests__/core/engine-new-features.test.ts" timestamp="2025-07-02T02:41:39.949Z" hostname="MacBookPro.lan" tests="15" failures="0" errors="0" skipped="0" time="0.120674208">
        <testcase classname="src/__tests__/core/engine-new-features.test.ts" name="SliderEngine - New Features (Phase 2.2) &gt; Play/Pause Toggle Feature &gt; should start with isPlaying false" time="0.001062917">
        </testcase>
        <testcase classname="src/__tests__/core/engine-new-features.test.ts" name="SliderEngine - New Features (Phase 2.2) &gt; Play/Pause Toggle Feature &gt; should toggle from not playing to playing" time="0.000327916">
        </testcase>
        <testcase classname="src/__tests__/core/engine-new-features.test.ts" name="SliderEngine - New Features (Phase 2.2) &gt; Play/Pause Toggle Feature &gt; should toggle from playing to not playing" time="0.000216916">
        </testcase>
        <testcase classname="src/__tests__/core/engine-new-features.test.ts" name="SliderEngine - New Features (Phase 2.2) &gt; Play/Pause Toggle Feature &gt; should maintain play state through multiple toggles" time="0.000225958">
        </testcase>
        <testcase classname="src/__tests__/core/engine-new-features.test.ts" name="SliderEngine - New Features (Phase 2.2) &gt; Play/Pause Toggle Feature &gt; should emit PLAY_STATE_CHANGED event when toggling" time="0.001365208">
        </testcase>
        <testcase classname="src/__tests__/core/engine-new-features.test.ts" name="SliderEngine - New Features (Phase 2.2) &gt; Play/Pause Toggle Feature &gt; should update accessibility state when toggling play/pause" time="0.0003415">
        </testcase>
        <testcase classname="src/__tests__/core/engine-new-features.test.ts" name="SliderEngine - New Features (Phase 2.2) &gt; Play/Pause Toggle Feature &gt; should handle accessibility updates gracefully when controller is not available" time="0.004474583">
        </testcase>
        <testcase classname="src/__tests__/core/engine-new-features.test.ts" name="SliderEngine - New Features (Phase 2.2) &gt; Escape Key Feature &gt; should handle escape without throwing errors" time="0.003649541">
        </testcase>
        <testcase classname="src/__tests__/core/engine-new-features.test.ts" name="SliderEngine - New Features (Phase 2.2) &gt; Escape Key Feature &gt; should emit error event if navigation fails" time="0.085661917">
        </testcase>
        <testcase classname="src/__tests__/core/engine-new-features.test.ts" name="SliderEngine - New Features (Phase 2.2) &gt; Escape Key Feature &gt; should pause if playing when escape is pressed" time="0.000406625">
        </testcase>
        <testcase classname="src/__tests__/core/engine-new-features.test.ts" name="SliderEngine - New Features (Phase 2.2) &gt; Escape Key Feature &gt; should update accessibility state when escape resets play state" time="0.016449292">
        </testcase>
        <testcase classname="src/__tests__/core/engine-new-features.test.ts" name="SliderEngine - New Features (Phase 2.2) &gt; Integration Behavior &gt; should maintain independent state for play/pause and escape features" time="0.00030425">
        </testcase>
        <testcase classname="src/__tests__/core/engine-new-features.test.ts" name="SliderEngine - New Features (Phase 2.2) &gt; Integration Behavior &gt; should emit appropriate events for all new features" time="0.000191583">
        </testcase>
        <testcase classname="src/__tests__/core/engine-new-features.test.ts" name="SliderEngine - New Features (Phase 2.2) &gt; Type Safety and API Consistency &gt; should have consistent return types" time="0.00017575">
        </testcase>
        <testcase classname="src/__tests__/core/engine-new-features.test.ts" name="SliderEngine - New Features (Phase 2.2) &gt; Type Safety and API Consistency &gt; should work correctly when called in any order" time="0.000203166">
        </testcase>
    </testsuite>
    <testsuite name="src/__tests__/core/engine.test.ts" timestamp="2025-07-02T02:41:39.956Z" hostname="MacBookPro.lan" tests="32" failures="0" errors="0" skipped="0" time="0.128463917">
        <testcase classname="src/__tests__/core/engine.test.ts" name="SliderEngine &gt; Initialization &gt; should initialize successfully with valid config" time="0.003598084">
        </testcase>
        <testcase classname="src/__tests__/core/engine.test.ts" name="SliderEngine &gt; Initialization &gt; should handle initialization errors gracefully" time="0.001113917">
        </testcase>
        <testcase classname="src/__tests__/core/engine.test.ts" name="SliderEngine &gt; Initialization &gt; should set loading progress during initialization" time="0.000317791">
        </testcase>
        <testcase classname="src/__tests__/core/engine.test.ts" name="SliderEngine &gt; Navigation &gt; should navigate to specific slide" time="0.000655584">
        </testcase>
        <testcase classname="src/__tests__/core/engine.test.ts" name="SliderEngine &gt; Navigation &gt; should use physics for animated transitions" time="0.000348416">
        </testcase>
        <testcase classname="src/__tests__/core/engine.test.ts" name="SliderEngine &gt; Navigation &gt; should skip animation for instant transitions" time="0.00033325">
        </testcase>
        <testcase classname="src/__tests__/core/engine.test.ts" name="SliderEngine &gt; Navigation &gt; should reject invalid slide indices" time="0.000234417">
        </testcase>
        <testcase classname="src/__tests__/core/engine.test.ts" name="SliderEngine &gt; Navigation &gt; should prevent navigation during transitions" time="0.101603584">
        </testcase>
        <testcase classname="src/__tests__/core/engine.test.ts" name="SliderEngine &gt; Navigation &gt; should navigate to next slide with wraparound" time="0.001283208">
        </testcase>
        <testcase classname="src/__tests__/core/engine.test.ts" name="SliderEngine &gt; Navigation &gt; should navigate to previous slide with wraparound" time="0.000394208">
        </testcase>
        <testcase classname="src/__tests__/core/engine.test.ts" name="SliderEngine &gt; Navigation &gt; should update accessibility state during navigation" time="0.000489541">
        </testcase>
        <testcase classname="src/__tests__/core/engine.test.ts" name="SliderEngine &gt; Navigation &gt; should update accessibility state during next/previous navigation" time="0.000385791">
        </testcase>
        <testcase classname="src/__tests__/core/engine.test.ts" name="SliderEngine &gt; Navigation &gt; should handle navigation errors gracefully" time="0.000422042">
        </testcase>
        <testcase classname="src/__tests__/core/engine.test.ts" name="SliderEngine &gt; State Management &gt; should return current state" time="0.000330791">
        </testcase>
        <testcase classname="src/__tests__/core/engine.test.ts" name="SliderEngine &gt; State Management &gt; should return current index" time="0.00024925">
        </testcase>
        <testcase classname="src/__tests__/core/engine.test.ts" name="SliderEngine &gt; State Management &gt; should return total slides" time="0.000245875">
        </testcase>
        <testcase classname="src/__tests__/core/engine.test.ts" name="SliderEngine &gt; State Management &gt; should return transition status" time="0.000264417">
        </testcase>
        <testcase classname="src/__tests__/core/engine.test.ts" name="SliderEngine &gt; State Management &gt; should emit state change events" time="0.000674917">
        </testcase>
        <testcase classname="src/__tests__/core/engine.test.ts" name="SliderEngine &gt; Event Handling &gt; should subscribe to events" time="0.000471417">
        </testcase>
        <testcase classname="src/__tests__/core/engine.test.ts" name="SliderEngine &gt; Event Handling &gt; should unsubscribe from events" time="0.000755208">
        </testcase>
        <testcase classname="src/__tests__/core/engine.test.ts" name="SliderEngine &gt; Event Handling &gt; should emit events" time="0.000709458">
        </testcase>
        <testcase classname="src/__tests__/core/engine.test.ts" name="SliderEngine &gt; Drag Interactions &gt; should handle drag start events" time="0.00050225">
        </testcase>
        <testcase classname="src/__tests__/core/engine.test.ts" name="SliderEngine &gt; Drag Interactions &gt; should apply scale effect during drag move" time="0.006321708">
        </testcase>
        <testcase classname="src/__tests__/core/engine.test.ts" name="SliderEngine &gt; Drag Interactions &gt; should reset scale on drag end" time="0.001225667">
        </testcase>
        <testcase classname="src/__tests__/core/engine.test.ts" name="SliderEngine &gt; Input Callbacks &gt; should handle swipe left input" time="0.000632042">
        </testcase>
        <testcase classname="src/__tests__/core/engine.test.ts" name="SliderEngine &gt; Input Callbacks &gt; should handle swipe right input" time="0.000370792">
        </testcase>
        <testcase classname="src/__tests__/core/engine.test.ts" name="SliderEngine &gt; Input Callbacks &gt; should handle keyboard left input" time="0.000279083">
        </testcase>
        <testcase classname="src/__tests__/core/engine.test.ts" name="SliderEngine &gt; Input Callbacks &gt; should handle keyboard right input" time="0.00033325">
        </testcase>
        <testcase classname="src/__tests__/core/engine.test.ts" name="SliderEngine &gt; Cleanup and Destruction &gt; should destroy all services and reset state" time="0.000550542">
        </testcase>
        <testcase classname="src/__tests__/core/engine.test.ts" name="SliderEngine &gt; Edge Cases &gt; should handle empty image array" time="0.000375833">
        </testcase>
        <testcase classname="src/__tests__/core/engine.test.ts" name="SliderEngine &gt; Edge Cases &gt; should handle navigation before initialization" time="0.000454167">
        </testcase>
        <testcase classname="src/__tests__/core/engine.test.ts" name="SliderEngine &gt; Edge Cases &gt; should handle missing services gracefully" time="0.00056175">
        </testcase>
    </testsuite>
    <testsuite name="src/__tests__/core/event-emitter.test.ts" timestamp="2025-07-02T02:41:39.989Z" hostname="MacBookPro.lan" tests="13" failures="0" errors="0" skipped="0" time="0.034345334">
        <testcase classname="src/__tests__/core/event-emitter.test.ts" name="SimpleEventEmitter &gt; Event Subscription &gt; should register event listeners" time="0.002532458">
        </testcase>
        <testcase classname="src/__tests__/core/event-emitter.test.ts" name="SimpleEventEmitter &gt; Event Subscription &gt; should handle multiple listeners for same event" time="0.001120917">
        </testcase>
        <testcase classname="src/__tests__/core/event-emitter.test.ts" name="SimpleEventEmitter &gt; Event Subscription &gt; should handle multiple events independently" time="0.000410167">
        </testcase>
        <testcase classname="src/__tests__/core/event-emitter.test.ts" name="SimpleEventEmitter &gt; Event Emission &gt; should emit events with correct data" time="0.000574">
        </testcase>
        <testcase classname="src/__tests__/core/event-emitter.test.ts" name="SimpleEventEmitter &gt; Event Emission &gt; should handle events with no listeners" time="0.000391459">
        </testcase>
        <testcase classname="src/__tests__/core/event-emitter.test.ts" name="SimpleEventEmitter &gt; Event Emission &gt; should emit events without data" time="0.000174042">
        </testcase>
        <testcase classname="src/__tests__/core/event-emitter.test.ts" name="SimpleEventEmitter &gt; Event Unsubscription &gt; should remove specific listener" time="0.000190708">
        </testcase>
        <testcase classname="src/__tests__/core/event-emitter.test.ts" name="SimpleEventEmitter &gt; Event Unsubscription &gt; should remove all listeners for an event" time="0.000182916">
        </testcase>
        <testcase classname="src/__tests__/core/event-emitter.test.ts" name="SimpleEventEmitter &gt; Event Unsubscription &gt; should handle removing non-existent listener" time="0.000256875">
        </testcase>
        <testcase classname="src/__tests__/core/event-emitter.test.ts" name="SimpleEventEmitter &gt; Event Unsubscription &gt; should handle removing from non-existent event" time="0.000105125">
        </testcase>
        <testcase classname="src/__tests__/core/event-emitter.test.ts" name="SimpleEventEmitter &gt; Event Listener Management &gt; should not affect other events when removing listeners" time="0.000198542">
        </testcase>
        <testcase classname="src/__tests__/core/event-emitter.test.ts" name="SimpleEventEmitter &gt; Error Handling &gt; should handle listener errors gracefully" time="0.000345">
        </testcase>
        <testcase classname="src/__tests__/core/event-emitter.test.ts" name="SimpleEventEmitter &gt; Memory Management &gt; should not leak memory when adding/removing many listeners" time="0.025847708">
        </testcase>
    </testsuite>
    <testsuite name="src/__tests__/core/sprite-helpers.test.ts" timestamp="2025-07-02T02:41:39.992Z" hostname="MacBookPro.lan" tests="52" failures="0" errors="0" skipped="0" time="0.007250084">
        <testcase classname="src/__tests__/core/sprite-helpers.test.ts" name="Sprite Helpers &gt; getBaseScale &gt; should return baseScale when property exists" time="0.000816416">
        </testcase>
        <testcase classname="src/__tests__/core/sprite-helpers.test.ts" name="Sprite Helpers &gt; getBaseScale &gt; should return SCALE.DEFAULT when baseScale is undefined" time="0.000198167">
        </testcase>
        <testcase classname="src/__tests__/core/sprite-helpers.test.ts" name="Sprite Helpers &gt; getBaseScale &gt; should return SCALE.DEFAULT when baseScale is null" time="0.000084958">
        </testcase>
        <testcase classname="src/__tests__/core/sprite-helpers.test.ts" name="Sprite Helpers &gt; getBaseScale &gt; should return SCALE.DEFAULT when baseScale is 0" time="0.000141167">
        </testcase>
        <testcase classname="src/__tests__/core/sprite-helpers.test.ts" name="Sprite Helpers &gt; getBaseScale &gt; should handle very small baseScale values" time="0.000072333">
        </testcase>
        <testcase classname="src/__tests__/core/sprite-helpers.test.ts" name="Sprite Helpers &gt; getBaseScale &gt; should handle very large baseScale values" time="0.000074084">
        </testcase>
        <testcase classname="src/__tests__/core/sprite-helpers.test.ts" name="Sprite Helpers &gt; getBaseScale &gt; should handle negative baseScale values" time="0.000060125">
        </testcase>
        <testcase classname="src/__tests__/core/sprite-helpers.test.ts" name="Sprite Helpers &gt; setBaseScale &gt; should set baseScale property on sprite" time="0.000108292">
        </testcase>
        <testcase classname="src/__tests__/core/sprite-helpers.test.ts" name="Sprite Helpers &gt; setBaseScale &gt; should overwrite existing baseScale" time="0.000234417">
        </testcase>
        <testcase classname="src/__tests__/core/sprite-helpers.test.ts" name="Sprite Helpers &gt; setBaseScale &gt; should handle zero scale" time="0.000072958">
        </testcase>
        <testcase classname="src/__tests__/core/sprite-helpers.test.ts" name="Sprite Helpers &gt; setBaseScale &gt; should handle negative scale" time="0.000048417">
        </testcase>
        <testcase classname="src/__tests__/core/sprite-helpers.test.ts" name="Sprite Helpers &gt; setBaseScale &gt; should handle decimal scale values" time="0.000041959">
        </testcase>
        <testcase classname="src/__tests__/core/sprite-helpers.test.ts" name="Sprite Helpers &gt; setBaseScale &gt; should handle very large scale values" time="0.000041583">
        </testcase>
        <testcase classname="src/__tests__/core/sprite-helpers.test.ts" name="Sprite Helpers &gt; calculateFinalScale &gt; should multiply base scale by multiplier" time="0.000092792">
        </testcase>
        <testcase classname="src/__tests__/core/sprite-helpers.test.ts" name="Sprite Helpers &gt; calculateFinalScale &gt; should use SCALE.DEFAULT when baseScale not set" time="0.000043209">
        </testcase>
        <testcase classname="src/__tests__/core/sprite-helpers.test.ts" name="Sprite Helpers &gt; calculateFinalScale &gt; should handle zero multiplier" time="0.000042541">
        </testcase>
        <testcase classname="src/__tests__/core/sprite-helpers.test.ts" name="Sprite Helpers &gt; calculateFinalScale &gt; should handle negative multiplier" time="0.000041416">
        </testcase>
        <testcase classname="src/__tests__/core/sprite-helpers.test.ts" name="Sprite Helpers &gt; calculateFinalScale &gt; should handle very small multipliers" time="0.000042333">
        </testcase>
        <testcase classname="src/__tests__/core/sprite-helpers.test.ts" name="Sprite Helpers &gt; calculateFinalScale &gt; should handle very large multipliers" time="0.000042084">
        </testcase>
        <testcase classname="src/__tests__/core/sprite-helpers.test.ts" name="Sprite Helpers &gt; applyUniformScale &gt; should apply scale to both x and y" time="0.000070125">
        </testcase>
        <testcase classname="src/__tests__/core/sprite-helpers.test.ts" name="Sprite Helpers &gt; applyUniformScale &gt; should handle zero scale" time="0.000054375">
        </testcase>
        <testcase classname="src/__tests__/core/sprite-helpers.test.ts" name="Sprite Helpers &gt; applyUniformScale &gt; should handle negative scales" time="0.000048459">
        </testcase>
        <testcase classname="src/__tests__/core/sprite-helpers.test.ts" name="Sprite Helpers &gt; applyUniformScale &gt; should overwrite existing different x/y scales" time="0.000050542">
        </testcase>
        <testcase classname="src/__tests__/core/sprite-helpers.test.ts" name="Sprite Helpers &gt; applyUniformScale &gt; should handle very small scales" time="0.000049292">
        </testcase>
        <testcase classname="src/__tests__/core/sprite-helpers.test.ts" name="Sprite Helpers &gt; applyUniformScale &gt; should handle very large scales" time="0.000048">
        </testcase>
        <testcase classname="src/__tests__/core/sprite-helpers.test.ts" name="Sprite Helpers &gt; normalizeScale &gt; should return scale within bounds unchanged" time="0.000104041">
        </testcase>
        <testcase classname="src/__tests__/core/sprite-helpers.test.ts" name="Sprite Helpers &gt; normalizeScale &gt; should clamp scale to minimum" time="0.00004275">
        </testcase>
        <testcase classname="src/__tests__/core/sprite-helpers.test.ts" name="Sprite Helpers &gt; normalizeScale &gt; should clamp scale to maximum" time="0.000038458">
        </testcase>
        <testcase classname="src/__tests__/core/sprite-helpers.test.ts" name="Sprite Helpers &gt; normalizeScale &gt; should handle scale exactly at minimum" time="0.000039541">
        </testcase>
        <testcase classname="src/__tests__/core/sprite-helpers.test.ts" name="Sprite Helpers &gt; normalizeScale &gt; should handle scale exactly at maximum" time="0.000038833">
        </testcase>
        <testcase classname="src/__tests__/core/sprite-helpers.test.ts" name="Sprite Helpers &gt; normalizeScale &gt; should handle zero scale" time="0.000042667">
        </testcase>
        <testcase classname="src/__tests__/core/sprite-helpers.test.ts" name="Sprite Helpers &gt; normalizeScale &gt; should handle very small positive scales" time="0.00008475">
        </testcase>
        <testcase classname="src/__tests__/core/sprite-helpers.test.ts" name="Sprite Helpers &gt; calculateDragScaleFactor &gt; should calculate scale factor from drag distance" time="0.000059708">
        </testcase>
        <testcase classname="src/__tests__/core/sprite-helpers.test.ts" name="Sprite Helpers &gt; calculateDragScaleFactor &gt; should cap at maximum when distance exceeds threshold" time="0.000040583">
        </testcase>
        <testcase classname="src/__tests__/core/sprite-helpers.test.ts" name="Sprite Helpers &gt; calculateDragScaleFactor &gt; should handle zero distance" time="0.000039">
        </testcase>
        <testcase classname="src/__tests__/core/sprite-helpers.test.ts" name="Sprite Helpers &gt; calculateDragScaleFactor &gt; should handle negative distance (absolute value)" time="0.00003975">
        </testcase>
        <testcase classname="src/__tests__/core/sprite-helpers.test.ts" name="Sprite Helpers &gt; calculateDragScaleFactor &gt; should handle zero intensity" time="0.000038208">
        </testcase>
        <testcase classname="src/__tests__/core/sprite-helpers.test.ts" name="Sprite Helpers &gt; calculateDragScaleFactor &gt; should handle negative intensity" time="0.00003725">
        </testcase>
        <testcase classname="src/__tests__/core/sprite-helpers.test.ts" name="Sprite Helpers &gt; calculateDragScaleFactor &gt; should handle zero threshold gracefully" time="0.000038333">
        </testcase>
        <testcase classname="src/__tests__/core/sprite-helpers.test.ts" name="Sprite Helpers &gt; calculateDragScaleFactor &gt; should handle very small thresholds" time="0.000037334">
        </testcase>
        <testcase classname="src/__tests__/core/sprite-helpers.test.ts" name="Sprite Helpers &gt; calculateDragScaleFactor &gt; should handle high intensity values" time="0.000040833">
        </testcase>
        <testcase classname="src/__tests__/core/sprite-helpers.test.ts" name="Sprite Helpers &gt; Edge Cases and Error Handling &gt; should throw appropriate errors for null sprites" time="0.000430667">
        </testcase>
        <testcase classname="src/__tests__/core/sprite-helpers.test.ts" name="Sprite Helpers &gt; Edge Cases and Error Handling &gt; should throw appropriate errors for undefined sprites" time="0.000123291">
        </testcase>
        <testcase classname="src/__tests__/core/sprite-helpers.test.ts" name="Sprite Helpers &gt; Edge Cases and Error Handling &gt; should handle sprites with missing properties" time="0.000122833">
        </testcase>
        <testcase classname="src/__tests__/core/sprite-helpers.test.ts" name="Sprite Helpers &gt; Edge Cases and Error Handling &gt; should handle infinite and NaN values" time="0.000130292">
        </testcase>
        <testcase classname="src/__tests__/core/sprite-helpers.test.ts" name="Sprite Helpers &gt; Edge Cases and Error Handling &gt; should handle NaN in normalize scale" time="0.000040583">
        </testcase>
        <testcase classname="src/__tests__/core/sprite-helpers.test.ts" name="Sprite Helpers &gt; Edge Cases and Error Handling &gt; should handle Infinity in normalize scale" time="0.000041291">
        </testcase>
        <testcase classname="src/__tests__/core/sprite-helpers.test.ts" name="Sprite Helpers &gt; Performance &gt; should efficiently handle many scale operations" time="0.000470083">
        </testcase>
        <testcase classname="src/__tests__/core/sprite-helpers.test.ts" name="Sprite Helpers &gt; Performance &gt; should efficiently normalize many scales" time="0.000231542">
        </testcase>
        <testcase classname="src/__tests__/core/sprite-helpers.test.ts" name="Sprite Helpers &gt; Performance &gt; should efficiently calculate many drag scale factors" time="0.000201875">
        </testcase>
        <testcase classname="src/__tests__/core/sprite-helpers.test.ts" name="Sprite Helpers &gt; Integration Scenarios &gt; should work together for common drag interaction pattern" time="0.000096917">
        </testcase>
        <testcase classname="src/__tests__/core/sprite-helpers.test.ts" name="Sprite Helpers &gt; Integration Scenarios &gt; should maintain consistency across multiple operations" time="0.000064209">
        </testcase>
    </testsuite>
    <testsuite name="src/__tests__/physics/engine.test.ts" timestamp="2025-07-02T02:41:40.010Z" hostname="MacBookPro.lan" tests="24" failures="0" errors="0" skipped="0" time="0.008347">
        <testcase classname="src/__tests__/physics/engine.test.ts" name="SliderPhysicsEngine &gt; Configuration Management &gt; should have default configuration" time="0.001005875">
        </testcase>
        <testcase classname="src/__tests__/physics/engine.test.ts" name="SliderPhysicsEngine &gt; Configuration Management &gt; should update configuration partially" time="0.000257792">
        </testcase>
        <testcase classname="src/__tests__/physics/engine.test.ts" name="SliderPhysicsEngine &gt; Configuration Management &gt; should update multiple configuration properties" time="0.000189">
        </testcase>
        <testcase classname="src/__tests__/physics/engine.test.ts" name="SliderPhysicsEngine &gt; Transition Calculations &gt; should calculate basic transition sequence" time="0.000958875">
        </testcase>
        <testcase classname="src/__tests__/physics/engine.test.ts" name="SliderPhysicsEngine &gt; Transition Calculations &gt; should include source sprite exit when different from target" time="0.000234417">
        </testcase>
        <testcase classname="src/__tests__/physics/engine.test.ts" name="SliderPhysicsEngine &gt; Transition Calculations &gt; should not include source sprite when same as target" time="0.000190875">
        </testcase>
        <testcase classname="src/__tests__/physics/engine.test.ts" name="SliderPhysicsEngine &gt; Transition Calculations &gt; should handle invalid indices gracefully" time="0.000154">
        </testcase>
        <testcase classname="src/__tests__/physics/engine.test.ts" name="SliderPhysicsEngine &gt; Transition Calculations &gt; should use configuration values in calculations" time="0.000283709">
        </testcase>
        <testcase classname="src/__tests__/physics/engine.test.ts" name="SliderPhysicsEngine &gt; Swipe Calculations &gt; should calculate swipe animation with positive direction" time="0.000418083">
        </testcase>
        <testcase classname="src/__tests__/physics/engine.test.ts" name="SliderPhysicsEngine &gt; Swipe Calculations &gt; should calculate swipe animation with negative direction" time="0.000174083">
        </testcase>
        <testcase classname="src/__tests__/physics/engine.test.ts" name="SliderPhysicsEngine &gt; Swipe Calculations &gt; should clamp intensity to valid range" time="0.00021575">
        </testcase>
        <testcase classname="src/__tests__/physics/engine.test.ts" name="SliderPhysicsEngine &gt; Swipe Calculations &gt; should use configuration values" time="0.000155875">
        </testcase>
        <testcase classname="src/__tests__/physics/engine.test.ts" name="SliderPhysicsEngine &gt; Scale Calculations &gt; should calculate basic scale animation" time="0.000107875">
        </testcase>
        <testcase classname="src/__tests__/physics/engine.test.ts" name="SliderPhysicsEngine &gt; Scale Calculations &gt; should use custom duration" time="0.000072458">
        </testcase>
        <testcase classname="src/__tests__/physics/engine.test.ts" name="SliderPhysicsEngine &gt; Scale Calculations &gt; should prevent zero or negative scale" time="0.000056458">
        </testcase>
        <testcase classname="src/__tests__/physics/engine.test.ts" name="SliderPhysicsEngine &gt; Scale Calculations &gt; should enforce minimum duration" time="0.000053625">
        </testcase>
        <testcase classname="src/__tests__/physics/engine.test.ts" name="SliderPhysicsEngine &gt; Advanced Calculations &gt; should determine slide change threshold" time="0.000099334">
        </testcase>
        <testcase classname="src/__tests__/physics/engine.test.ts" name="SliderPhysicsEngine &gt; Advanced Calculations &gt; should calculate adaptive timing" time="0.000123334">
        </testcase>
        <testcase classname="src/__tests__/physics/engine.test.ts" name="SliderPhysicsEngine &gt; Advanced Calculations &gt; should calculate momentum decay" time="0.000068084">
        </testcase>
        <testcase classname="src/__tests__/physics/engine.test.ts" name="SliderPhysicsEngine &gt; Advanced Calculations &gt; should calculate spring force" time="0.000062417">
        </testcase>
        <testcase classname="src/__tests__/physics/engine.test.ts" name="SliderPhysicsEngine &gt; Edge Cases &gt; should handle empty sprite array transition" time="0.000163">
        </testcase>
        <testcase classname="src/__tests__/physics/engine.test.ts" name="SliderPhysicsEngine &gt; Edge Cases &gt; should handle single sprite transition" time="0.000570833">
        </testcase>
        <testcase classname="src/__tests__/physics/engine.test.ts" name="SliderPhysicsEngine &gt; Edge Cases &gt; should handle zero intensity swipe" time="0.000185542">
        </testcase>
        <testcase classname="src/__tests__/physics/engine.test.ts" name="SliderPhysicsEngine &gt; Edge Cases &gt; should handle maximum intensity swipe" time="0.000127375">
        </testcase>
    </testsuite>
    <testsuite name="src/__tests__/physics/facade-unit.test.ts" timestamp="2025-07-02T02:41:40.012Z" hostname="MacBookPro.lan" tests="21" failures="0" errors="0" skipped="0" time="0.026816667">
        <testcase classname="src/__tests__/physics/facade-unit.test.ts" name="SliderPhysics Facade Unit Tests &gt; Facade API and Delegation &gt; should delegate getPhysicsConfig to engine" time="0.002722666">
        </testcase>
        <testcase classname="src/__tests__/physics/facade-unit.test.ts" name="SliderPhysics Facade Unit Tests &gt; Facade API and Delegation &gt; should delegate setPhysicsConfig to engine" time="0.002220167">
        </testcase>
        <testcase classname="src/__tests__/physics/facade-unit.test.ts" name="SliderPhysics Facade Unit Tests &gt; Facade API and Delegation &gt; should delegate performance stats to renderer" time="0.001011333">
        </testcase>
        <testcase classname="src/__tests__/physics/facade-unit.test.ts" name="SliderPhysics Facade Unit Tests &gt; Facade API and Delegation &gt; should delegate cleanup to renderer" time="0.000330209">
        </testcase>
        <testcase classname="src/__tests__/physics/facade-unit.test.ts" name="SliderPhysics Facade Unit Tests &gt; Facade API and Delegation &gt; should delegate killAllAnimations to renderer" time="0.000470292">
        </testcase>
        <testcase classname="src/__tests__/physics/facade-unit.test.ts" name="SliderPhysics Facade Unit Tests &gt; Animation Coordination Logic &gt; should coordinate transition animation between engine and renderer" time="0.001492833">
        </testcase>
        <testcase classname="src/__tests__/physics/facade-unit.test.ts" name="SliderPhysics Facade Unit Tests &gt; Animation Coordination Logic &gt; should coordinate swipe animation between engine and renderer" time="0.000826583">
        </testcase>
        <testcase classname="src/__tests__/physics/facade-unit.test.ts" name="SliderPhysics Facade Unit Tests &gt; Animation Coordination Logic &gt; should coordinate scale animation between engine and renderer" time="0.000546542">
        </testcase>
        <testcase classname="src/__tests__/physics/facade-unit.test.ts" name="SliderPhysics Facade Unit Tests &gt; Sprite Management Logic &gt; should manage sprite array and delegate to renderer" time="0.000715541">
        </testcase>
        <testcase classname="src/__tests__/physics/facade-unit.test.ts" name="SliderPhysics Facade Unit Tests &gt; Sprite Management Logic &gt; should handle sprite addition for swipe animations" time="0.00037525">
        </testcase>
        <testcase classname="src/__tests__/physics/facade-unit.test.ts" name="SliderPhysics Facade Unit Tests &gt; Sprite Management Logic &gt; should coordinate batch animations with renderer" time="0.000546666">
        </testcase>
        <testcase classname="src/__tests__/physics/facade-unit.test.ts" name="SliderPhysics Facade Unit Tests &gt; Advanced Delegation Methods &gt; should delegate shouldTriggerSlideChange to kinetic physics" time="0.0014705">
        </testcase>
        <testcase classname="src/__tests__/physics/facade-unit.test.ts" name="SliderPhysics Facade Unit Tests &gt; Advanced Delegation Methods &gt; should delegate calculateAdaptiveTiming to engine" time="0.001625167">
        </testcase>
        <testcase classname="src/__tests__/physics/facade-unit.test.ts" name="SliderPhysics Facade Unit Tests &gt; Advanced Delegation Methods &gt; should handle momentum calculations through kinetic physics" time="0.0009175">
        </testcase>
        <testcase classname="src/__tests__/physics/facade-unit.test.ts" name="SliderPhysics Facade Unit Tests &gt; Advanced Delegation Methods &gt; should handle spring calculations through spring physics" time="0.000427375">
        </testcase>
        <testcase classname="src/__tests__/physics/facade-unit.test.ts" name="SliderPhysics Facade Unit Tests &gt; Facade State Management &gt; should initialize with proper dependencies" time="0.000432416">
        </testcase>
        <testcase classname="src/__tests__/physics/facade-unit.test.ts" name="SliderPhysics Facade Unit Tests &gt; Facade State Management &gt; should handle configuration correctly during injection" time="0.000440084">
        </testcase>
        <testcase classname="src/__tests__/physics/facade-unit.test.ts" name="SliderPhysics Facade Unit Tests &gt; Facade State Management &gt; should handle sprite management correctly" time="0.000485791">
        </testcase>
        <testcase classname="src/__tests__/physics/facade-unit.test.ts" name="SliderPhysics Facade Unit Tests &gt; Error Handling and Edge Cases &gt; should handle edge cases in transition animation" time="0.005979">
        </testcase>
        <testcase classname="src/__tests__/physics/facade-unit.test.ts" name="SliderPhysics Facade Unit Tests &gt; Error Handling and Edge Cases &gt; should handle edge cases in swipe animation" time="0.001046584">
        </testcase>
        <testcase classname="src/__tests__/physics/facade-unit.test.ts" name="SliderPhysics Facade Unit Tests &gt; Error Handling and Edge Cases &gt; should handle multiple cleanup calls gracefully" time="0.000390333">
        </testcase>
    </testsuite>
    <testsuite name="src/__tests__/physics/gsap-timeline-factory.test.ts" timestamp="2025-07-02T02:41:40.016Z" hostname="MacBookPro.lan" tests="44" failures="0" errors="0" skipped="0" time="0.069735333">
        <testcase classname="src/__tests__/physics/gsap-timeline-factory.test.ts" name="GSAPTimelineFactory &gt; Static Timeline Creation Methods &gt; createSlideTransition &gt; should create slide transition timeline with proper configuration" time="0.003542">
        </testcase>
        <testcase classname="src/__tests__/physics/gsap-timeline-factory.test.ts" name="GSAPTimelineFactory &gt; Static Timeline Creation Methods &gt; createSlideTransition &gt; should handle different scale intensities" time="0.0009615">
        </testcase>
        <testcase classname="src/__tests__/physics/gsap-timeline-factory.test.ts" name="GSAPTimelineFactory &gt; Static Timeline Creation Methods &gt; createSlideTransition &gt; should handle same sprite transition gracefully" time="0.000679125">
        </testcase>
[...]
        </testcase>
        <testcase classname="src/__tests__/physics/kinetic-physics.test.ts" name="KineticPhysics &gt; Static Snap Position Calculations &gt; should calculate snap to nearest slide position" time="0.00011675">
        </testcase>
        <testcase classname="src/__tests__/physics/kinetic-physics.test.ts" name="KineticPhysics &gt; Static Snap Position Calculations &gt; should snap to exact slide position" time="0.000053375">
        </testcase>
        <testcase classname="src/__tests__/physics/kinetic-physics.test.ts" name="KineticPhysics &gt; Static Snap Position Calculations &gt; should handle negative positions" time="0.000050917">
        </testcase>
        <testcase classname="src/__tests__/physics/kinetic-physics.test.ts" name="KineticPhysics &gt; Static Snap Position Calculations &gt; should calculate duration based on distance" time="0.000048875">
        </testcase>
        <testcase classname="src/__tests__/physics/kinetic-physics.test.ts" name="KineticPhysics &gt; Momentum Calculations &gt; should calculate momentum physics from drag interaction" time="0.000144458">
        </testcase>
        <testcase classname="src/__tests__/physics/kinetic-physics.test.ts" name="KineticPhysics &gt; Momentum Calculations &gt; should clamp velocity to maximum" time="0.000049375">
        </testcase>
        <testcase classname="src/__tests__/physics/kinetic-physics.test.ts" name="KineticPhysics &gt; Momentum Calculations &gt; should apply friction over time" time="0.000059958">
        </testcase>
        <testcase classname="src/__tests__/physics/kinetic-physics.test.ts" name="KineticPhysics &gt; Momentum Calculations &gt; should calculate scale factor from drag distance" time="0.000050125">
        </testcase>
        <testcase classname="src/__tests__/physics/kinetic-physics.test.ts" name="KineticPhysics &gt; Drag Scale Calculations &gt; should calculate scale from drag distance" time="0.000059375">
        </testcase>
        <testcase classname="src/__tests__/physics/kinetic-physics.test.ts" name="KineticPhysics &gt; Drag Scale Calculations &gt; should use custom base scale" time="0.000042708">
        </testcase>
        <testcase classname="src/__tests__/physics/kinetic-physics.test.ts" name="KineticPhysics &gt; Drag Scale Calculations &gt; should handle zero drag distance" time="0.0000405">
        </testcase>
        <testcase classname="src/__tests__/physics/kinetic-physics.test.ts" name="KineticPhysics &gt; Drag Scale Calculations &gt; should clamp drag distance to threshold" time="0.000814167">
        </testcase>
        <testcase classname="src/__tests__/physics/kinetic-physics.test.ts" name="KineticPhysics &gt; Slide Change Detection &gt; should trigger on distance threshold" time="0.004633708">
        </testcase>
        <testcase classname="src/__tests__/physics/kinetic-physics.test.ts" name="KineticPhysics &gt; Slide Change Detection &gt; should trigger on velocity threshold" time="0.000463833">
        </testcase>
        <testcase classname="src/__tests__/physics/kinetic-physics.test.ts" name="KineticPhysics &gt; Slide Change Detection &gt; should handle negative distance (absolute value)" time="0.0002125">
        </testcase>
        <testcase classname="src/__tests__/physics/kinetic-physics.test.ts" name="KineticPhysics &gt; Slide Change Detection &gt; should trigger if either threshold is met" time="0.000081625">
        </testcase>
        <testcase classname="src/__tests__/physics/kinetic-physics.test.ts" name="KineticPhysics &gt; Spring Reset Calculations &gt; should calculate spring physics for scale reset" time="0.000172542">
        </testcase>
        <testcase classname="src/__tests__/physics/kinetic-physics.test.ts" name="KineticPhysics &gt; Spring Reset Calculations &gt; should use default target scale" time="0.000276708">
        </testcase>
        <testcase classname="src/__tests__/physics/kinetic-physics.test.ts" name="KineticPhysics &gt; Spring Reset Calculations &gt; should calculate duration based on scale difference" time="0.000068125">
        </testcase>
        <testcase classname="src/__tests__/physics/kinetic-physics.test.ts" name="KineticPhysics &gt; Spring Reset Calculations &gt; should cap maximum duration" time="0.000051166">
        </testcase>
        <testcase classname="src/__tests__/physics/kinetic-physics.test.ts" name="KineticPhysics &gt; Edge Cases &gt; should handle zero values gracefully" time="0.000138833">
        </testcase>
        <testcase classname="src/__tests__/physics/kinetic-physics.test.ts" name="KineticPhysics &gt; Edge Cases &gt; should handle very large numbers" time="0.000358833">
        </testcase>
        <testcase classname="src/__tests__/physics/kinetic-physics.test.ts" name="KineticPhysics &gt; Edge Cases &gt; should handle very small numbers" time="0.000081625">
        </testcase>
        <testcase classname="src/__tests__/physics/kinetic-physics.test.ts" name="KineticPhysics &gt; Edge Cases &gt; should prevent division by zero" time="0.000060083">
        </testcase>
        <testcase classname="src/__tests__/physics/kinetic-physics.test.ts" name="KineticPhysics &gt; Performance and Integration &gt; should efficiently calculate many velocity values" time="0.000316959">
        </testcase>
        <testcase classname="src/__tests__/physics/kinetic-physics.test.ts" name="KineticPhysics &gt; Performance and Integration &gt; should handle rapid configuration updates efficiently" time="0.000085958">
        </testcase>
        <testcase classname="src/__tests__/physics/kinetic-physics.test.ts" name="KineticPhysics &gt; Performance and Integration &gt; should maintain configuration immutability" time="0.000046958">
        </testcase>
    </testsuite>
    <testsuite name="src/__tests__/physics/spring-physics-basic.test.ts" timestamp="2025-07-02T02:41:40.025Z" hostname="MacBookPro.lan" tests="20" failures="0" errors="0" skipped="0" time="0.006423666">
        <testcase classname="src/__tests__/physics/spring-physics-basic.test.ts" name="SpringPhysics - Basic Tests &gt; Initialization and Configuration &gt; should initialize with default configuration" time="0.0009725">
        </testcase>
        <testcase classname="src/__tests__/physics/spring-physics-basic.test.ts" name="SpringPhysics - Basic Tests &gt; Initialization and Configuration &gt; should accept custom configuration" time="0.00023125">
        </testcase>
        <testcase classname="src/__tests__/physics/spring-physics-basic.test.ts" name="SpringPhysics - Basic Tests &gt; Initialization and Configuration &gt; should update configuration" time="0.00019675">
        </testcase>
        <testcase classname="src/__tests__/physics/spring-physics-basic.test.ts" name="SpringPhysics - Basic Tests &gt; Initialization and Configuration &gt; should get immutable configuration copy" time="0.000065458">
        </testcase>
        <testcase classname="src/__tests__/physics/spring-physics-basic.test.ts" name="SpringPhysics - Basic Tests &gt; Static Spring Force Calculations &gt; should calculate spring force from displacement" time="0.000075375">
        </testcase>
        <testcase classname="src/__tests__/physics/spring-physics-basic.test.ts" name="SpringPhysics - Basic Tests &gt; Static Spring Force Calculations &gt; should calculate spring force with negative displacement" time="0.000072667">
        </testcase>
        <testcase classname="src/__tests__/physics/spring-physics-basic.test.ts" name="SpringPhysics - Basic Tests &gt; Static Spring Force Calculations &gt; should handle zero displacement" time="0.00009475">
        </testcase>
        <testcase classname="src/__tests__/physics/spring-physics-basic.test.ts" name="SpringPhysics - Basic Tests &gt; Static Spring Force Calculations &gt; should handle zero spring constant" time="0.000112333">
        </testcase>
        <testcase classname="src/__tests__/physics/spring-physics-basic.test.ts" name="SpringPhysics - Basic Tests &gt; Static Spring Force Calculations &gt; should use default spring constant when not provided" time="0.000187458">
        </testcase>
        <testcase classname="src/__tests__/physics/spring-physics-basic.test.ts" name="SpringPhysics - Basic Tests &gt; Elastic Motion Calculations &gt; should calculate elastic motion from position difference" time="0.0001695">
        </testcase>
        <testcase classname="src/__tests__/physics/spring-physics-basic.test.ts" name="SpringPhysics - Basic Tests &gt; Elastic Motion Calculations &gt; should handle zero displacement" time="0.000084458">
        </testcase>
        <testcase classname="src/__tests__/physics/spring-physics-basic.test.ts" name="SpringPhysics - Basic Tests &gt; Elastic Motion Calculations &gt; should handle negative displacement" time="0.000054584">
        </testcase>
        <testcase classname="src/__tests__/physics/spring-physics-basic.test.ts" name="SpringPhysics - Basic Tests &gt; Elastic Motion Calculations &gt; should calculate duration based on displacement magnitude" time="0.000049208">
        </testcase>
        <testcase classname="src/__tests__/physics/spring-physics-basic.test.ts" name="SpringPhysics - Basic Tests &gt; Elastic Motion Calculations &gt; should respect spring configuration" time="0.000048375">
        </testcase>
        <testcase classname="src/__tests__/physics/spring-physics-basic.test.ts" name="SpringPhysics - Basic Tests &gt; Edge Cases &gt; should handle very small spring constants" time="0.000060666">
        </testcase>
        <testcase classname="src/__tests__/physics/spring-physics-basic.test.ts" name="SpringPhysics - Basic Tests &gt; Edge Cases &gt; should handle very large displacements" time="0.000066208">
        </testcase>
        <testcase classname="src/__tests__/physics/spring-physics-basic.test.ts" name="SpringPhysics - Basic Tests &gt; Edge Cases &gt; should handle negative positions" time="0.000112125">
        </testcase>
        <testcase classname="src/__tests__/physics/spring-physics-basic.test.ts" name="SpringPhysics - Basic Tests &gt; Performance &gt; should efficiently calculate multiple spring forces" time="0.000148792">
        </testcase>
        <testcase classname="src/__tests__/physics/spring-physics-basic.test.ts" name="SpringPhysics - Basic Tests &gt; Performance &gt; should efficiently calculate multiple elastic motions" time="0.000090375">
        </testcase>
        <testcase classname="src/__tests__/physics/spring-physics-basic.test.ts" name="SpringPhysics - Basic Tests &gt; Performance &gt; should handle rapid configuration updates efficiently" time="0.001835375">
        </testcase>
    </testsuite>
    <testsuite name="src/__tests__/physics/velocity-tracker.test.ts" timestamp="2025-07-02T02:41:40.026Z" hostname="MacBookPro.lan" tests="27" failures="0" errors="0" skipped="0" time="0.04776125">
        <testcase classname="src/__tests__/physics/velocity-tracker.test.ts" name="VelocityTracker &gt; Initialization and Configuration &gt; should initialize with provided configuration" time="0.000923834">
        </testcase>
        <testcase classname="src/__tests__/physics/velocity-tracker.test.ts" name="VelocityTracker &gt; Initialization and Configuration &gt; should initialize with default configuration when none provided" time="0.000209459">
        </testcase>
        <testcase classname="src/__tests__/physics/velocity-tracker.test.ts" name="VelocityTracker &gt; Initialization and Configuration &gt; should handle partial configuration" time="0.000194042">
        </testcase>
        <testcase classname="src/__tests__/physics/velocity-tracker.test.ts" name="VelocityTracker &gt; Sample Recording &gt; should record position samples correctly" time="0.000615583">
        </testcase>
        <testcase classname="src/__tests__/physics/velocity-tracker.test.ts" name="VelocityTracker &gt; Sample Recording &gt; should respect buffer size limits" time="0.000150959">
        </testcase>
        <testcase classname="src/__tests__/physics/velocity-tracker.test.ts" name="VelocityTracker &gt; Sample Recording &gt; should handle rapid sample recording with throttling" time="0.000158917">
        </testcase>
        <testcase classname="src/__tests__/physics/velocity-tracker.test.ts" name="VelocityTracker &gt; Velocity Calculation &gt; should calculate velocity from multiple samples" time="0.0001625">
        </testcase>
        <testcase classname="src/__tests__/physics/velocity-tracker.test.ts" name="VelocityTracker &gt; Velocity Calculation &gt; should return zero velocity with insufficient samples" time="0.000164708">
        </testcase>
        <testcase classname="src/__tests__/physics/velocity-tracker.test.ts" name="VelocityTracker &gt; Velocity Calculation &gt; should calculate velocity direction correctly" time="0.000264125">
        </testcase>
        <testcase classname="src/__tests__/physics/velocity-tracker.test.ts" name="VelocityTracker &gt; Velocity Calculation &gt; should calculate velocity components correctly" time="0.000096666">
        </testcase>
        <testcase classname="src/__tests__/physics/velocity-tracker.test.ts" name="VelocityTracker &gt; Peak Velocity and Averages &gt; should detect peak velocity correctly" time="0.000072791">
        </testcase>
        <testcase classname="src/__tests__/physics/velocity-tracker.test.ts" name="VelocityTracker &gt; Peak Velocity and Averages &gt; should return zero for no samples" time="0.000044708">
        </testcase>
        <testcase classname="src/__tests__/physics/velocity-tracker.test.ts" name="VelocityTracker &gt; Peak Velocity and Averages &gt; should calculate average velocity" time="0.000054083">
        </testcase>
        <testcase classname="src/__tests__/physics/velocity-tracker.test.ts" name="VelocityTracker &gt; State Management &gt; should reset tracker state correctly" time="0.000164917">
        </testcase>
        <testcase classname="src/__tests__/physics/velocity-tracker.test.ts" name="VelocityTracker &gt; State Management &gt; should maintain configuration after reset" time="0.000348">
        </testcase>
        <testcase classname="src/__tests__/physics/velocity-tracker.test.ts" name="VelocityTracker &gt; State Management &gt; should update configuration correctly" time="0.000074916">
        </testcase>
        <testcase classname="src/__tests__/physics/velocity-tracker.test.ts" name="VelocityTracker &gt; Gesture Recognition &gt; should detect swipe gestures correctly" time="0.000077166">
        </testcase>
        <testcase classname="src/__tests__/physics/velocity-tracker.test.ts" name="VelocityTracker &gt; Gesture Recognition &gt; should reject non-swipe movements" time="0.000043417">
        </testcase>
        <testcase classname="src/__tests__/physics/velocity-tracker.test.ts" name="VelocityTracker &gt; Gesture Recognition &gt; should calculate total distance correctly" time="0.000047834">
        </testcase>
        <testcase classname="src/__tests__/physics/velocity-tracker.test.ts" name="VelocityTracker &gt; Gesture Recognition &gt; should calculate motion duration correctly" time="0.0000535">
        </testcase>
        <testcase classname="src/__tests__/physics/velocity-tracker.test.ts" name="VelocityTracker &gt; Position Prediction &gt; should predict future positions correctly" time="0.00008725">
        </testcase>
        <testcase classname="src/__tests__/physics/velocity-tracker.test.ts" name="VelocityTracker &gt; Position Prediction &gt; should handle prediction with no data" time="0.000053167">
        </testcase>
        <testcase classname="src/__tests__/physics/velocity-tracker.test.ts" name="VelocityTracker &gt; Performance &gt; should efficiently handle large numbers of samples" time="0.012738208">
        </testcase>
        <testcase classname="src/__tests__/physics/velocity-tracker.test.ts" name="VelocityTracker &gt; Performance &gt; should handle invalid inputs gracefully" time="0.006093958">
        </testcase>
        <testcase classname="src/__tests__/physics/velocity-tracker.test.ts" name="VelocityTracker &gt; Static Methods &gt; should calculate velocity between two points" time="0.003913709">
        </testcase>
        <testcase classname="src/__tests__/physics/velocity-tracker.test.ts" name="VelocityTracker &gt; Static Methods &gt; should calculate direction between two points" time="0.000418">
        </testcase>
        <testcase classname="src/__tests__/physics/velocity-tracker.test.ts" name="VelocityTracker &gt; Static Methods &gt; should handle zero time intervals in static calculation" time="0.018403917">
        </testcase>
    </testsuite>
    <testsuite name="src/__tests__/rendering/renderer.test.ts" timestamp="2025-07-02T02:41:40.028Z" hostname="MacBookPro.lan" tests="13" failures="0" errors="0" skipped="0" time="0.010548083">
        <testcase classname="src/__tests__/rendering/renderer.test.ts" name="SliderRenderer - Unified Implementation Tests &gt; Initialization &gt; should initialize with default configuration" time="0.001744416">
        </testcase>
        <testcase classname="src/__tests__/rendering/renderer.test.ts" name="SliderRenderer - Unified Implementation Tests &gt; Initialization &gt; should handle initialization with custom container" time="0.00041325">
        </testcase>
        <testcase classname="src/__tests__/rendering/renderer.test.ts" name="SliderRenderer - Unified Implementation Tests &gt; Sprite Management &gt; should create sprites from image URLs" time="0.000538334">
        </testcase>
        <testcase classname="src/__tests__/rendering/renderer.test.ts" name="SliderRenderer - Unified Implementation Tests &gt; Sprite Management &gt; should handle multiple sprite creation" time="0.000510792">
        </testcase>
        <testcase classname="src/__tests__/rendering/renderer.test.ts" name="SliderRenderer - Unified Implementation Tests &gt; Animation Methods &gt; should apply transition animations" time="0.000677333">
        </testcase>
        <testcase classname="src/__tests__/rendering/renderer.test.ts" name="SliderRenderer - Unified Implementation Tests &gt; Animation Methods &gt; should apply swipe animations" time="0.001013625">
        </testcase>
        <testcase classname="src/__tests__/rendering/renderer.test.ts" name="SliderRenderer - Unified Implementation Tests &gt; Animation Methods &gt; should handle scale animations" time="0.000511125">
        </testcase>
        <testcase classname="src/__tests__/rendering/renderer.test.ts" name="SliderRenderer - Unified Implementation Tests &gt; Resource Management &gt; should kill all animations" time="0.000396834">
        </testcase>
        <testcase classname="src/__tests__/rendering/renderer.test.ts" name="SliderRenderer - Unified Implementation Tests &gt; Resource Management &gt; should provide performance stats" time="0.000881583">
        </testcase>
        <testcase classname="src/__tests__/rendering/renderer.test.ts" name="SliderRenderer - Unified Implementation Tests &gt; Resource Management &gt; should cleanup resources properly" time="0.000415125">
        </testcase>
        <testcase classname="src/__tests__/rendering/renderer.test.ts" name="SliderRenderer - Unified Implementation Tests &gt; Resource Management &gt; should destroy resources properly" time="0.0003285">
        </testcase>
        <testcase classname="src/__tests__/rendering/renderer.test.ts" name="SliderRenderer - Unified Implementation Tests &gt; Error Handling &gt; should handle initialization errors gracefully" time="0.00050675">
        </testcase>
        <testcase classname="src/__tests__/rendering/renderer.test.ts" name="SliderRenderer - Unified Implementation Tests &gt; Error Handling &gt; should handle missing container gracefully" time="0.000396">
        </testcase>
    </testsuite>
</testsuites>
