<?xml version="1.0" encoding="UTF-8" ?>
<testsuites name="vitest tests" tests="478" failures="0" errors="0" time="4.474739372">
    <testsuite name="src/__tests__/placeholder.test.ts" timestamp="2025-07-02T02:22:06.096Z" hostname="MacBookPro.lan" tests="4" failures="0" errors="0" skipped="0" time="0.002707042">
        <testcase classname="src/__tests__/placeholder.test.ts" name="Development Infrastructure &gt; should load core constants" time="0.000654083">
        </testcase>
        <testcase classname="src/__tests__/placeholder.test.ts" name="Development Infrastructure &gt; should have test runner configured" time="0.000212292">
        </testcase>
        <testcase classname="src/__tests__/placeholder.test.ts" name="Development Infrastructure &gt; should be able to import dependencies" time="0.000466291">
        </testcase>
        <testcase classname="src/__tests__/placeholder.test.ts" name="Development Infrastructure &gt; should have core functionality" time="0.000079292">
        </testcase>
    </testsuite>
    <testsuite name="src/__tests__/core/container.test.ts" timestamp="2025-07-02T02:22:06.097Z" hostname="MacBookPro.lan" tests="11" failures="0" errors="0" skipped="0" time="0.007459041">
        <testcase classname="src/__tests__/core/container.test.ts" name="Service Container &gt; Service Registration &gt; should register and resolve a factory function" time="0.000988125">
        </testcase>
        <testcase classname="src/__tests__/core/container.test.ts" name="Service Container &gt; Service Registration &gt; should register and resolve an instance" time="0.000693875">
        </testcase>
        <testcase classname="src/__tests__/core/container.test.ts" name="Service Container &gt; Service Registration &gt; should create new instances for factory registrations" time="0.002434666">
        </testcase>
        <testcase classname="src/__tests__/core/container.test.ts" name="Service Container &gt; Service Registration &gt; should return same instance for singleton registrations" time="0.000150708">
        </testcase>
        <testcase classname="src/__tests__/core/container.test.ts" name="Service Container &gt; Service Resolution &gt; should throw error for unregistered service" time="0.00054">
        </testcase>
        <testcase classname="src/__tests__/core/container.test.ts" name="Service Container &gt; Service Resolution &gt; should check if service exists" time="0.0002065">
        </testcase>
        <testcase classname="src/__tests__/core/container.test.ts" name="Service Container &gt; Container Management &gt; should clear all services" time="0.000105">
        </testcase>
        <testcase classname="src/__tests__/core/container.test.ts" name="Service Container &gt; SERVICE_KEYS Constants &gt; should have all required service keys" time="0.000154875">
        </testcase>
        <testcase classname="src/__tests__/core/container.test.ts" name="Service Container &gt; SERVICE_KEYS Constants &gt; should have unique service key values" time="0.000297917">
        </testcase>
        <testcase classname="src/__tests__/core/container.test.ts" name="Service Container &gt; Error Handling &gt; should handle factory function errors gracefully" time="0.0001295">
        </testcase>
        <testcase classname="src/__tests__/core/container.test.ts" name="Service Container &gt; Error Handling &gt; should provide meaningful error messages" time="0.000079083">
        </testcase>
    </testsuite>
    <testsuite name="src/__tests__/core/engine-new-features.test.ts" timestamp="2025-07-02T02:22:06.099Z" hostname="MacBookPro.lan" tests="15" failures="0" errors="0" skipped="0" time="0.078853875">
        <testcase classname="src/__tests__/core/engine-new-features.test.ts" name="SliderEngine - New Features (Phase 2.2) &gt; Play/Pause Toggle Feature &gt; should start with isPlaying false" time="0.001474292">
        </testcase>
        <testcase classname="src/__tests__/core/engine-new-features.test.ts" name="SliderEngine - New Features (Phase 2.2) &gt; Play/Pause Toggle Feature &gt; should toggle from not playing to playing" time="0.00051875">
        </testcase>
        <testcase classname="src/__tests__/core/engine-new-features.test.ts" name="SliderEngine - New Features (Phase 2.2) &gt; Play/Pause Toggle Feature &gt; should toggle from playing to not playing" time="0.000596333">
        </testcase>
        <testcase classname="src/__tests__/core/engine-new-features.test.ts" name="SliderEngine - New Features (Phase 2.2) &gt; Play/Pause Toggle Feature &gt; should maintain play state through multiple toggles" time="0.000302083">
        </testcase>
        <testcase classname="src/__tests__/core/engine-new-features.test.ts" name="SliderEngine - New Features (Phase 2.2) &gt; Play/Pause Toggle Feature &gt; should emit PLAY_STATE_CHANGED event when toggling" time="0.001621875">
        </testcase>
        <testcase classname="src/__tests__/core/engine-new-features.test.ts" name="SliderEngine - New Features (Phase 2.2) &gt; Play/Pause Toggle Feature &gt; should update accessibility state when toggling play/pause" time="0.001136583">
        </testcase>
        <testcase classname="src/__tests__/core/engine-new-features.test.ts" name="SliderEngine - New Features (Phase 2.2) &gt; Play/Pause Toggle Feature &gt; should handle accessibility updates gracefully when controller is not available" time="0.014831167">
        </testcase>
        <testcase classname="src/__tests__/core/engine-new-features.test.ts" name="SliderEngine - New Features (Phase 2.2) &gt; Escape Key Feature &gt; should handle escape without throwing errors" time="0.000359334">
        </testcase>
        <testcase classname="src/__tests__/core/engine-new-features.test.ts" name="SliderEngine - New Features (Phase 2.2) &gt; Escape Key Feature &gt; should emit error event if navigation fails" time="0.053702958">
        </testcase>
        <testcase classname="src/__tests__/core/engine-new-features.test.ts" name="SliderEngine - New Features (Phase 2.2) &gt; Escape Key Feature &gt; should pause if playing when escape is pressed" time="0.000838625">
        </testcase>
        <testcase classname="src/__tests__/core/engine-new-features.test.ts" name="SliderEngine - New Features (Phase 2.2) &gt; Escape Key Feature &gt; should update accessibility state when escape resets play state" time="0.000887417">
        </testcase>
        <testcase classname="src/__tests__/core/engine-new-features.test.ts" name="SliderEngine - New Features (Phase 2.2) &gt; Integration Behavior &gt; should maintain independent state for play/pause and escape features" time="0.000234666">
        </testcase>
        <testcase classname="src/__tests__/core/engine-new-features.test.ts" name="SliderEngine - New Features (Phase 2.2) &gt; Integration Behavior &gt; should emit appropriate events for all new features" time="0.000182833">
        </testcase>
        <testcase classname="src/__tests__/core/engine-new-features.test.ts" name="SliderEngine - New Features (Phase 2.2) &gt; Type Safety and API Consistency &gt; should have consistent return types" time="0.000173708">
        </testcase>
        <testcase classname="src/__tests__/core/engine-new-features.test.ts" name="SliderEngine - New Features (Phase 2.2) &gt; Type Safety and API Consistency &gt; should work correctly when called in any order" time="0.000191625">
        </testcase>
    </testsuite>
    <testsuite name="src/__tests__/core/engine.test.ts" timestamp="2025-07-02T02:22:06.119Z" hostname="MacBookPro.lan" tests="32" failures="0" errors="0" skipped="0" time="0.265632125">
        <testcase classname="src/__tests__/core/engine.test.ts" name="SliderEngine &gt; Initialization &gt; should initialize successfully with valid config" time="0.01074025">
        </testcase>
        <testcase classname="src/__tests__/core/engine.test.ts" name="SliderEngine &gt; Initialization &gt; should handle initialization errors gracefully" time="0.001125542">
        </testcase>
        <testcase classname="src/__tests__/core/engine.test.ts" name="SliderEngine &gt; Initialization &gt; should set loading progress during initialization" time="0.000366333">
        </testcase>
        <testcase classname="src/__tests__/core/engine.test.ts" name="SliderEngine &gt; Navigation &gt; should navigate to specific slide" time="0.000660208">
        </testcase>
        <testcase classname="src/__tests__/core/engine.test.ts" name="SliderEngine &gt; Navigation &gt; should use physics for animated transitions" time="0.000367542">
        </testcase>
        <testcase classname="src/__tests__/core/engine.test.ts" name="SliderEngine &gt; Navigation &gt; should skip animation for instant transitions" time="0.000352833">
        </testcase>
        <testcase classname="src/__tests__/core/engine.test.ts" name="SliderEngine &gt; Navigation &gt; should reject invalid slide indices" time="0.000251375">
        </testcase>
        <testcase classname="src/__tests__/core/engine.test.ts" name="SliderEngine &gt; Navigation &gt; should prevent navigation during transitions" time="0.101778333">
        </testcase>
        <testcase classname="src/__tests__/core/engine.test.ts" name="SliderEngine &gt; Navigation &gt; should navigate to next slide with wraparound" time="0.020339292">
        </testcase>
        <testcase classname="src/__tests__/core/engine.test.ts" name="SliderEngine &gt; Navigation &gt; should navigate to previous slide with wraparound" time="0.002397834">
        </testcase>
        <testcase classname="src/__tests__/core/engine.test.ts" name="SliderEngine &gt; Navigation &gt; should update accessibility state during navigation" time="0.001520041">
        </testcase>
        <testcase classname="src/__tests__/core/engine.test.ts" name="SliderEngine &gt; Navigation &gt; should update accessibility state during next/previous navigation" time="0.011832833">
        </testcase>
        <testcase classname="src/__tests__/core/engine.test.ts" name="SliderEngine &gt; Navigation &gt; should handle navigation errors gracefully" time="0.000711125">
        </testcase>
        <testcase classname="src/__tests__/core/engine.test.ts" name="SliderEngine &gt; State Management &gt; should return current state" time="0.000352708">
        </testcase>
        <testcase classname="src/__tests__/core/engine.test.ts" name="SliderEngine &gt; State Management &gt; should return current index" time="0.000263375">
        </testcase>
        <testcase classname="src/__tests__/core/engine.test.ts" name="SliderEngine &gt; State Management &gt; should return total slides" time="0.000256375">
        </testcase>
        <testcase classname="src/__tests__/core/engine.test.ts" name="SliderEngine &gt; State Management &gt; should return transition status" time="0.000266667">
        </testcase>
        <testcase classname="src/__tests__/core/engine.test.ts" name="SliderEngine &gt; State Management &gt; should emit state change events" time="0.005081042">
        </testcase>
        <testcase classname="src/__tests__/core/engine.test.ts" name="SliderEngine &gt; Event Handling &gt; should subscribe to events" time="0.00259425">
        </testcase>
        <testcase classname="src/__tests__/core/engine.test.ts" name="SliderEngine &gt; Event Handling &gt; should unsubscribe from events" time="0.0738195">
        </testcase>
        <testcase classname="src/__tests__/core/engine.test.ts" name="SliderEngine &gt; Event Handling &gt; should emit events" time="0.00539075">
        </testcase>
        <testcase classname="src/__tests__/core/engine.test.ts" name="SliderEngine &gt; Drag Interactions &gt; should handle drag start events" time="0.000520125">
        </testcase>
        <testcase classname="src/__tests__/core/engine.test.ts" name="SliderEngine &gt; Drag Interactions &gt; should apply scale effect during drag move" time="0.000535917">
        </testcase>
        <testcase classname="src/__tests__/core/engine.test.ts" name="SliderEngine &gt; Drag Interactions &gt; should reset scale on drag end" time="0.000410292">
        </testcase>
        <testcase classname="src/__tests__/core/engine.test.ts" name="SliderEngine &gt; Input Callbacks &gt; should handle swipe left input" time="0.000337417">
        </testcase>
        <testcase classname="src/__tests__/core/engine.test.ts" name="SliderEngine &gt; Input Callbacks &gt; should handle swipe right input" time="0.00239675">
        </testcase>
        <testcase classname="src/__tests__/core/engine.test.ts" name="SliderEngine &gt; Input Callbacks &gt; should handle keyboard left input" time="0.000378292">
        </testcase>
        <testcase classname="src/__tests__/core/engine.test.ts" name="SliderEngine &gt; Input Callbacks &gt; should handle keyboard right input" time="0.000320333">
        </testcase>
        <testcase classname="src/__tests__/core/engine.test.ts" name="SliderEngine &gt; Cleanup and Destruction &gt; should destroy all services and reset state" time="0.000464125">
        </testcase>
        <testcase classname="src/__tests__/core/engine.test.ts" name="SliderEngine &gt; Edge Cases &gt; should handle empty image array" time="0.000294792">
        </testcase>
        <testcase classname="src/__tests__/core/engine.test.ts" name="SliderEngine &gt; Edge Cases &gt; should handle navigation before initialization" time="0.000256917">
        </testcase>
        <testcase classname="src/__tests__/core/engine.test.ts" name="SliderEngine &gt; Edge Cases &gt; should handle missing services gracefully" time="0.000377125">
        </testcase>
    </testsuite>
    <testsuite name="src/__tests__/core/event-emitter.test.ts" timestamp="2025-07-02T02:22:06.126Z" hostname="MacBookPro.lan" tests="13" failures="0" errors="0" skipped="0" time="0.039350875">
        <testcase classname="src/__tests__/core/event-emitter.test.ts" name="SimpleEventEmitter &gt; Event Subscription &gt; should register event listeners" time="0.000934084">
        </testcase>
        <testcase classname="src/__tests__/core/event-emitter.test.ts" name="SimpleEventEmitter &gt; Event Subscription &gt; should handle multiple listeners for same event" time="0.000861625">
        </testcase>
        <testcase classname="src/__tests__/core/event-emitter.test.ts" name="SimpleEventEmitter &gt; Event Subscription &gt; should handle multiple events independently" time="0.00037125">
        </testcase>
        <testcase classname="src/__tests__/core/event-emitter.test.ts" name="SimpleEventEmitter &gt; Event Emission &gt; should emit events with correct data" time="0.000273875">
        </testcase>
        <testcase classname="src/__tests__/core/event-emitter.test.ts" name="SimpleEventEmitter &gt; Event Emission &gt; should handle events with no listeners" time="0.000364">
        </testcase>
        <testcase classname="src/__tests__/core/event-emitter.test.ts" name="SimpleEventEmitter &gt; Event Emission &gt; should emit events without data" time="0.000169875">
        </testcase>
        <testcase classname="src/__tests__/core/event-emitter.test.ts" name="SimpleEventEmitter &gt; Event Unsubscription &gt; should remove specific listener" time="0.000174334">
        </testcase>
        <testcase classname="src/__tests__/core/event-emitter.test.ts" name="SimpleEventEmitter &gt; Event Unsubscription &gt; should remove all listeners for an event" time="0.000183958">
        </testcase>
        <testcase classname="src/__tests__/core/event-emitter.test.ts" name="SimpleEventEmitter &gt; Event Unsubscription &gt; should handle removing non-existent listener" time="0.000248292">
        </testcase>
        <testcase classname="src/__tests__/core/event-emitter.test.ts" name="SimpleEventEmitter &gt; Event Unsubscription &gt; should handle removing from non-existent event" time="0.000100834">
        </testcase>
        <testcase classname="src/__tests__/core/event-emitter.test.ts" name="SimpleEventEmitter &gt; Event Listener Management &gt; should not affect other events when removing listeners" time="0.000200125">
        </testcase>
        <testcase classname="src/__tests__/core/event-emitter.test.ts" name="SimpleEventEmitter &gt; Error Handling &gt; should handle listener errors gracefully" time="0.000251833">
        </testcase>
        <testcase classname="src/__tests__/core/event-emitter.test.ts" name="SimpleEventEmitter &gt; Memory Management &gt; should not leak memory when adding/removing many listeners" time="0.033448667">
        </testcase>
    </testsuite>
    <testsuite name="src/__tests__/core/sprite-helpers.test.ts" timestamp="2025-07-02T02:22:06.134Z" hostname="MacBookPro.lan" tests="52" failures="0" errors="0" skipped="0" time="0.017552166">
        <testcase classname="src/__tests__/core/sprite-helpers.test.ts" name="Sprite Helpers &gt; getBaseScale &gt; should return baseScale when property exists" time="0.008539875">
        </testcase>
        <testcase classname="src/__tests__/core/sprite-helpers.test.ts" name="Sprite Helpers &gt; getBaseScale &gt; should return SCALE.DEFAULT when baseScale is undefined" time="0.000217291">
        </testcase>
        <testcase classname="src/__tests__/core/sprite-helpers.test.ts" name="Sprite Helpers &gt; getBaseScale &gt; should return SCALE.DEFAULT when baseScale is null" time="0.000090042">
        </testcase>
        <testcase classname="src/__tests__/core/sprite-helpers.test.ts" name="Sprite Helpers &gt; getBaseScale &gt; should return SCALE.DEFAULT when baseScale is 0" time="0.000140459">
        </testcase>
        <testcase classname="src/__tests__/core/sprite-helpers.test.ts" name="Sprite Helpers &gt; getBaseScale &gt; should handle very small baseScale values" time="0.000074875">
        </testcase>
        <testcase classname="src/__tests__/core/sprite-helpers.test.ts" name="Sprite Helpers &gt; getBaseScale &gt; should handle very large baseScale values" time="0.000078458">
        </testcase>
        <testcase classname="src/__tests__/core/sprite-helpers.test.ts" name="Sprite Helpers &gt; getBaseScale &gt; should handle negative baseScale values" time="0.000056542">
        </testcase>
        <testcase classname="src/__tests__/core/sprite-helpers.test.ts" name="Sprite Helpers &gt; setBaseScale &gt; should set baseScale property on sprite" time="0.000110125">
        </testcase>
        <testcase classname="src/__tests__/core/sprite-helpers.test.ts" name="Sprite Helpers &gt; setBaseScale &gt; should overwrite existing baseScale" time="0.000227917">
        </testcase>
        <testcase classname="src/__tests__/core/sprite-helpers.test.ts" name="Sprite Helpers &gt; setBaseScale &gt; should handle zero scale" time="0.000074541">
        </testcase>
        <testcase classname="src/__tests__/core/sprite-helpers.test.ts" name="Sprite Helpers &gt; setBaseScale &gt; should handle negative scale" time="0.000047375">
        </testcase>
        <testcase classname="src/__tests__/core/sprite-helpers.test.ts" name="Sprite Helpers &gt; setBaseScale &gt; should handle decimal scale values" time="0.000040416">
        </testcase>
        <testcase classname="src/__tests__/core/sprite-helpers.test.ts" name="Sprite Helpers &gt; setBaseScale &gt; should handle very large scale values" time="0.000041625">
        </testcase>
        <testcase classname="src/__tests__/core/sprite-helpers.test.ts" name="Sprite Helpers &gt; calculateFinalScale &gt; should multiply base scale by multiplier" time="0.000090791">
        </testcase>
        <testcase classname="src/__tests__/core/sprite-helpers.test.ts" name="Sprite Helpers &gt; calculateFinalScale &gt; should use SCALE.DEFAULT when baseScale not set" time="0.000046167">
        </testcase>
        <testcase classname="src/__tests__/core/sprite-helpers.test.ts" name="Sprite Helpers &gt; calculateFinalScale &gt; should handle zero multiplier" time="0.000042708">
        </testcase>
        <testcase classname="src/__tests__/core/sprite-helpers.test.ts" name="Sprite Helpers &gt; calculateFinalScale &gt; should handle negative multiplier" time="0.000042167">
        </testcase>
        <testcase classname="src/__tests__/core/sprite-helpers.test.ts" name="Sprite Helpers &gt; calculateFinalScale &gt; should handle very small multipliers" time="0.000043125">
        </testcase>
        <testcase classname="src/__tests__/core/sprite-helpers.test.ts" name="Sprite Helpers &gt; calculateFinalScale &gt; should handle very large multipliers" time="0.00004175">
        </testcase>
        <testcase classname="src/__tests__/core/sprite-helpers.test.ts" name="Sprite Helpers &gt; applyUniformScale &gt; should apply scale to both x and y" time="0.00007">
        </testcase>
        <testcase classname="src/__tests__/core/sprite-helpers.test.ts" name="Sprite Helpers &gt; applyUniformScale &gt; should handle zero scale" time="0.000053291">
        </testcase>
        <testcase classname="src/__tests__/core/sprite-helpers.test.ts" name="Sprite Helpers &gt; applyUniformScale &gt; should handle negative scales" time="0.000051834">
        </testcase>
        <testcase classname="src/__tests__/core/sprite-helpers.test.ts" name="Sprite Helpers &gt; applyUniformScale &gt; should overwrite existing different x/y scales" time="0.000052209">
        </testcase>
        <testcase classname="src/__tests__/core/sprite-helpers.test.ts" name="Sprite Helpers &gt; applyUniformScale &gt; should handle very small scales" time="0.00004925">
        </testcase>
        <testcase classname="src/__tests__/core/sprite-helpers.test.ts" name="Sprite Helpers &gt; applyUniformScale &gt; should handle very large scales" time="0.000048125">
        </testcase>
        <testcase classname="src/__tests__/core/sprite-helpers.test.ts" name="Sprite Helpers &gt; normalizeScale &gt; should return scale within bounds unchanged" time="0.000107417">
        </testcase>
        <testcase classname="src/__tests__/core/sprite-helpers.test.ts" name="Sprite Helpers &gt; normalizeScale &gt; should clamp scale to minimum" time="0.000042459">
        </testcase>
        <testcase classname="src/__tests__/core/sprite-helpers.test.ts" name="Sprite Helpers &gt; normalizeScale &gt; should clamp scale to maximum" time="0.000041083">
        </testcase>
        <testcase classname="src/__tests__/core/sprite-helpers.test.ts" name="Sprite Helpers &gt; normalizeScale &gt; should handle scale exactly at minimum" time="0.000038541">
        </testcase>
        <testcase classname="src/__tests__/core/sprite-helpers.test.ts" name="Sprite Helpers &gt; normalizeScale &gt; should handle scale exactly at maximum" time="0.000039167">
        </testcase>
        <testcase classname="src/__tests__/core/sprite-helpers.test.ts" name="Sprite Helpers &gt; normalizeScale &gt; should handle zero scale" time="0.000042917">
        </testcase>
        <testcase classname="src/__tests__/core/sprite-helpers.test.ts" name="Sprite Helpers &gt; normalizeScale &gt; should handle very small positive scales" time="0.0000835">
        </testcase>
        <testcase classname="src/__tests__/core/sprite-helpers.test.ts" name="Sprite Helpers &gt; calculateDragScaleFactor &gt; should calculate scale factor from drag distance" time="0.000058791">
        </testcase>
        <testcase classname="src/__tests__/core/sprite-helpers.test.ts" name="Sprite Helpers &gt; calculateDragScaleFactor &gt; should cap at maximum when distance exceeds threshold" time="0.000040833">
        </testcase>
        <testcase classname="src/__tests__/core/sprite-helpers.test.ts" name="Sprite Helpers &gt; calculateDragScaleFactor &gt; should handle zero distance" time="0.000040958">
        </testcase>
        <testcase classname="src/__tests__/core/sprite-helpers.test.ts" name="Sprite Helpers &gt; calculateDragScaleFactor &gt; should handle negative distance (absolute value)" time="0.000039292">
        </testcase>
        <testcase classname="src/__tests__/core/sprite-helpers.test.ts" name="Sprite Helpers &gt; calculateDragScaleFactor &gt; should handle zero intensity" time="0.000038292">
        </testcase>
        <testcase classname="src/__tests__/core/sprite-helpers.test.ts" name="Sprite Helpers &gt; calculateDragScaleFactor &gt; should handle negative intensity" time="0.000039208">
        </testcase>
        <testcase classname="src/__tests__/core/sprite-helpers.test.ts" name="Sprite Helpers &gt; calculateDragScaleFactor &gt; should handle zero threshold gracefully" time="0.000038666">
        </testcase>
        <testcase classname="src/__tests__/core/sprite-helpers.test.ts" name="Sprite Helpers &gt; calculateDragScaleFactor &gt; should handle very small thresholds" time="0.000039333">
        </testcase>
        <testcase classname="src/__tests__/core/sprite-helpers.test.ts" name="Sprite Helpers &gt; calculateDragScaleFactor &gt; should handle high intensity values" time="0.000040083">
        </testcase>
        <testcase classname="src/__tests__/core/sprite-helpers.test.ts" name="Sprite Helpers &gt; Edge Cases and Error Handling &gt; should throw appropriate errors for null sprites" time="0.000662083">
        </testcase>
        <testcase classname="src/__tests__/core/sprite-helpers.test.ts" name="Sprite Helpers &gt; Edge Cases and Error Handling &gt; should throw appropriate errors for undefined sprites" time="0.000232209">
        </testcase>
        <testcase classname="src/__tests__/core/sprite-helpers.test.ts" name="Sprite Helpers &gt; Edge Cases and Error Handling &gt; should handle sprites with missing properties" time="0.001188542">
        </testcase>
        <testcase classname="src/__tests__/core/sprite-helpers.test.ts" name="Sprite Helpers &gt; Edge Cases and Error Handling &gt; should handle infinite and NaN values" time="0.000203375">
        </testcase>
        <testcase classname="src/__tests__/core/sprite-helpers.test.ts" name="Sprite Helpers &gt; Edge Cases and Error Handling &gt; should handle NaN in normalize scale" time="0.000072708">
        </testcase>
        <testcase classname="src/__tests__/core/sprite-helpers.test.ts" name="Sprite Helpers &gt; Edge Cases and Error Handling &gt; should handle Infinity in normalize scale" time="0.000061208">
        </testcase>
        <testcase classname="src/__tests__/core/sprite-helpers.test.ts" name="Sprite Helpers &gt; Performance &gt; should efficiently handle many scale operations" time="0.000749084">
        </testcase>
        <testcase classname="src/__tests__/core/sprite-helpers.test.ts" name="Sprite Helpers &gt; Performance &gt; should efficiently normalize many scales" time="0.000219042">
        </testcase>
        <testcase classname="src/__tests__/core/sprite-helpers.test.ts" name="Sprite Helpers &gt; Performance &gt; should efficiently calculate many drag scale factors" time="0.000277083">
        </testcase>
        <testcase classname="src/__tests__/core/sprite-helpers.test.ts" name="Sprite Helpers &gt; Integration Scenarios &gt; should work together for common drag interaction pattern" time="0.000516042">
        </testcase>
        <testcase classname="src/__tests__/core/sprite-helpers.test.ts" name="Sprite Helpers &gt; Integration Scenarios &gt; should maintain consistency across multiple operations" time="0.000133333">
        </testcase>
    </testsuite>
    <testsuite name="src/__tests__/input/controller.test.ts" timestamp="2025-07-02T02:22:06.138Z" hostname="MacBookPro.lan" tests="15" failures="0" errors="0" skipped="0" time="0.093379875">
        <testcase classname="src/__tests__/input/controller.test.ts" name="SliderController &gt; Initialization and Configuration &gt; should initialize with default configuration" time="0.002038417">
        </testcase>
        <testcase classname="src/__tests__/input/controller.test.ts" name="SliderController &gt; Initialization and Configuration &gt; should initialize with element and callbacks" time="0.002879916">
        </testcase>
        <testcase classname="src/__tests__/input/controller.test.ts" name="SliderController &gt; Initialization and Configuration &gt; should update configuration correctly" time="0.000475042">
        </testcase>
        <testcase classname="src/__tests__/input/controller.test.ts" name="SliderController &gt; Initialization and Configuration &gt; should setup event listeners during initialization" time="0.000859375">
        </testcase>
        <testcase classname="src/__tests__/input/controller.test.ts" name="SliderController &gt; Enable/Disable Functionality &gt; should enable input handling" time="0.00048">
        </testcase>
        <testcase classname="src/__tests__/input/controller.test.ts" name="SliderController &gt; Enable/Disable Functionality &gt; should disable input handling" time="0.03426525">
        </testcase>
        <testcase classname="src/__tests__/input/controller.test.ts" name="SliderController &gt; Event Cleanup &gt; should properly clean up event listeners" time="0.005964583">
        </testcase>
        <testcase classname="src/__tests__/input/controller.test.ts" name="SliderController &gt; Event Cleanup &gt; should handle multiple destroy calls gracefully" time="0.000751791">
        </testcase>
        <testcase classname="src/__tests__/input/controller.test.ts" name="SliderController &gt; Configuration Management &gt; should handle partial configuration updates" time="0.000575">
        </testcase>
        <testcase classname="src/__tests__/input/controller.test.ts" name="SliderController &gt; Configuration Management &gt; should preserve unmodified configuration properties" time="0.000320292">
        </testcase>
        <testcase classname="src/__tests__/input/controller.test.ts" name="SliderController &gt; Accessibility State Management &gt; should update slide state for accessibility" time="0.000605166">
        </testcase>
        <testcase classname="src/__tests__/input/controller.test.ts" name="SliderController &gt; Accessibility State Management &gt; should handle valid slide state parameters" time="0.000446542">
        </testcase>
        <testcase classname="src/__tests__/input/controller.test.ts" name="SliderController &gt; Accessibility State Management &gt; should update play state for accessibility" time="0.000878333">
        </testcase>
        <testcase classname="src/__tests__/input/controller.test.ts" name="SliderController &gt; Accessibility State Management &gt; should handle accessibility updates before initialization gracefully" time="0.000541583">
        </testcase>
        <testcase classname="src/__tests__/input/controller.test.ts" name="SliderController &gt; Accessibility State Management &gt; should update accessibility state when KeyboardNavigator is available" time="0.002409833">
        </testcase>
    </testsuite>
    <testsuite name="src/__tests__/input/event-throttler.test.ts" timestamp="2025-07-02T02:22:06.140Z" hostname="MacBookPro.lan" tests="25" failures="0" errors="0" skipped="0" time="1.157892583">
        <testcase classname="src/__tests__/input/event-throttler.test.ts" name="EventThrottler &gt; Initialization &gt; should initialize with default configuration" time="0.00302925">
        </testcase>
        <testcase classname="src/__tests__/input/event-throttler.test.ts" name="EventThrottler &gt; Initialization &gt; should initialize with custom configuration" time="0.000352125">
        </testcase>
        <testcase classname="src/__tests__/input/event-throttler.test.ts" name="EventThrottler &gt; Initialization &gt; should handle partial configuration updates" time="0.0002015">
        </testcase>
        <testcase classname="src/__tests__/input/event-throttler.test.ts" name="EventThrottler &gt; RAF-Based Throttling &gt; should throttle events using requestAnimationFrame" time="0.029421541">
        </testcase>
        <testcase classname="src/__tests__/input/event-throttler.test.ts" name="EventThrottler &gt; RAF-Based Throttling &gt; should fall back to timer when RAF unavailable" time="0.028429958">
        </testcase>
        <testcase classname="src/__tests__/input/event-throttler.test.ts" name="EventThrottler &gt; RAF-Based Throttling &gt; should respect maximum batch size" time="0.03868225">
        </testcase>
        <testcase classname="src/__tests__/input/event-throttler.test.ts" name="EventThrottler &gt; Event Batching &gt; should batch similar events together" time="0.023047833">
        </testcase>
        <testcase classname="src/__tests__/input/event-throttler.test.ts" name="EventThrottler &gt; Event Batching &gt; should handle different event types separately" time="0.037024042">
        </testcase>
        <testcase classname="src/__tests__/input/event-throttler.test.ts" name="EventThrottler &gt; Event Batching &gt; should force dispatch when max hold time exceeded" time="0.073198583">
        </testcase>
        <testcase classname="src/__tests__/input/event-throttler.test.ts" name="EventThrottler &gt; Pointer Event Optimization &gt; should handle coalesced pointer events" time="0.020751">
        </testcase>
        <testcase classname="src/__tests__/input/event-throttler.test.ts" name="EventThrottler &gt; Pointer Event Optimization &gt; should fall back when coalesced events unavailable" time="0.032172917">
        </testcase>
        <testcase classname="src/__tests__/input/event-throttler.test.ts" name="EventThrottler &gt; Performance Monitoring &gt; should track performance metrics when enabled" time="0.021182">
        </testcase>
        <testcase classname="src/__tests__/input/event-throttler.test.ts" name="EventThrottler &gt; Performance Monitoring &gt; should calculate average batch size correctly" time="0.073529458">
        </testcase>
        <testcase classname="src/__tests__/input/event-throttler.test.ts" name="EventThrottler &gt; Performance Monitoring &gt; should reset metrics correctly" time="0.025105583">
        </testcase>
        <testcase classname="src/__tests__/input/event-throttler.test.ts" name="EventThrottler &gt; Performance Benchmarks &gt; should throttle events within performance budget" time="0.061220875">
        </testcase>
        <testcase classname="src/__tests__/input/event-throttler.test.ts" name="EventThrottler &gt; Performance Benchmarks &gt; should maintain 60fps performance under load" time="0.243880708">
        </testcase>
        <testcase classname="src/__tests__/input/event-throttler.test.ts" name="EventThrottler &gt; Memory Management &gt; should clean up event queues on destroy" time="0.002497083">
        </testcase>
        <testcase classname="src/__tests__/input/event-throttler.test.ts" name="EventThrottler &gt; Memory Management &gt; should handle multiple destroy calls gracefully" time="0.001838291">
        </testcase>
        <testcase classname="src/__tests__/input/event-throttler.test.ts" name="EventThrottler &gt; Memory Management &gt; should clear all handlers and queues" time="0.00215925">
        </testcase>
        <testcase classname="src/__tests__/input/event-throttler.test.ts" name="EventThrottler &gt; Edge Cases &gt; should handle rapid successive identical events" time="0.052073708">
        </testcase>
        <testcase classname="src/__tests__/input/event-throttler.test.ts" name="EventThrottler &gt; Edge Cases &gt; should handle null/undefined events gracefully" time="0.002235459">
        </testcase>
        <testcase classname="src/__tests__/input/event-throttler.test.ts" name="EventThrottler &gt; Edge Cases &gt; should handle events with missing properties" time="0.024170125">
        </testcase>
        <testcase classname="src/__tests__/input/event-throttler.test.ts" name="EventThrottler &gt; Edge Cases &gt; should handle extremely high frequency events" time="0.268988542">
        </testcase>
        <testcase classname="src/__tests__/input/event-throttler.test.ts" name="EventThrottler &gt; Cross-Browser Compatibility &gt; should work without requestAnimationFrame support" time="0.032267625">
        </testcase>
        <testcase classname="src/__tests__/input/event-throttler.test.ts" name="EventThrottler &gt; Cross-Browser Compatibility &gt; should handle timer-based throttling correctly" time="0.040820666">
        </testcase>
    </testsuite>
    <testsuite name="src/__tests__/input/gesture-recognizer.test.ts" timestamp="2025-07-02T02:22:06.142Z" hostname="MacBookPro.lan" tests="28" failures="0" errors="0" skipped="0" time="1.681078875">
        <testcase classname="src/__tests__/input/gesture-recognizer.test.ts" name="GestureRecognizer &gt; Initialization &gt; should initialize with default configuration" time="0.003642333">
        </testcase>
        <testcase classname="src/__tests__/input/gesture-recognizer.test.ts" name="GestureRecognizer &gt; Initialization &gt; should initialize with custom configuration" time="0.003103833">
        </testcase>
        <testcase classname="src/__tests__/input/gesture-recognizer.test.ts" name="GestureRecognizer &gt; Initialization &gt; should handle partial configuration updates" time="0.000635542">
        </testcase>
        <testcase classname="src/__tests__/input/gesture-recognizer.test.ts" name="GestureRecognizer &gt; Tap Gesture Recognition &gt; should recognize single tap gesture" time="0.129849417">
        </testcase>
        <testcase classname="src/__tests__/input/gesture-recognizer.test.ts" name="GestureRecognizer &gt; Tap Gesture Recognition &gt; should recognize double tap gesture" time="0.164028125">
        </testcase>
        <testcase classname="src/__tests__/input/gesture-recognizer.test.ts" name="GestureRecognizer &gt; Tap Gesture Recognition &gt; should handle long press gesture" time="0.152804541">
        </testcase>
        <testcase classname="src/__tests__/input/gesture-recognizer.test.ts" name="GestureRecognizer &gt; Swipe Gesture Recognition &gt; should recognize left swipe gesture" time="0.024394">
        </testcase>
        <testcase classname="src/__tests__/input/gesture-recognizer.test.ts" name="GestureRecognizer &gt; Swipe Gesture Recognition &gt; should recognize right swipe gesture" time="0.027107458">
        </testcase>
        <testcase classname="src/__tests__/input/gesture-recognizer.test.ts" name="GestureRecognizer &gt; Swipe Gesture Recognition &gt; should recognize vertical swipe gestures" time="0.044941584">
        </testcase>
        <testcase classname="src/__tests__/input/gesture-recognizer.test.ts" name="GestureRecognizer &gt; Pan Gesture Recognition &gt; should recognize pan gesture for slow movements" time="0.208401041">
        </testcase>
        <testcase classname="src/__tests__/input/gesture-recognizer.test.ts" name="GestureRecognizer &gt; Multi-Touch Gesture Recognition &gt; should recognize pinch gesture" time="0.013366">
        </testcase>
        <testcase classname="src/__tests__/input/gesture-recognizer.test.ts" name="GestureRecognizer &gt; Multi-Touch Gesture Recognition &gt; should handle maximum pointer limit" time="0.000463458">
        </testcase>
        <testcase classname="src/__tests__/input/gesture-recognizer.test.ts" name="GestureRecognizer &gt; Pointer Capture Management &gt; should set pointer capture on pointer down" time="0.00126825">
        </testcase>
        <testcase classname="src/__tests__/input/gesture-recognizer.test.ts" name="GestureRecognizer &gt; Pointer Capture Management &gt; should release pointer capture on pointer up" time="0.000499542">
        </testcase>
        <testcase classname="src/__tests__/input/gesture-recognizer.test.ts" name="GestureRecognizer &gt; Pointer Capture Management &gt; should handle pointer capture errors gracefully" time="0.002091625">
        </testcase>
        <testcase classname="src/__tests__/input/gesture-recognizer.test.ts" name="GestureRecognizer &gt; Performance Benchmarks &gt; should process gestures within performance budget" time="0.007447">
        </testcase>
        <testcase classname="src/__tests__/input/gesture-recognizer.test.ts" name="GestureRecognizer &gt; Performance Benchmarks &gt; should handle high-frequency events efficiently" time="0.234484542">
        </testcase>
        <testcase classname="src/__tests__/input/gesture-recognizer.test.ts" name="GestureRecognizer &gt; Memory Management &gt; should clean up active pointers on destroy" time="0.074869291">
        </testcase>
        <testcase classname="src/__tests__/input/gesture-recognizer.test.ts" name="GestureRecognizer &gt; Memory Management &gt; should remove event listeners on destroy" time="0.064198084">
        </testcase>
        <testcase classname="src/__tests__/input/gesture-recognizer.test.ts" name="GestureRecognizer &gt; Memory Management &gt; should handle multiple destroy calls gracefully" time="0.066548666">
        </testcase>
        <testcase classname="src/__tests__/input/gesture-recognizer.test.ts" name="GestureRecognizer &gt; Edge Cases &gt; should handle cancelled pointers" time="0.061947833">
        </testcase>
        <testcase classname="src/__tests__/input/gesture-recognizer.test.ts" name="GestureRecognizer &gt; Edge Cases &gt; should handle unknown pointer IDs" time="0.029193167">
        </testcase>
        <testcase classname="src/__tests__/input/gesture-recognizer.test.ts" name="GestureRecognizer &gt; Edge Cases &gt; should handle malformed events gracefully" time="0.038516167">
        </testcase>
        <testcase classname="src/__tests__/input/gesture-recognizer.test.ts" name="GestureRecognizer &gt; Edge Cases &gt; should handle events with missing properties" time="0.069847833">
        </testcase>
        <testcase classname="src/__tests__/input/gesture-recognizer.test.ts" name="GestureRecognizer &gt; Cross-Platform Compatibility &gt; should work with mouse events" time="0.116285375">
        </testcase>
        <testcase classname="src/__tests__/input/gesture-recognizer.test.ts" name="GestureRecognizer &gt; Cross-Platform Compatibility &gt; should work with touch events" time="0.037108875">
        </testcase>
        <testcase classname="src/__tests__/input/gesture-recognizer.test.ts" name="GestureRecognizer &gt; Cross-Platform Compatibility &gt; should work with pen events" time="0.038471917">
        </testcase>
        <testcase classname="src/__tests__/input/gesture-recognizer.test.ts" name="GestureRecognizer &gt; should handle pointer events" time="0.061396667">
        </testcase>
    </testsuite>
    <testsuite name="src/__tests__/input/keyboard-navigator.test.ts" timestamp="2025-07-02T02:22:06.144Z" hostname="MacBookPro.lan" tests="34" failures="0" errors="0" skipped="0" time="0.14931625">
        <testcase classname="src/__tests__/input/keyboard-navigator.test.ts" name="KeyboardNavigator &gt; Initialization &gt; should initialize with callbacks in constructor" time="0.018642208">
        </testcase>
        <testcase classname="src/__tests__/input/keyboard-navigator.test.ts" name="KeyboardNavigator &gt; Initialization &gt; should set up proper ARIA attributes" time="0.000712958">
        </testcase>
        <testcase classname="src/__tests__/input/keyboard-navigator.test.ts" name="KeyboardNavigator &gt; Initialization &gt; should create screen reader announcer element" time="0.000807833">
        </testcase>
        <testcase classname="src/__tests__/input/keyboard-navigator.test.ts" name="KeyboardNavigator &gt; Initialization &gt; should respect motion preferences" time="0.001109834">
        </testcase>
        <testcase classname="src/__tests__/input/keyboard-navigator.test.ts" name="KeyboardNavigator &gt; Arrow Key Navigation &gt; should handle right arrow key" time="0.000619583">
        </testcase>
        <testcase classname="src/__tests__/input/keyboard-navigator.test.ts" name="KeyboardNavigator &gt; Arrow Key Navigation &gt; should handle left arrow key" time="0.000406667">
        </testcase>
        <testcase classname="src/__tests__/input/keyboard-navigator.test.ts" name="KeyboardNavigator &gt; Arrow Key Navigation &gt; should respect disabled arrow keys" time="0.000651458">
        </testcase>
        <testcase classname="src/__tests__/input/keyboard-navigator.test.ts" name="KeyboardNavigator &gt; WASD Navigation &gt; should handle WASD keys" time="0.001225875">
        </testcase>
        <testcase classname="src/__tests__/input/keyboard-navigator.test.ts" name="KeyboardNavigator &gt; WASD Navigation &gt; should respect disabled WASD keys" time="0.080846083">
        </testcase>
        <testcase classname="src/__tests__/input/keyboard-navigator.test.ts" name="KeyboardNavigator &gt; Home/End Navigation &gt; should handle Home and End keys" time="0.001099209">
        </testcase>
        <testcase classname="src/__tests__/input/keyboard-navigator.test.ts" name="KeyboardNavigator &gt; Home/End Navigation &gt; should respect disabled Home/End keys" time="0.008668084">
        </testcase>
        <testcase classname="src/__tests__/input/keyboard-navigator.test.ts" name="KeyboardNavigator &gt; Page Up/Down Navigation &gt; should handle Page Up and Page Down keys" time="0.000437417">
        </testcase>
        <testcase classname="src/__tests__/input/keyboard-navigator.test.ts" name="KeyboardNavigator &gt; Activation Keys &gt; should handle Space key activation" time="0.000446125">
        </testcase>
        <testcase classname="src/__tests__/input/keyboard-navigator.test.ts" name="KeyboardNavigator &gt; Activation Keys &gt; should handle Enter key activation" time="0.000420917">
        </testcase>
        <testcase classname="src/__tests__/input/keyboard-navigator.test.ts" name="KeyboardNavigator &gt; Activation Keys &gt; should handle Escape key" time="0.000438542">
        </testcase>
        <testcase classname="src/__tests__/input/keyboard-navigator.test.ts" name="KeyboardNavigator &gt; Custom Key Bindings &gt; should handle custom key bindings" time="0.000504416">
        </testcase>
        <testcase classname="src/__tests__/input/keyboard-navigator.test.ts" name="KeyboardNavigator &gt; Screen Reader Announcements &gt; should create announcer when enabled" time="0.00055075">
        </testcase>
        <testcase classname="src/__tests__/input/keyboard-navigator.test.ts" name="KeyboardNavigator &gt; Screen Reader Announcements &gt; should not create live region when announcements disabled" time="0.000902083">
        </testcase>
        <testcase classname="src/__tests__/input/keyboard-navigator.test.ts" name="KeyboardNavigator &gt; Focus Management &gt; should handle focus events" time="0.003050125">
        </testcase>
        <testcase classname="src/__tests__/input/keyboard-navigator.test.ts" name="KeyboardNavigator &gt; Focus Management &gt; should handle blur events" time="0.001044208">
        </testcase>
        <testcase classname="src/__tests__/input/keyboard-navigator.test.ts" name="KeyboardNavigator &gt; Configuration Management &gt; should allow runtime configuration updates" time="0.000541667">
        </testcase>
        <testcase classname="src/__tests__/input/keyboard-navigator.test.ts" name="KeyboardNavigator &gt; Configuration Management &gt; should add custom key bindings" time="0.000512083">
        </testcase>
        <testcase classname="src/__tests__/input/keyboard-navigator.test.ts" name="KeyboardNavigator &gt; Configuration Management &gt; should remove key bindings" time="0.000513708">
        </testcase>
        <testcase classname="src/__tests__/input/keyboard-navigator.test.ts" name="KeyboardNavigator &gt; Slide State Management &gt; should set total slides" time="0.000571625">
        </testcase>
        <testcase classname="src/__tests__/input/keyboard-navigator.test.ts" name="KeyboardNavigator &gt; Slide State Management &gt; should set current slide" time="0.000566791">
        </testcase>
        <testcase classname="src/__tests__/input/keyboard-navigator.test.ts" name="KeyboardNavigator &gt; Slide State Management &gt; should set playing state" time="0.00059875">
        </testcase>
        <testcase classname="src/__tests__/input/keyboard-navigator.test.ts" name="KeyboardNavigator &gt; Utility Methods &gt; should focus element" time="0.001039459">
        </testcase>
        <testcase classname="src/__tests__/input/keyboard-navigator.test.ts" name="KeyboardNavigator &gt; Utility Methods &gt; should get focus state" time="0.000731584">
        </testcase>
        <testcase classname="src/__tests__/input/keyboard-navigator.test.ts" name="KeyboardNavigator &gt; Memory Management &gt; should clean up event listeners on destroy" time="0.000739917">
        </testcase>
        <testcase classname="src/__tests__/input/keyboard-navigator.test.ts" name="KeyboardNavigator &gt; Memory Management &gt; should remove announcer element on destroy" time="0.000630291">
        </testcase>
        <testcase classname="src/__tests__/input/keyboard-navigator.test.ts" name="KeyboardNavigator &gt; Edge Cases &gt; should handle missing callbacks gracefully" time="0.001182542">
        </testcase>
        <testcase classname="src/__tests__/input/keyboard-navigator.test.ts" name="KeyboardNavigator &gt; Edge Cases &gt; should ignore modifier key combinations" time="0.001079458">
        </testcase>
        <testcase classname="src/__tests__/input/keyboard-navigator.test.ts" name="KeyboardNavigator &gt; Accessibility Compliance &gt; should provide proper ARIA labels" time="0.001139167">
        </testcase>
        <testcase classname="src/__tests__/input/keyboard-navigator.test.ts" name="KeyboardNavigator &gt; Accessibility Compliance &gt; should create keyboard instructions" time="0.001163792">
        </testcase>
    </testsuite>
    <testsuite name="src/__tests__/integration/complete-system-api-integration.test.ts" timestamp="2025-07-02T02:22:06.147Z" hostname="MacBookPro.lan" tests="9" failures="0" errors="0" skipped="0" time="0.005781291">
        <testcase classname="src/__tests__/integration/complete-system-api-integration.test.ts" name="Complete System API Integration &gt; JavaScript API Integration &gt; should expose proper JavaScript API for integration" time="0.000850041">
        </testcase>
        <testcase classname="src/__tests__/integration/complete-system-api-integration.test.ts" name="Complete System API Integration &gt; JavaScript API Integration &gt; should maintain state consistency across API calls" time="0.000784042">
        </testcase>
        <testcase classname="src/__tests__/integration/complete-system-api-integration.test.ts" name="Complete System API Integration &gt; JavaScript API Integration &gt; should coordinate gesture recognition with internal state" time="0.000581209">
        </testcase>
        <testcase classname="src/__tests__/integration/complete-system-api-integration.test.ts" name="Complete System API Integration &gt; JavaScript API Integration &gt; should coordinate play/pause state via API" time="0.000498458">
        </testcase>
        <testcase classname="src/__tests__/integration/complete-system-api-integration.test.ts" name="Complete System API Integration &gt; Component Integration via API &gt; should coordinate between physics engine and UI state" time="0.000148875">
        </testcase>
        <testcase classname="src/__tests__/integration/complete-system-api-integration.test.ts" name="Complete System API Integration &gt; Component Integration via API &gt; should maintain engine state consistency" time="0.000118375">
        </testcase>
        <testcase classname="src/__tests__/integration/complete-system-api-integration.test.ts" name="Complete System API Integration &gt; Component Integration via API &gt; should handle rapid API state changes" time="0.000102125">
        </testcase>
        <testcase classname="src/__tests__/integration/complete-system-api-integration.test.ts" name="Complete System API Integration &gt; API Error Handling and Recovery &gt; should handle API access gracefully during initialization" time="0.000057542">
        </testcase>
        <testcase classname="src/__tests__/integration/complete-system-api-integration.test.ts" name="Complete System API Integration &gt; API Error Handling and Recovery &gt; should recover from API errors gracefully" time="0.000209167">
        </testcase>
    </testsuite>
    <testsuite name="src/__tests__/integration/enhanced-input-controller-integration.test.ts" timestamp="2025-07-02T02:22:06.147Z" hostname="MacBookPro.lan" tests="17" failures="0" errors="0" skipped="0" time="0.561471291">
        <testcase classname="src/__tests__/integration/enhanced-input-controller-integration.test.ts" name="Enhanced Input Controller Integration &gt; Enhanced Input Controller Integration &gt; should initialize all enhanced input components" time="0.003278667">
        </testcase>
        <testcase classname="src/__tests__/integration/enhanced-input-controller-integration.test.ts" name="Enhanced Input Controller Integration &gt; Enhanced Input Controller Integration &gt; should coordinate gesture recognition with physics calculations" time="0.130059333">
        </testcase>
        <testcase classname="src/__tests__/integration/enhanced-input-controller-integration.test.ts" name="Enhanced Input Controller Integration &gt; Enhanced Input Controller Integration &gt; should handle keyboard navigation with accessibility features" time="0.000746084">
        </testcase>
        <testcase classname="src/__tests__/integration/enhanced-input-controller-integration.test.ts" name="Enhanced Input Controller Integration &gt; Enhanced Input Controller Integration &gt; should throttle high-frequency events for performance" time="0.105444916">
        </testcase>
        <testcase classname="src/__tests__/integration/enhanced-input-controller-integration.test.ts" name="Enhanced Input Controller Integration &gt; Component Coordination &gt; should coordinate EventThrottler with GestureRecognizer" time="0.051556958">
        </testcase>
        <testcase classname="src/__tests__/integration/enhanced-input-controller-integration.test.ts" name="Enhanced Input Controller Integration &gt; Component Coordination &gt; should integrate KeyboardNavigator with accessibility announcements" time="0.002377667">
        </testcase>
        <testcase classname="src/__tests__/integration/enhanced-input-controller-integration.test.ts" name="Enhanced Input Controller Integration &gt; Component Coordination &gt; should handle component cleanup coordination" time="0.000679542">
        </testcase>
        <testcase classname="src/__tests__/integration/enhanced-input-controller-integration.test.ts" name="Enhanced Input Controller Integration &gt; GSAP Physics Integration &gt; should integrate gesture velocity with kinetic physics" time="0.005805875">
        </testcase>
        <testcase classname="src/__tests__/integration/enhanced-input-controller-integration.test.ts" name="Enhanced Input Controller Integration &gt; GSAP Physics Integration &gt; should use spring physics for gesture feedback" time="0.000991458">
        </testcase>
        <testcase classname="src/__tests__/integration/enhanced-input-controller-integration.test.ts" name="Enhanced Input Controller Integration &gt; GSAP Physics Integration &gt; should coordinate velocity tracking with gesture recognition" time="0.001845958">
        </testcase>
        <testcase classname="src/__tests__/integration/enhanced-input-controller-integration.test.ts" name="Enhanced Input Controller Integration &gt; Cross-Component Performance &gt; should maintain 60fps under combined load" time="0.178822583">
        </testcase>
        <testcase classname="src/__tests__/integration/enhanced-input-controller-integration.test.ts" name="Enhanced Input Controller Integration &gt; Cross-Component Performance &gt; should efficiently handle concurrent gesture and keyboard input" time="0.040901708">
        </testcase>
        <testcase classname="src/__tests__/integration/enhanced-input-controller-integration.test.ts" name="Enhanced Input Controller Integration &gt; Error Handling and Edge Cases &gt; should handle malformed events gracefully across all components" time="0.000842875">
        </testcase>
        <testcase classname="src/__tests__/integration/enhanced-input-controller-integration.test.ts" name="Enhanced Input Controller Integration &gt; Error Handling and Edge Cases &gt; should handle component initialization failures gracefully" time="0.013444792">
            <system-out>
Expected initialization error: Error: Event listener failed
    at Object.&lt;anonymous&gt; [90m(/Users/zach/CursorProjects/kineticslider/[39msrc/__tests__/integration/enhanced-input-controller-integration.test.ts:552:17[90m)[39m
    at Object.mockCall [90m(file:///Users/zach/CursorProjects/kineticslider/[39mnode_modules/[4m.pnpm[24m/@vitest+spy@3.1.3/node_modules/[4m@vitest[24m/spy/dist/index.js:66:15[90m)[39m
    at Object.spy [as addEventListener] [90m(file:///Users/zach/CursorProjects/kineticslider/[39mnode_modules/[4m.pnpm[24m/tinyspy@3.0.2/node_modules/[4mtinyspy[24m/dist/index.js:45:80[90m)[39m
    at GestureRecognizer.setupEventListeners [90m(/Users/zach/CursorProjects/kineticslider/[39msrc/input/gesture-recognizer.ts:174:18[90m)[39m
    at new GestureRecognizer [90m(/Users/zach/CursorProjects/kineticslider/[39msrc/input/gesture-recognizer.ts:166:10[90m)[39m
    at SliderController.setupGestureRecognizer [90m(/Users/zach/CursorProjects/kineticslider/[39msrc/input/index.ts:99:30[90m)[39m
    at SliderController.initialize [90m(/Users/zach/CursorProjects/kineticslider/[39msrc/input/index.ts:79:10[90m)[39m
    at [90m/Users/zach/CursorProjects/kineticslider/[39msrc/__tests__/integration/enhanced-input-controller-integration.test.ts:565:22
    at Proxy.assertThrows [90m(file:///Users/zach/CursorProjects/kineticslider/[39mnode_modules/[4m.pnpm[24m/chai@5.2.0/node_modules/[4mchai[24m/chai.js:2723:5[90m)[39m
    at Proxy.methodWrapper [90m(file:///Users/zach/CursorProjects/kineticslider/[39mnode_modules/[4m.pnpm[24m/chai@5.2.0/node_modules/[4mchai[24m/chai.js:1618:25[90m)[39m

            </system-out>
        </testcase>
        <testcase classname="src/__tests__/integration/enhanced-input-controller-integration.test.ts" name="Enhanced Input Controller Integration &gt; Error Handling and Edge Cases &gt; should handle cleanup when components are partially initialized" time="0.002258542">
        </testcase>
        <testcase classname="src/__tests__/integration/enhanced-input-controller-integration.test.ts" name="Enhanced Input Controller Integration &gt; Real-World Usage Scenarios &gt; should handle rapid swipe-to-keyboard transitions" time="0.017522625">
        </testcase>
        <testcase classname="src/__tests__/integration/enhanced-input-controller-integration.test.ts" name="Enhanced Input Controller Integration &gt; Real-World Usage Scenarios &gt; should handle touch device interactions with accessibility" time="0.001029834">
        </testcase>
    </testsuite>
    <testsuite name="src/__tests__/integration/physics-facade-integration.test.ts" timestamp="2025-07-02T02:22:06.149Z" hostname="MacBookPro.lan" tests="14" failures="0" errors="0" skipped="0" time="0.037417958">
        <testcase classname="src/__tests__/integration/physics-facade-integration.test.ts" name="SliderPhysics Facade Integration &gt; Component Integration and Coordination &gt; should initialize with real components and coordinate them" time="0.008042833">
        </testcase>
        <testcase classname="src/__tests__/integration/physics-facade-integration.test.ts" name="SliderPhysics Facade Integration &gt; Component Integration and Coordination &gt; should coordinate physics calculations with renderer" time="0.003092">
        </testcase>
        <testcase classname="src/__tests__/integration/physics-facade-integration.test.ts" name="SliderPhysics Facade Integration &gt; Component Integration and Coordination &gt; should handle sprite management across components" time="0.003372083">
        </testcase>
        <testcase classname="src/__tests__/integration/physics-facade-integration.test.ts" name="SliderPhysics Facade Integration &gt; Component Integration and Coordination &gt; should update physics configuration across components" time="0.000417292">
        </testcase>
        <testcase classname="src/__tests__/integration/physics-facade-integration.test.ts" name="SliderPhysics Facade Integration &gt; Real Component Workflow Integration &gt; should execute complete animation workflow with real components" time="0.001573541">
        </testcase>
        <testcase classname="src/__tests__/integration/physics-facade-integration.test.ts" name="SliderPhysics Facade Integration &gt; Real Component Workflow Integration &gt; should coordinate performance statistics from real renderer" time="0.002574042">
        </testcase>
        <testcase classname="src/__tests__/integration/physics-facade-integration.test.ts" name="SliderPhysics Facade Integration &gt; Real Component Workflow Integration &gt; should handle batch animations with real renderer coordination" time="0.000381">
        </testcase>
        <testcase classname="src/__tests__/integration/physics-facade-integration.test.ts" name="SliderPhysics Facade Integration &gt; Advanced Integration Scenarios &gt; should handle rapid successive operations with real components" time="0.000343291">
        </testcase>
        <testcase classname="src/__tests__/integration/physics-facade-integration.test.ts" name="SliderPhysics Facade Integration &gt; Advanced Integration Scenarios &gt; should coordinate cleanup across all real components" time="0.000989625">
        </testcase>
        <testcase classname="src/__tests__/integration/physics-facade-integration.test.ts" name="SliderPhysics Facade Integration &gt; Advanced Integration Scenarios &gt; should handle edge cases with real component coordination" time="0.000288333">
        </testcase>
        <testcase classname="src/__tests__/integration/physics-facade-integration.test.ts" name="SliderPhysics Facade Integration &gt; Component Behavior Validation &gt; should validate physics calculations are applied to rendering" time="0.000156">
        </testcase>
        <testcase classname="src/__tests__/integration/physics-facade-integration.test.ts" name="SliderPhysics Facade Integration &gt; Component Behavior Validation &gt; should validate real momentum and spring calculations" time="0.000216416">
        </testcase>
        <testcase classname="src/__tests__/integration/physics-facade-integration.test.ts" name="SliderPhysics Facade Integration &gt; Integration with Unit-Testable Components &gt; should support dependency injection for unit testing" time="0.000111542">
        </testcase>
        <testcase classname="src/__tests__/integration/physics-facade-integration.test.ts" name="SliderPhysics Facade Integration &gt; Integration with Unit-Testable Components &gt; should maintain DRY principles across test types" time="0.000102291">
        </testcase>
    </testsuite>
    <testsuite name="src/__tests__/integration/physics-integration.test.ts" timestamp="2025-07-02T02:22:06.150Z" hostname="MacBookPro.lan" tests="14" failures="0" errors="0" skipped="0" time="0.017836458">
        <testcase classname="src/__tests__/integration/physics-integration.test.ts" name="Physics Component Integration &gt; Cross-Physics Integration Workflows &gt; should handle complete drag-to-momentum-to-snap workflow" time="0.004564958">
        </testcase>
        <testcase classname="src/__tests__/integration/physics-integration.test.ts" name="Physics Component Integration &gt; Cross-Physics Integration Workflows &gt; should coordinate multiple physics calculations for gesture recognition" time="0.000498375">
        </testcase>
        <testcase classname="src/__tests__/integration/physics-integration.test.ts" name="Physics Component Integration &gt; Cross-Physics Integration Workflows &gt; should handle spring-based displacement corrections" time="0.000464333">
        </testcase>
        <testcase classname="src/__tests__/integration/physics-integration.test.ts" name="Physics Component Integration &gt; Cross-Physics Integration Workflows &gt; should coordinate timeline sequencing for complex animations" time="0.000403291">
        </testcase>
        <testcase classname="src/__tests__/integration/physics-integration.test.ts" name="Physics Component Integration &gt; Performance Integration &gt; should maintain performance across multiple physics calculations" time="0.002432916">
        </testcase>
        <testcase classname="src/__tests__/integration/physics-integration.test.ts" name="Physics Component Integration &gt; Performance Integration &gt; should handle memory efficiently with large datasets" time="0.000686125">
        </testcase>
        <testcase classname="src/__tests__/integration/physics-integration.test.ts" name="Physics Component Integration &gt; Performance Integration &gt; should coordinate physics calculations under stress" time="0.001063041">
        </testcase>
        <testcase classname="src/__tests__/integration/physics-integration.test.ts" name="Physics Component Integration &gt; Error Handling Integration &gt; should handle cascading errors gracefully" time="0.000791">
        </testcase>
        <testcase classname="src/__tests__/integration/physics-integration.test.ts" name="Physics Component Integration &gt; Error Handling Integration &gt; should maintain system stability with invalid inputs" time="0.001129625">
        </testcase>
        <testcase classname="src/__tests__/integration/physics-integration.test.ts" name="Physics Component Integration &gt; Error Handling Integration &gt; should recover from timeline creation failures" time="0.000570375">
        </testcase>
        <testcase classname="src/__tests__/integration/physics-integration.test.ts" name="Physics Component Integration &gt; Configuration Integration &gt; should maintain consistent configuration across components" time="0.000425">
        </testcase>
        <testcase classname="src/__tests__/integration/physics-integration.test.ts" name="Physics Component Integration &gt; Configuration Integration &gt; should handle configuration validation across components" time="0.000339334">
        </testcase>
        <testcase classname="src/__tests__/integration/physics-integration.test.ts" name="Physics Component Integration &gt; Real-World Scenario Integration &gt; should handle complete user interaction simulation" time="0.000352708">
        </testcase>
        <testcase classname="src/__tests__/integration/physics-integration.test.ts" name="Physics Component Integration &gt; Real-World Scenario Integration &gt; should handle multi-sprite coordinated animations" time="0.000503083">
        </testcase>
    </testsuite>
    <testsuite name="src/__tests__/integration/pixi-renderer.test.ts" timestamp="2025-07-02T02:22:06.151Z" hostname="MacBookPro.lan" tests="7" failures="0" errors="0" skipped="0" time="0.005574166">
        <testcase classname="src/__tests__/integration/pixi-renderer.test.ts" name="SliderRenderer Integration &gt; Transition Animation Application &gt; should apply transition sequence to real sprites" time="0.001821125">
        </testcase>
        <testcase classname="src/__tests__/integration/pixi-renderer.test.ts" name="SliderRenderer Integration &gt; Transition Animation Application &gt; should handle source sprite exit animation" time="0.000723375">
        </testcase>
        <testcase classname="src/__tests__/integration/pixi-renderer.test.ts" name="SliderRenderer Integration &gt; Transition Animation Application &gt; should apply target sprite animation correctly" time="0.000252292">
        </testcase>
        <testcase classname="src/__tests__/integration/pixi-renderer.test.ts" name="SliderRenderer Integration &gt; Animation Integration &gt; should handle swipe animations" time="0.00017625">
        </testcase>
        <testcase classname="src/__tests__/integration/pixi-renderer.test.ts" name="SliderRenderer Integration &gt; Animation Integration &gt; should handle scale animations" time="0.00011875">
        </testcase>
        <testcase classname="src/__tests__/integration/pixi-renderer.test.ts" name="SliderRenderer Integration &gt; Performance Integration &gt; should provide performance stats" time="0.000228708">
        </testcase>
        <testcase classname="src/__tests__/integration/pixi-renderer.test.ts" name="SliderRenderer Integration &gt; Performance Integration &gt; should cleanup animations" time="0.000210458">
        </testcase>
    </testsuite>
    <testsuite name="src/__tests__/physics/engine.test.ts" timestamp="2025-07-02T02:22:06.152Z" hostname="MacBookPro.lan" tests="24" failures="0" errors="0" skipped="0" time="0.016859542">
        <testcase classname="src/__tests__/physics/engine.test.ts" name="SliderPhysicsEngine &gt; Configuration Management &gt; should have default configuration" time="0.003118292">
        </testcase>
        <testcase classname="src/__tests__/physics/engine.test.ts" name="SliderPhysicsEngine &gt; Configuration Management &gt; should update configuration partially" time="0.000280833">
        </testcase>
        <testcase classname="src/__tests__/physics/engine.test.ts" name="SliderPhysicsEngine &gt; Configuration Management &gt; should update multiple configuration properties" time="0.000193167">
        </testcase>
        <testcase classname="src/__tests__/physics/engine.test.ts" name="SliderPhysicsEngine &gt; Transition Calculations &gt; should calculate basic transition sequence" time="0.000902041">
        </testcase>
        <testcase classname="src/__tests__/physics/engine.test.ts" name="SliderPhysicsEngine &gt; Transition Calculations &gt; should include source sprite exit when different from target" time="0.000230583">
        </testcase>
        <testcase classname="src/__tests__/physics/engine.test.ts" name="SliderPhysicsEngine &gt; Transition Calculations &gt; should not include source sprite when same as target" time="0.000189083">
        </testcase>
        <testcase classname="src/__tests__/physics/engine.test.ts" name="SliderPhysicsEngine &gt; Transition Calculations &gt; should handle invalid indices gracefully" time="0.000154167">
        </testcase>
        <testcase classname="src/__tests__/physics/engine.test.ts" name="SliderPhysicsEngine &gt; Transition Calculations &gt; should use configuration values in calculations" time="0.000556708">
        </testcase>
        <testcase classname="src/__tests__/physics/engine.test.ts" name="SliderPhysicsEngine &gt; Swipe Calculations &gt; should calculate swipe animation with positive direction" time="0.000944">
        </testcase>
        <testcase classname="src/__tests__/physics/engine.test.ts" name="SliderPhysicsEngine &gt; Swipe Calculations &gt; should calculate swipe animation with negative direction" time="0.000507458">
        </testcase>
        <testcase classname="src/__tests__/physics/engine.test.ts" name="SliderPhysicsEngine &gt; Swipe Calculations &gt; should clamp intensity to valid range" time="0.000854333">
        </testcase>
        <testcase classname="src/__tests__/physics/engine.test.ts" name="SliderPhysicsEngine &gt; Swipe Calculations &gt; should use configuration values" time="0.002335834">
        </testcase>
        <testcase classname="src/__tests__/physics/engine.test.ts" name="SliderPhysicsEngine &gt; Scale Calculations &gt; should calculate basic scale animation" time="0.000165959">
        </testcase>
        <testcase classname="src/__tests__/physics/engine.test.ts" name="SliderPhysicsEngine &gt; Scale Calculations &gt; should use custom duration" time="0.000086459">
        </testcase>
        <testcase classname="src/__tests__/physics/engine.test.ts" name="SliderPhysicsEngine &gt; Scale Calculations &gt; should prevent zero or negative scale" time="0.000062458">
        </testcase>
        <testcase classname="src/__tests__/physics/engine.test.ts" name="SliderPhysicsEngine &gt; Scale Calculations &gt; should enforce minimum duration" time="0.000058792">
        </testcase>
        <testcase classname="src/__tests__/physics/engine.test.ts" name="SliderPhysicsEngine &gt; Advanced Calculations &gt; should determine slide change threshold" time="0.000111291">
        </testcase>
        <testcase classname="src/__tests__/physics/engine.test.ts" name="SliderPhysicsEngine &gt; Advanced Calculations &gt; should calculate adaptive timing" time="0.000133958">
        </testcase>
        <testcase classname="src/__tests__/physics/engine.test.ts" name="SliderPhysicsEngine &gt; Advanced Calculations &gt; should calculate momentum decay" time="0.000070125">
        </testcase>
        <testcase classname="src/__tests__/physics/engine.test.ts" name="SliderPhysicsEngine &gt; Advanced Calculations &gt; should calculate spring force" time="0.000060083">
        </testcase>
        <testcase classname="src/__tests__/physics/engine.test.ts" name="SliderPhysicsEngine &gt; Edge Cases &gt; should handle empty sprite array transition" time="0.000177666">
        </testcase>
        <testcase classname="src/__tests__/physics/engine.test.ts" name="SliderPhysicsEngine &gt; Edge Cases &gt; should handle single sprite transition" time="0.00014875">
        </testcase>
        <testcase classname="src/__tests__/physics/engine.test.ts" name="SliderPhysicsEngine &gt; Edge Cases &gt; should handle zero intensity swipe" time="0.000168292">
        </testcase>
        <testcase classname="src/__tests__/physics/engine.test.ts" name="SliderPhysicsEngine &gt; Edge Cases &gt; should handle maximum intensity swipe" time="0.000125667">
        </testcase>
    </testsuite>
    <testsuite name="src/__tests__/physics/facade-unit.test.ts" timestamp="2025-07-02T02:22:06.154Z" hostname="MacBookPro.lan" tests="21" failures="0" errors="0" skipped="0" time="0.143317042">
        <testcase classname="src/__tests__/physics/facade-unit.test.ts" name="SliderPhysics Facade Unit Tests &gt; Facade API and Delegation &gt; should delegate getPhysicsConfig to engine" time="0.003406916">
        </testcase>
        <testcase classname="src/__tests__/physics/facade-unit.test.ts" name="SliderPhysics Facade Unit Tests &gt; Facade API and Delegation &gt; should delegate setPhysicsConfig to engine" time="0.001199459">
        </testcase>
        <testcase classname="src/__tests__/physics/facade-unit.test.ts" name="SliderPhysics Facade Unit Tests &gt; Facade API and Delegation &gt; should delegate performance stats to renderer" time="0.000731833">
        </testcase>
        <testcase classname="src/__tests__/physics/facade-unit.test.ts" name="SliderPhysics Facade Unit Tests &gt; Facade API and Delegation &gt; should delegate cleanup to renderer" time="0.000378833">
        </testcase>
        <testcase classname="src/__tests__/physics/facade-unit.test.ts" name="SliderPhysics Facade Unit Tests &gt; Facade API and Delegation &gt; should delegate killAllAnimations to renderer" time="0.0004845">
        </testcase>
        <testcase classname="src/__tests__/physics/facade-unit.test.ts" name="SliderPhysics Facade Unit Tests &gt; Animation Coordination Logic &gt; should coordinate transition animation between engine and renderer" time="0.001542">
        </testcase>
        <testcase classname="src/__tests__/physics/facade-unit.test.ts" name="SliderPhysics Facade Unit Tests &gt; Animation Coordination Logic &gt; should coordinate swipe animation between engine and renderer" time="0.000778042">
        </testcase>
        <testcase classname="src/__tests__/physics/facade-unit.test.ts" name="SliderPhysics Facade Unit Tests &gt; Animation Coordination Logic &gt; should coordinate scale animation between engine and renderer" time="0.00053225">
        </testcase>
        <testcase classname="src/__tests__/physics/facade-unit.test.ts" name="SliderPhysics Facade Unit Tests &gt; Sprite Management Logic &gt; should manage sprite array and delegate to renderer" time="0.059764209">
        </testcase>
        <testcase classname="src/__tests__/physics/facade-unit.test.ts" name="SliderPhysics Facade Unit Tests &gt; Sprite Management Logic &gt; should handle sprite addition for swipe animations" time="0.000579125">
        </testcase>
        <testcase classname="src/__tests__/physics/facade-unit.test.ts" name="SliderPhysics Facade Unit Tests &gt; Sprite Management Logic &gt; should coordinate batch animations with renderer" time="0.000631417">
        </testcase>
        <testcase classname="src/__tests__/physics/facade-unit.test.ts" name="SliderPhysics Facade Unit Tests &gt; Advanced Delegation Methods &gt; should delegate shouldTriggerSlideChange to kinetic physics" time="0.000450291">
        </testcase>
        <testcase classname="src/__tests__/physics/facade-unit.test.ts" name="SliderPhysics Facade Unit Tests &gt; Advanced Delegation Methods &gt; should delegate calculateAdaptiveTiming to engine" time="0.065168833">
        </testcase>
        <testcase classname="src/__tests__/physics/facade-unit.test.ts" name="SliderPhysics Facade Unit Tests &gt; Advanced Delegation Methods &gt; should handle momentum calculations through kinetic physics" time="0.000519916">
        </testcase>
        <testcase classname="src/__tests__/physics/facade-unit.test.ts" name="SliderPhysics Facade Unit Tests &gt; Advanced Delegation Methods &gt; should handle spring calculations through spring physics" time="0.000373083">
        </testcase>
        <testcase classname="src/__tests__/physics/facade-unit.test.ts" name="SliderPhysics Facade Unit Tests &gt; Facade State Management &gt; should initialize with proper dependencies" time="0.000315708">
        </testcase>
        <testcase classname="src/__tests__/physics/facade-unit.test.ts" name="SliderPhysics Facade Unit Tests &gt; Facade State Management &gt; should handle configuration correctly during injection" time="0.000351959">
        </testcase>
        <testcase classname="src/__tests__/physics/facade-unit.test.ts" name="SliderPhysics Facade Unit Tests &gt; Facade State Management &gt; should handle sprite management correctly" time="0.000375667">
        </testcase>
        <testcase classname="src/__tests__/physics/facade-unit.test.ts" name="SliderPhysics Facade Unit Tests &gt; Error Handling and Edge Cases &gt; should handle edge cases in transition animation" time="0.002386375">
        </testcase>
        <testcase classname="src/__tests__/physics/facade-unit.test.ts" name="SliderPhysics Facade Unit Tests &gt; Error Handling and Edge Cases &gt; should handle edge cases in swipe animation" time="0.00041725">
        </testcase>
        <testcase classname="src/__tests__/physics/facade-unit.test.ts" name="SliderPhysics Facade Unit Tests &gt; Error Handling and Edge Cases &gt; should handle multiple cleanup calls gracefully" time="0.000344959">
        </testcase>
    </testsuite>
    <testsuite name="src/__tests__/physics/gsap-timeline-factory.test.ts" timestamp="2025-07-02T02:22:06.156Z" hostname="MacBookPro.lan" tests="44" failures="0" errors="0" skipped="0" time="0.134090542">
        <testcase classname="src/__tests__/physics/gsap-timeline-factory.test.ts" name="GSAPTimelineFactory &gt; Static Timeline Creation Methods &gt; createSlideTransition &gt; should create slide transition timeline with proper configuration" time="0.004381625">
        </testcase>
        <testcase classname="src/__tests__/physics/gsap-timeline-factory.test.ts" name="GSAPTimelineFactory &gt; Static Timeline Creation Methods &gt; createSlideTransition &gt; should handle different scale intensities" time="0.000776042">
        </testcase>
        <testcase classname="src/__tests__/physics/gsap-timeline-factory.test.ts" name="GSAPTimelineFactory &gt; Static Timeline Creation Methods &gt; createSlideTransition &gt; should handle same sprite transition gracefully" time="0.000632792">
        </testcase>
[...]
        </testcase>
        <testcase classname="src/__tests__/physics/kinetic-physics.test.ts" name="KineticPhysics &gt; Static Snap Position Calculations &gt; should calculate snap to nearest slide position" time="0.000105042">
        </testcase>
        <testcase classname="src/__tests__/physics/kinetic-physics.test.ts" name="KineticPhysics &gt; Static Snap Position Calculations &gt; should snap to exact slide position" time="0.000049458">
        </testcase>
        <testcase classname="src/__tests__/physics/kinetic-physics.test.ts" name="KineticPhysics &gt; Static Snap Position Calculations &gt; should handle negative positions" time="0.000047625">
        </testcase>
        <testcase classname="src/__tests__/physics/kinetic-physics.test.ts" name="KineticPhysics &gt; Static Snap Position Calculations &gt; should calculate duration based on distance" time="0.000043709">
        </testcase>
        <testcase classname="src/__tests__/physics/kinetic-physics.test.ts" name="KineticPhysics &gt; Momentum Calculations &gt; should calculate momentum physics from drag interaction" time="0.000132542">
        </testcase>
        <testcase classname="src/__tests__/physics/kinetic-physics.test.ts" name="KineticPhysics &gt; Momentum Calculations &gt; should clamp velocity to maximum" time="0.000047">
        </testcase>
        <testcase classname="src/__tests__/physics/kinetic-physics.test.ts" name="KineticPhysics &gt; Momentum Calculations &gt; should apply friction over time" time="0.000055166">
        </testcase>
        <testcase classname="src/__tests__/physics/kinetic-physics.test.ts" name="KineticPhysics &gt; Momentum Calculations &gt; should calculate scale factor from drag distance" time="0.000045">
        </testcase>
        <testcase classname="src/__tests__/physics/kinetic-physics.test.ts" name="KineticPhysics &gt; Drag Scale Calculations &gt; should calculate scale from drag distance" time="0.000056916">
        </testcase>
        <testcase classname="src/__tests__/physics/kinetic-physics.test.ts" name="KineticPhysics &gt; Drag Scale Calculations &gt; should use custom base scale" time="0.000039875">
        </testcase>
        <testcase classname="src/__tests__/physics/kinetic-physics.test.ts" name="KineticPhysics &gt; Drag Scale Calculations &gt; should handle zero drag distance" time="0.000036333">
        </testcase>
        <testcase classname="src/__tests__/physics/kinetic-physics.test.ts" name="KineticPhysics &gt; Drag Scale Calculations &gt; should clamp drag distance to threshold" time="0.000039333">
        </testcase>
        <testcase classname="src/__tests__/physics/kinetic-physics.test.ts" name="KineticPhysics &gt; Slide Change Detection &gt; should trigger on distance threshold" time="0.000065083">
        </testcase>
        <testcase classname="src/__tests__/physics/kinetic-physics.test.ts" name="KineticPhysics &gt; Slide Change Detection &gt; should trigger on velocity threshold" time="0.000047667">
        </testcase>
        <testcase classname="src/__tests__/physics/kinetic-physics.test.ts" name="KineticPhysics &gt; Slide Change Detection &gt; should handle negative distance (absolute value)" time="0.000047583">
        </testcase>
        <testcase classname="src/__tests__/physics/kinetic-physics.test.ts" name="KineticPhysics &gt; Slide Change Detection &gt; should trigger if either threshold is met" time="0.000056708">
        </testcase>
        <testcase classname="src/__tests__/physics/kinetic-physics.test.ts" name="KineticPhysics &gt; Spring Reset Calculations &gt; should calculate spring physics for scale reset" time="0.000086459">
        </testcase>
        <testcase classname="src/__tests__/physics/kinetic-physics.test.ts" name="KineticPhysics &gt; Spring Reset Calculations &gt; should use default target scale" time="0.000051167">
        </testcase>
        <testcase classname="src/__tests__/physics/kinetic-physics.test.ts" name="KineticPhysics &gt; Spring Reset Calculations &gt; should calculate duration based on scale difference" time="0.000042084">
        </testcase>
        <testcase classname="src/__tests__/physics/kinetic-physics.test.ts" name="KineticPhysics &gt; Spring Reset Calculations &gt; should cap maximum duration" time="0.000039417">
        </testcase>
        <testcase classname="src/__tests__/physics/kinetic-physics.test.ts" name="KineticPhysics &gt; Edge Cases &gt; should handle zero values gracefully" time="0.000058792">
        </testcase>
        <testcase classname="src/__tests__/physics/kinetic-physics.test.ts" name="KineticPhysics &gt; Edge Cases &gt; should handle very large numbers" time="0.000046667">
        </testcase>
        <testcase classname="src/__tests__/physics/kinetic-physics.test.ts" name="KineticPhysics &gt; Edge Cases &gt; should handle very small numbers" time="0.000036166">
        </testcase>
        <testcase classname="src/__tests__/physics/kinetic-physics.test.ts" name="KineticPhysics &gt; Edge Cases &gt; should prevent division by zero" time="0.00003775">
        </testcase>
        <testcase classname="src/__tests__/physics/kinetic-physics.test.ts" name="KineticPhysics &gt; Performance and Integration &gt; should efficiently calculate many velocity values" time="0.000162834">
        </testcase>
        <testcase classname="src/__tests__/physics/kinetic-physics.test.ts" name="KineticPhysics &gt; Performance and Integration &gt; should handle rapid configuration updates efficiently" time="0.000065375">
        </testcase>
        <testcase classname="src/__tests__/physics/kinetic-physics.test.ts" name="KineticPhysics &gt; Performance and Integration &gt; should maintain configuration immutability" time="0.000040083">
        </testcase>
    </testsuite>
    <testsuite name="src/__tests__/physics/spring-physics-basic.test.ts" timestamp="2025-07-02T02:22:06.164Z" hostname="MacBookPro.lan" tests="20" failures="0" errors="0" skipped="0" time="0.0063585">
        <testcase classname="src/__tests__/physics/spring-physics-basic.test.ts" name="SpringPhysics - Basic Tests &gt; Initialization and Configuration &gt; should initialize with default configuration" time="0.00091075">
        </testcase>
        <testcase classname="src/__tests__/physics/spring-physics-basic.test.ts" name="SpringPhysics - Basic Tests &gt; Initialization and Configuration &gt; should accept custom configuration" time="0.000226958">
        </testcase>
        <testcase classname="src/__tests__/physics/spring-physics-basic.test.ts" name="SpringPhysics - Basic Tests &gt; Initialization and Configuration &gt; should update configuration" time="0.000196375">
        </testcase>
        <testcase classname="src/__tests__/physics/spring-physics-basic.test.ts" name="SpringPhysics - Basic Tests &gt; Initialization and Configuration &gt; should get immutable configuration copy" time="0.000066">
        </testcase>
        <testcase classname="src/__tests__/physics/spring-physics-basic.test.ts" name="SpringPhysics - Basic Tests &gt; Static Spring Force Calculations &gt; should calculate spring force from displacement" time="0.000075709">
        </testcase>
        <testcase classname="src/__tests__/physics/spring-physics-basic.test.ts" name="SpringPhysics - Basic Tests &gt; Static Spring Force Calculations &gt; should calculate spring force with negative displacement" time="0.00007175">
        </testcase>
        <testcase classname="src/__tests__/physics/spring-physics-basic.test.ts" name="SpringPhysics - Basic Tests &gt; Static Spring Force Calculations &gt; should handle zero displacement" time="0.000092791">
        </testcase>
        <testcase classname="src/__tests__/physics/spring-physics-basic.test.ts" name="SpringPhysics - Basic Tests &gt; Static Spring Force Calculations &gt; should handle zero spring constant" time="0.0001095">
        </testcase>
        <testcase classname="src/__tests__/physics/spring-physics-basic.test.ts" name="SpringPhysics - Basic Tests &gt; Static Spring Force Calculations &gt; should use default spring constant when not provided" time="0.000186333">
        </testcase>
        <testcase classname="src/__tests__/physics/spring-physics-basic.test.ts" name="SpringPhysics - Basic Tests &gt; Elastic Motion Calculations &gt; should calculate elastic motion from position difference" time="0.000168458">
        </testcase>
        <testcase classname="src/__tests__/physics/spring-physics-basic.test.ts" name="SpringPhysics - Basic Tests &gt; Elastic Motion Calculations &gt; should handle zero displacement" time="0.000083917">
        </testcase>
        <testcase classname="src/__tests__/physics/spring-physics-basic.test.ts" name="SpringPhysics - Basic Tests &gt; Elastic Motion Calculations &gt; should handle negative displacement" time="0.000057667">
        </testcase>
        <testcase classname="src/__tests__/physics/spring-physics-basic.test.ts" name="SpringPhysics - Basic Tests &gt; Elastic Motion Calculations &gt; should calculate duration based on displacement magnitude" time="0.000050292">
        </testcase>
        <testcase classname="src/__tests__/physics/spring-physics-basic.test.ts" name="SpringPhysics - Basic Tests &gt; Elastic Motion Calculations &gt; should respect spring configuration" time="0.00004725">
        </testcase>
        <testcase classname="src/__tests__/physics/spring-physics-basic.test.ts" name="SpringPhysics - Basic Tests &gt; Edge Cases &gt; should handle very small spring constants" time="0.000057208">
        </testcase>
        <testcase classname="src/__tests__/physics/spring-physics-basic.test.ts" name="SpringPhysics - Basic Tests &gt; Edge Cases &gt; should handle very large displacements" time="0.000064375">
        </testcase>
        <testcase classname="src/__tests__/physics/spring-physics-basic.test.ts" name="SpringPhysics - Basic Tests &gt; Edge Cases &gt; should handle negative positions" time="0.00010975">
        </testcase>
        <testcase classname="src/__tests__/physics/spring-physics-basic.test.ts" name="SpringPhysics - Basic Tests &gt; Performance &gt; should efficiently calculate multiple spring forces" time="0.000147667">
        </testcase>
        <testcase classname="src/__tests__/physics/spring-physics-basic.test.ts" name="SpringPhysics - Basic Tests &gt; Performance &gt; should efficiently calculate multiple elastic motions" time="0.000088">
        </testcase>
        <testcase classname="src/__tests__/physics/spring-physics-basic.test.ts" name="SpringPhysics - Basic Tests &gt; Performance &gt; should handle rapid configuration updates efficiently" time="0.000081917">
        </testcase>
    </testsuite>
    <testsuite name="src/__tests__/physics/velocity-tracker.test.ts" timestamp="2025-07-02T02:22:06.165Z" hostname="MacBookPro.lan" tests="27" failures="0" errors="0" skipped="0" time="0.0106585">
        <testcase classname="src/__tests__/physics/velocity-tracker.test.ts" name="VelocityTracker &gt; Initialization and Configuration &gt; should initialize with provided configuration" time="0.000875958">
        </testcase>
        <testcase classname="src/__tests__/physics/velocity-tracker.test.ts" name="VelocityTracker &gt; Initialization and Configuration &gt; should initialize with default configuration when none provided" time="0.000202334">
        </testcase>
        <testcase classname="src/__tests__/physics/velocity-tracker.test.ts" name="VelocityTracker &gt; Initialization and Configuration &gt; should handle partial configuration" time="0.000184709">
        </testcase>
        <testcase classname="src/__tests__/physics/velocity-tracker.test.ts" name="VelocityTracker &gt; Sample Recording &gt; should record position samples correctly" time="0.000599709">
        </testcase>
        <testcase classname="src/__tests__/physics/velocity-tracker.test.ts" name="VelocityTracker &gt; Sample Recording &gt; should respect buffer size limits" time="0.0001415">
        </testcase>
        <testcase classname="src/__tests__/physics/velocity-tracker.test.ts" name="VelocityTracker &gt; Sample Recording &gt; should handle rapid sample recording with throttling" time="0.000155083">
        </testcase>
        <testcase classname="src/__tests__/physics/velocity-tracker.test.ts" name="VelocityTracker &gt; Velocity Calculation &gt; should calculate velocity from multiple samples" time="0.000151083">
        </testcase>
        <testcase classname="src/__tests__/physics/velocity-tracker.test.ts" name="VelocityTracker &gt; Velocity Calculation &gt; should return zero velocity with insufficient samples" time="0.000117542">
        </testcase>
        <testcase classname="src/__tests__/physics/velocity-tracker.test.ts" name="VelocityTracker &gt; Velocity Calculation &gt; should calculate velocity direction correctly" time="0.000249958">
        </testcase>
        <testcase classname="src/__tests__/physics/velocity-tracker.test.ts" name="VelocityTracker &gt; Velocity Calculation &gt; should calculate velocity components correctly" time="0.000093333">
        </testcase>
        <testcase classname="src/__tests__/physics/velocity-tracker.test.ts" name="VelocityTracker &gt; Peak Velocity and Averages &gt; should detect peak velocity correctly" time="0.000068">
        </testcase>
        <testcase classname="src/__tests__/physics/velocity-tracker.test.ts" name="VelocityTracker &gt; Peak Velocity and Averages &gt; should return zero for no samples" time="0.000041458">
        </testcase>
        <testcase classname="src/__tests__/physics/velocity-tracker.test.ts" name="VelocityTracker &gt; Peak Velocity and Averages &gt; should calculate average velocity" time="0.000050334">
        </testcase>
        <testcase classname="src/__tests__/physics/velocity-tracker.test.ts" name="VelocityTracker &gt; State Management &gt; should reset tracker state correctly" time="0.000156917">
        </testcase>
        <testcase classname="src/__tests__/physics/velocity-tracker.test.ts" name="VelocityTracker &gt; State Management &gt; should maintain configuration after reset" time="0.000350917">
        </testcase>
        <testcase classname="src/__tests__/physics/velocity-tracker.test.ts" name="VelocityTracker &gt; State Management &gt; should update configuration correctly" time="0.000068667">
        </testcase>
        <testcase classname="src/__tests__/physics/velocity-tracker.test.ts" name="VelocityTracker &gt; Gesture Recognition &gt; should detect swipe gestures correctly" time="0.000074625">
        </testcase>
        <testcase classname="src/__tests__/physics/velocity-tracker.test.ts" name="VelocityTracker &gt; Gesture Recognition &gt; should reject non-swipe movements" time="0.000039875">
        </testcase>
        <testcase classname="src/__tests__/physics/velocity-tracker.test.ts" name="VelocityTracker &gt; Gesture Recognition &gt; should calculate total distance correctly" time="0.000045292">
        </testcase>
        <testcase classname="src/__tests__/physics/velocity-tracker.test.ts" name="VelocityTracker &gt; Gesture Recognition &gt; should calculate motion duration correctly" time="0.000051708">
        </testcase>
        <testcase classname="src/__tests__/physics/velocity-tracker.test.ts" name="VelocityTracker &gt; Position Prediction &gt; should predict future positions correctly" time="0.000086083">
        </testcase>
        <testcase classname="src/__tests__/physics/velocity-tracker.test.ts" name="VelocityTracker &gt; Position Prediction &gt; should handle prediction with no data" time="0.000049791">
        </testcase>
        <testcase classname="src/__tests__/physics/velocity-tracker.test.ts" name="VelocityTracker &gt; Performance &gt; should efficiently handle large numbers of samples" time="0.002898083">
        </testcase>
        <testcase classname="src/__tests__/physics/velocity-tracker.test.ts" name="VelocityTracker &gt; Performance &gt; should handle invalid inputs gracefully" time="0.000977083">
        </testcase>
        <testcase classname="src/__tests__/physics/velocity-tracker.test.ts" name="VelocityTracker &gt; Static Methods &gt; should calculate velocity between two points" time="0.000219791">
        </testcase>
        <testcase classname="src/__tests__/physics/velocity-tracker.test.ts" name="VelocityTracker &gt; Static Methods &gt; should calculate direction between two points" time="0.000614166">
        </testcase>
        <testcase classname="src/__tests__/physics/velocity-tracker.test.ts" name="VelocityTracker &gt; Static Methods &gt; should handle zero time intervals in static calculation" time="0.00013275">
        </testcase>
    </testsuite>
    <testsuite name="src/__tests__/rendering/renderer.test.ts" timestamp="2025-07-02T02:22:06.168Z" hostname="MacBookPro.lan" tests="13" failures="0" errors="0" skipped="0" time="0.036695292">
        <testcase classname="src/__tests__/rendering/renderer.test.ts" name="SliderRenderer - Unified Implementation Tests &gt; Initialization &gt; should initialize with default configuration" time="0.001482666">
        </testcase>
        <testcase classname="src/__tests__/rendering/renderer.test.ts" name="SliderRenderer - Unified Implementation Tests &gt; Initialization &gt; should handle initialization with custom container" time="0.001181833">
        </testcase>
        <testcase classname="src/__tests__/rendering/renderer.test.ts" name="SliderRenderer - Unified Implementation Tests &gt; Sprite Management &gt; should create sprites from image URLs" time="0.000537833">
        </testcase>
        <testcase classname="src/__tests__/rendering/renderer.test.ts" name="SliderRenderer - Unified Implementation Tests &gt; Sprite Management &gt; should handle multiple sprite creation" time="0.000423292">
        </testcase>
        <testcase classname="src/__tests__/rendering/renderer.test.ts" name="SliderRenderer - Unified Implementation Tests &gt; Animation Methods &gt; should apply transition animations" time="0.018668625">
        </testcase>
        <testcase classname="src/__tests__/rendering/renderer.test.ts" name="SliderRenderer - Unified Implementation Tests &gt; Animation Methods &gt; should apply swipe animations" time="0.003126875">
        </testcase>
        <testcase classname="src/__tests__/rendering/renderer.test.ts" name="SliderRenderer - Unified Implementation Tests &gt; Animation Methods &gt; should handle scale animations" time="0.000463167">
        </testcase>
        <testcase classname="src/__tests__/rendering/renderer.test.ts" name="SliderRenderer - Unified Implementation Tests &gt; Resource Management &gt; should kill all animations" time="0.000348875">
        </testcase>
        <testcase classname="src/__tests__/rendering/renderer.test.ts" name="SliderRenderer - Unified Implementation Tests &gt; Resource Management &gt; should provide performance stats" time="0.000798125">
        </testcase>
        <testcase classname="src/__tests__/rendering/renderer.test.ts" name="SliderRenderer - Unified Implementation Tests &gt; Resource Management &gt; should cleanup resources properly" time="0.000373042">
        </testcase>
        <testcase classname="src/__tests__/rendering/renderer.test.ts" name="SliderRenderer - Unified Implementation Tests &gt; Resource Management &gt; should destroy resources properly" time="0.000310375">
        </testcase>
        <testcase classname="src/__tests__/rendering/renderer.test.ts" name="SliderRenderer - Unified Implementation Tests &gt; Error Handling &gt; should handle initialization errors gracefully" time="0.006860041">
        </testcase>
        <testcase classname="src/__tests__/rendering/renderer.test.ts" name="SliderRenderer - Unified Implementation Tests &gt; Error Handling &gt; should handle missing container gracefully" time="0.00056125">
        </testcase>
    </testsuite>
</testsuites>
estsuites>
